14-May-2017 12:13:26.655 INFOS [main] org.apache.catalina.startup.VersionLoggerListener.log Server version:        Apache Tomcat/9.0.0.M20
14-May-2017 12:13:26.657 INFOS [main] org.apache.catalina.startup.VersionLoggerListener.log Server built:          Apr 12 2017 19:27:10 UTC
14-May-2017 12:13:26.658 INFOS [main] org.apache.catalina.startup.VersionLoggerListener.log Server number:         9.0.0.0
14-May-2017 12:13:26.658 INFOS [main] org.apache.catalina.startup.VersionLoggerListener.log OS Name:               Linux
14-May-2017 12:13:26.658 INFOS [main] org.apache.catalina.startup.VersionLoggerListener.log OS Version:            4.4.0-75-generic
14-May-2017 12:13:26.658 INFOS [main] org.apache.catalina.startup.VersionLoggerListener.log Architecture:          amd64
14-May-2017 12:13:26.658 INFOS [main] org.apache.catalina.startup.VersionLoggerListener.log Java Home:             /usr/lib/jvm/java-8-oracle/jre
14-May-2017 12:13:26.658 INFOS [main] org.apache.catalina.startup.VersionLoggerListener.log JVM Version:           1.8.0_121-b13
14-May-2017 12:13:26.658 INFOS [main] org.apache.catalina.startup.VersionLoggerListener.log JVM Vendor:            Oracle Corporation
14-May-2017 12:13:26.658 INFOS [main] org.apache.catalina.startup.VersionLoggerListener.log CATALINA_BASE:         /home/cedric/workspace/EasyEvent/easy_event_project/server/tomcat-9.0
14-May-2017 12:13:26.658 INFOS [main] org.apache.catalina.startup.VersionLoggerListener.log CATALINA_HOME:         /home/cedric/workspace/EasyEvent/easy_event_project/server/tomcat-9.0
14-May-2017 12:13:26.658 INFOS [main] org.apache.catalina.startup.VersionLoggerListener.log Command line argument: -Djava.util.logging.config.file=/home/cedric/workspace/EasyEvent/easy_event_project/server/tomcat-9.0/conf/logging.properties
14-May-2017 12:13:26.659 INFOS [main] org.apache.catalina.startup.VersionLoggerListener.log Command line argument: -Djava.util.logging.manager=org.apache.juli.ClassLoaderLogManager
14-May-2017 12:13:26.659 INFOS [main] org.apache.catalina.startup.VersionLoggerListener.log Command line argument: -Djdk.tls.ephemeralDHKeySize=2048
14-May-2017 12:13:26.659 INFOS [main] org.apache.catalina.startup.VersionLoggerListener.log Command line argument: -Djava.protocol.handler.pkgs=org.apache.catalina.webresources
14-May-2017 12:13:26.659 INFOS [main] org.apache.catalina.startup.VersionLoggerListener.log Command line argument: -Dcatalina.base=/home/cedric/workspace/EasyEvent/easy_event_project/server/tomcat-9.0
14-May-2017 12:13:26.659 INFOS [main] org.apache.catalina.startup.VersionLoggerListener.log Command line argument: -Dcatalina.home=/home/cedric/workspace/EasyEvent/easy_event_project/server/tomcat-9.0
14-May-2017 12:13:26.659 INFOS [main] org.apache.catalina.startup.VersionLoggerListener.log Command line argument: -Djava.io.tmpdir=/home/cedric/workspace/EasyEvent/easy_event_project/server/tomcat-9.0/temp
14-May-2017 12:13:26.659 INFOS [main] org.apache.catalina.core.AprLifecycleListener.lifecycleEvent The APR based Apache Tomcat Native library which allows optimal performance in production environments was not found on the java.library.path: [/usr/java/packages/lib/amd64:/usr/lib64:/lib64:/lib:/usr/lib]
14-May-2017 12:13:26.772 INFOS [main] org.apache.coyote.AbstractProtocol.init Initializing ProtocolHandler ["http-nio-8080"]
14-May-2017 12:13:26.789 INFOS [main] org.apache.tomcat.util.net.NioSelectorPool.getSharedSelector Using a shared selector for servlet write/read
14-May-2017 12:13:26.792 INFOS [main] org.apache.coyote.AbstractProtocol.init Initializing ProtocolHandler ["ajp-nio-8009"]
14-May-2017 12:13:26.793 INFOS [main] org.apache.tomcat.util.net.NioSelectorPool.getSharedSelector Using a shared selector for servlet write/read
14-May-2017 12:13:26.793 INFOS [main] org.apache.catalina.startup.Catalina.load Initialization processed in 487 ms
14-May-2017 12:13:26.818 INFOS [main] org.apache.catalina.core.StandardService.startInternal Démarrage du service [Catalina]
14-May-2017 12:13:26.818 INFOS [main] org.apache.catalina.core.StandardEngine.startInternal Starting Servlet Engine: Apache Tomcat/9.0.0.M20
14-May-2017 12:13:26.824 INFOS [main] org.apache.catalina.startup.HostConfig.deployDirectory Déploiement du répertoire [/home/cedric/workspace/EasyEvent/easy_event_project/server/tomcat-9.0/webapps/manager] de l'application web
14-May-2017 12:13:27.087 INFOS [main] org.apache.catalina.startup.HostConfig.deployDirectory Deployment of web application directory [/home/cedric/workspace/EasyEvent/easy_event_project/server/tomcat-9.0/webapps/manager] has finished in [262] ms
14-May-2017 12:13:27.087 INFOS [main] org.apache.catalina.startup.HostConfig.deployDirectory Déploiement du répertoire [/home/cedric/workspace/EasyEvent/easy_event_project/server/tomcat-9.0/webapps/ROOT] de l'application web
14-May-2017 12:13:27.099 INFOS [main] org.apache.catalina.startup.HostConfig.deployDirectory Deployment of web application directory [/home/cedric/workspace/EasyEvent/easy_event_project/server/tomcat-9.0/webapps/ROOT] has finished in [11] ms
14-May-2017 12:13:27.099 INFOS [main] org.apache.catalina.startup.HostConfig.deployDirectory Déploiement du répertoire [/home/cedric/workspace/EasyEvent/easy_event_project/server/tomcat-9.0/webapps/examples] de l'application web
14-May-2017 12:13:27.279 INFOS [main] org.apache.catalina.startup.HostConfig.deployDirectory Deployment of web application directory [/home/cedric/workspace/EasyEvent/easy_event_project/server/tomcat-9.0/webapps/examples] has finished in [180] ms
14-May-2017 12:13:27.279 INFOS [main] org.apache.catalina.startup.HostConfig.deployDirectory Déploiement du répertoire [/home/cedric/workspace/EasyEvent/easy_event_project/server/tomcat-9.0/webapps/docs] de l'application web
14-May-2017 12:13:27.288 INFOS [main] org.apache.catalina.startup.HostConfig.deployDirectory Deployment of web application directory [/home/cedric/workspace/EasyEvent/easy_event_project/server/tomcat-9.0/webapps/docs] has finished in [8] ms
14-May-2017 12:13:27.288 INFOS [main] org.apache.catalina.startup.HostConfig.deployDirectory Déploiement du répertoire [/home/cedric/workspace/EasyEvent/easy_event_project/server/tomcat-9.0/webapps/host-manager] de l'application web
14-May-2017 12:13:27.298 INFOS [main] org.apache.catalina.startup.HostConfig.deployDirectory Deployment of web application directory [/home/cedric/workspace/EasyEvent/easy_event_project/server/tomcat-9.0/webapps/host-manager] has finished in [10] ms
14-May-2017 12:13:27.301 INFOS [main] org.apache.coyote.AbstractProtocol.start Starting ProtocolHandler ["http-nio-8080"]
14-May-2017 12:13:27.310 INFOS [main] org.apache.coyote.AbstractProtocol.start Starting ProtocolHandler ["ajp-nio-8009"]
14-May-2017 12:13:27.311 INFOS [main] org.apache.catalina.startup.Catalina.start Server startup in 517 ms
14-May-2017 12:21:35.118 INFOS [main] org.apache.catalina.core.StandardServer.await A valid shutdown command was received via the shutdown port. Stopping the Server instance.
14-May-2017 12:21:35.118 INFOS [main] org.apache.coyote.AbstractProtocol.pause Pausing ProtocolHandler ["http-nio-8080"]
14-May-2017 12:21:35.172 INFOS [main] org.apache.coyote.AbstractProtocol.pause Pausing ProtocolHandler ["ajp-nio-8009"]
14-May-2017 12:21:35.223 INFOS [main] org.apache.catalina.core.StandardService.stopInternal Arrêt du service [Catalina]
14-May-2017 12:21:35.242 INFOS [main] org.apache.coyote.AbstractProtocol.stop Stopping ProtocolHandler ["http-nio-8080"]
14-May-2017 12:21:35.243 INFOS [main] org.apache.coyote.AbstractProtocol.stop Stopping ProtocolHandler ["ajp-nio-8009"]
14-May-2017 12:21:35.244 INFOS [main] org.apache.coyote.AbstractProtocol.destroy Destroying ProtocolHandler ["http-nio-8080"]
14-May-2017 12:21:35.245 INFOS [main] org.apache.coyote.AbstractProtocol.destroy Destroying ProtocolHandler ["ajp-nio-8009"]
14-May-2017 12:21:54.221 INFOS [main] org.apache.catalina.startup.VersionLoggerListener.log Server version:        Apache Tomcat/9.0.0.M20
14-May-2017 12:21:54.223 INFOS [main] org.apache.catalina.startup.VersionLoggerListener.log Server built:          Apr 12 2017 19:27:10 UTC
14-May-2017 12:21:54.224 INFOS [main] org.apache.catalina.startup.VersionLoggerListener.log Server number:         9.0.0.0
14-May-2017 12:21:54.224 INFOS [main] org.apache.catalina.startup.VersionLoggerListener.log OS Name:               Linux
14-May-2017 12:21:54.224 INFOS [main] org.apache.catalina.startup.VersionLoggerListener.log OS Version:            4.4.0-75-generic
14-May-2017 12:21:54.224 INFOS [main] org.apache.catalina.startup.VersionLoggerListener.log Architecture:          amd64
14-May-2017 12:21:54.224 INFOS [main] org.apache.catalina.startup.VersionLoggerListener.log Java Home:             /usr/lib/jvm/java-8-oracle/jre
14-May-2017 12:21:54.224 INFOS [main] org.apache.catalina.startup.VersionLoggerListener.log JVM Version:           1.8.0_121-b13
14-May-2017 12:21:54.224 INFOS [main] org.apache.catalina.startup.VersionLoggerListener.log JVM Vendor:            Oracle Corporation
14-May-2017 12:21:54.224 INFOS [main] org.apache.catalina.startup.VersionLoggerListener.log CATALINA_BASE:         /home/cedric/workspace/EasyEvent/easy_event_project/server/tomcat-9.0
14-May-2017 12:21:54.224 INFOS [main] org.apache.catalina.startup.VersionLoggerListener.log CATALINA_HOME:         /home/cedric/workspace/EasyEvent/easy_event_project/server/tomcat-9.0
14-May-2017 12:21:54.224 INFOS [main] org.apache.catalina.startup.VersionLoggerListener.log Command line argument: -Djava.util.logging.config.file=/home/cedric/workspace/EasyEvent/easy_event_project/server/tomcat-9.0/conf/logging.properties
14-May-2017 12:21:54.225 INFOS [main] org.apache.catalina.startup.VersionLoggerListener.log Command line argument: -Djava.util.logging.manager=org.apache.juli.ClassLoaderLogManager
14-May-2017 12:21:54.225 INFOS [main] org.apache.catalina.startup.VersionLoggerListener.log Command line argument: -Djdk.tls.ephemeralDHKeySize=2048
14-May-2017 12:21:54.225 INFOS [main] org.apache.catalina.startup.VersionLoggerListener.log Command line argument: -Djava.protocol.handler.pkgs=org.apache.catalina.webresources
14-May-2017 12:21:54.225 INFOS [main] org.apache.catalina.startup.VersionLoggerListener.log Command line argument: -Dcatalina.base=/home/cedric/workspace/EasyEvent/easy_event_project/server/tomcat-9.0
14-May-2017 12:21:54.225 INFOS [main] org.apache.catalina.startup.VersionLoggerListener.log Command line argument: -Dcatalina.home=/home/cedric/workspace/EasyEvent/easy_event_project/server/tomcat-9.0
14-May-2017 12:21:54.225 INFOS [main] org.apache.catalina.startup.VersionLoggerListener.log Command line argument: -Djava.io.tmpdir=/home/cedric/workspace/EasyEvent/easy_event_project/server/tomcat-9.0/temp
14-May-2017 12:21:54.225 INFOS [main] org.apache.catalina.core.AprLifecycleListener.lifecycleEvent The APR based Apache Tomcat Native library which allows optimal performance in production environments was not found on the java.library.path: [/usr/java/packages/lib/amd64:/usr/lib64:/lib64:/lib:/usr/lib]
14-May-2017 12:21:54.337 INFOS [main] org.apache.coyote.AbstractProtocol.init Initializing ProtocolHandler ["http-nio-8080"]
14-May-2017 12:21:54.351 INFOS [main] org.apache.tomcat.util.net.NioSelectorPool.getSharedSelector Using a shared selector for servlet write/read
14-May-2017 12:21:54.353 INFOS [main] org.apache.coyote.AbstractProtocol.init Initializing ProtocolHandler ["ajp-nio-8009"]
14-May-2017 12:21:54.354 INFOS [main] org.apache.tomcat.util.net.NioSelectorPool.getSharedSelector Using a shared selector for servlet write/read
14-May-2017 12:21:54.355 INFOS [main] org.apache.catalina.startup.Catalina.load Initialization processed in 484 ms
14-May-2017 12:21:54.379 INFOS [main] org.apache.catalina.core.StandardService.startInternal Démarrage du service [Catalina]
14-May-2017 12:21:54.380 INFOS [main] org.apache.catalina.core.StandardEngine.startInternal Starting Servlet Engine: Apache Tomcat/9.0.0.M20
14-May-2017 12:21:54.386 INFOS [main] org.apache.catalina.startup.HostConfig.deployDirectory Déploiement du répertoire [/home/cedric/workspace/EasyEvent/easy_event_project/server/tomcat-9.0/webapps/manager] de l'application web
14-May-2017 12:21:54.643 INFOS [main] org.apache.catalina.startup.HostConfig.deployDirectory Deployment of web application directory [/home/cedric/workspace/EasyEvent/easy_event_project/server/tomcat-9.0/webapps/manager] has finished in [255] ms
14-May-2017 12:21:54.643 INFOS [main] org.apache.catalina.startup.HostConfig.deployDirectory Déploiement du répertoire [/home/cedric/workspace/EasyEvent/easy_event_project/server/tomcat-9.0/webapps/ROOT] de l'application web
14-May-2017 12:21:54.655 INFOS [main] org.apache.catalina.startup.HostConfig.deployDirectory Deployment of web application directory [/home/cedric/workspace/EasyEvent/easy_event_project/server/tomcat-9.0/webapps/ROOT] has finished in [12] ms
14-May-2017 12:21:54.655 INFOS [main] org.apache.catalina.startup.HostConfig.deployDirectory Déploiement du répertoire [/home/cedric/workspace/EasyEvent/easy_event_project/server/tomcat-9.0/webapps/examples] de l'application web
14-May-2017 12:21:54.869 INFOS [main] org.apache.catalina.startup.HostConfig.deployDirectory Deployment of web application directory [/home/cedric/workspace/EasyEvent/easy_event_project/server/tomcat-9.0/webapps/examples] has finished in [213] ms
14-May-2017 12:21:54.869 INFOS [main] org.apache.catalina.startup.HostConfig.deployDirectory Déploiement du répertoire [/home/cedric/workspace/EasyEvent/easy_event_project/server/tomcat-9.0/webapps/docs] de l'application web
14-May-2017 12:21:54.878 INFOS [main] org.apache.catalina.startup.HostConfig.deployDirectory Deployment of web application directory [/home/cedric/workspace/EasyEvent/easy_event_project/server/tomcat-9.0/webapps/docs] has finished in [9] ms
14-May-2017 12:21:54.879 INFOS [main] org.apache.catalina.startup.HostConfig.deployDirectory Déploiement du répertoire [/home/cedric/workspace/EasyEvent/easy_event_project/server/tomcat-9.0/webapps/host-manager] de l'application web
14-May-2017 12:21:54.890 INFOS [main] org.apache.catalina.startup.HostConfig.deployDirectory Deployment of web application directory [/home/cedric/workspace/EasyEvent/easy_event_project/server/tomcat-9.0/webapps/host-manager] has finished in [12] ms
14-May-2017 12:21:54.893 INFOS [main] org.apache.coyote.AbstractProtocol.start Starting ProtocolHandler ["http-nio-8080"]
14-May-2017 12:21:54.901 INFOS [main] org.apache.coyote.AbstractProtocol.start Starting ProtocolHandler ["ajp-nio-8009"]
14-May-2017 12:21:54.903 INFOS [main] org.apache.catalina.startup.Catalina.start Server startup in 547 ms
14-May-2017 12:23:02.338 INFOS [main] org.apache.catalina.core.StandardServer.await A valid shutdown command was received via the shutdown port. Stopping the Server instance.
14-May-2017 12:23:02.339 INFOS [main] org.apache.coyote.AbstractProtocol.pause Pausing ProtocolHandler ["http-nio-8080"]
14-May-2017 12:23:02.392 INFOS [main] org.apache.coyote.AbstractProtocol.pause Pausing ProtocolHandler ["ajp-nio-8009"]
14-May-2017 12:23:02.443 INFOS [main] org.apache.catalina.core.StandardService.stopInternal Arrêt du service [Catalina]
14-May-2017 12:23:02.465 INFOS [main] org.apache.coyote.AbstractProtocol.stop Stopping ProtocolHandler ["http-nio-8080"]
14-May-2017 12:23:02.467 INFOS [main] org.apache.coyote.AbstractProtocol.stop Stopping ProtocolHandler ["ajp-nio-8009"]
14-May-2017 12:23:02.468 INFOS [main] org.apache.coyote.AbstractProtocol.destroy Destroying ProtocolHandler ["http-nio-8080"]
14-May-2017 12:23:02.469 INFOS [main] org.apache.coyote.AbstractProtocol.destroy Destroying ProtocolHandler ["ajp-nio-8009"]
14-May-2017 12:23:04.258 INFOS [main] org.apache.catalina.startup.VersionLoggerListener.log Server version:        Apache Tomcat/9.0.0.M20
14-May-2017 12:23:04.260 INFOS [main] org.apache.catalina.startup.VersionLoggerListener.log Server built:          Apr 12 2017 19:27:10 UTC
14-May-2017 12:23:04.260 INFOS [main] org.apache.catalina.startup.VersionLoggerListener.log Server number:         9.0.0.0
14-May-2017 12:23:04.260 INFOS [main] org.apache.catalina.startup.VersionLoggerListener.log OS Name:               Linux
14-May-2017 12:23:04.261 INFOS [main] org.apache.catalina.startup.VersionLoggerListener.log OS Version:            4.4.0-75-generic
14-May-2017 12:23:04.261 INFOS [main] org.apache.catalina.startup.VersionLoggerListener.log Architecture:          amd64
14-May-2017 12:23:04.261 INFOS [main] org.apache.catalina.startup.VersionLoggerListener.log Java Home:             /usr/lib/jvm/java-8-oracle/jre
14-May-2017 12:23:04.261 INFOS [main] org.apache.catalina.startup.VersionLoggerListener.log JVM Version:           1.8.0_121-b13
14-May-2017 12:23:04.261 INFOS [main] org.apache.catalina.startup.VersionLoggerListener.log JVM Vendor:            Oracle Corporation
14-May-2017 12:23:04.261 INFOS [main] org.apache.catalina.startup.VersionLoggerListener.log CATALINA_BASE:         /home/cedric/workspace/EasyEvent/easy_event_project/server/tomcat-9.0
14-May-2017 12:23:04.261 INFOS [main] org.apache.catalina.startup.VersionLoggerListener.log CATALINA_HOME:         /home/cedric/workspace/EasyEvent/easy_event_project/server/tomcat-9.0
14-May-2017 12:23:04.261 INFOS [main] org.apache.catalina.startup.VersionLoggerListener.log Command line argument: -Djava.util.logging.config.file=/home/cedric/workspace/EasyEvent/easy_event_project/server/tomcat-9.0/conf/logging.properties
14-May-2017 12:23:04.261 INFOS [main] org.apache.catalina.startup.VersionLoggerListener.log Command line argument: -Djava.util.logging.manager=org.apache.juli.ClassLoaderLogManager
14-May-2017 12:23:04.262 INFOS [main] org.apache.catalina.startup.VersionLoggerListener.log Command line argument: -Djdk.tls.ephemeralDHKeySize=2048
14-May-2017 12:23:04.262 INFOS [main] org.apache.catalina.startup.VersionLoggerListener.log Command line argument: -Djava.protocol.handler.pkgs=org.apache.catalina.webresources
14-May-2017 12:23:04.262 INFOS [main] org.apache.catalina.startup.VersionLoggerListener.log Command line argument: -Dcatalina.base=/home/cedric/workspace/EasyEvent/easy_event_project/server/tomcat-9.0
14-May-2017 12:23:04.262 INFOS [main] org.apache.catalina.startup.VersionLoggerListener.log Command line argument: -Dcatalina.home=/home/cedric/workspace/EasyEvent/easy_event_project/server/tomcat-9.0
14-May-2017 12:23:04.262 INFOS [main] org.apache.catalina.startup.VersionLoggerListener.log Command line argument: -Djava.io.tmpdir=/home/cedric/workspace/EasyEvent/easy_event_project/server/tomcat-9.0/temp
14-May-2017 12:23:04.262 INFOS [main] org.apache.catalina.core.AprLifecycleListener.lifecycleEvent The APR based Apache Tomcat Native library which allows optimal performance in production environments was not found on the java.library.path: [/usr/java/packages/lib/amd64:/usr/lib64:/lib64:/lib:/usr/lib]
14-May-2017 12:23:04.366 INFOS [main] org.apache.coyote.AbstractProtocol.init Initializing ProtocolHandler ["http-nio-8080"]
14-May-2017 12:23:04.381 INFOS [main] org.apache.tomcat.util.net.NioSelectorPool.getSharedSelector Using a shared selector for servlet write/read
14-May-2017 12:23:04.383 INFOS [main] org.apache.coyote.AbstractProtocol.init Initializing ProtocolHandler ["ajp-nio-8009"]
14-May-2017 12:23:04.384 INFOS [main] org.apache.tomcat.util.net.NioSelectorPool.getSharedSelector Using a shared selector for servlet write/read
14-May-2017 12:23:04.385 INFOS [main] org.apache.catalina.startup.Catalina.load Initialization processed in 458 ms
14-May-2017 12:23:04.412 INFOS [main] org.apache.catalina.core.StandardService.startInternal Démarrage du service [Catalina]
14-May-2017 12:23:04.412 INFOS [main] org.apache.catalina.core.StandardEngine.startInternal Starting Servlet Engine: Apache Tomcat/9.0.0.M20
14-May-2017 12:23:04.420 INFOS [main] org.apache.catalina.startup.HostConfig.deployDirectory Déploiement du répertoire [/home/cedric/workspace/EasyEvent/easy_event_project/server/tomcat-9.0/webapps/manager] de l'application web
14-May-2017 12:23:04.717 INFOS [main] org.apache.catalina.startup.HostConfig.deployDirectory Deployment of web application directory [/home/cedric/workspace/EasyEvent/easy_event_project/server/tomcat-9.0/webapps/manager] has finished in [296] ms
14-May-2017 12:23:04.718 INFOS [main] org.apache.catalina.startup.HostConfig.deployDirectory Déploiement du répertoire [/home/cedric/workspace/EasyEvent/easy_event_project/server/tomcat-9.0/webapps/ROOT] de l'application web
14-May-2017 12:23:04.731 INFOS [main] org.apache.catalina.startup.HostConfig.deployDirectory Deployment of web application directory [/home/cedric/workspace/EasyEvent/easy_event_project/server/tomcat-9.0/webapps/ROOT] has finished in [12] ms
14-May-2017 12:23:04.731 INFOS [main] org.apache.catalina.startup.HostConfig.deployDirectory Déploiement du répertoire [/home/cedric/workspace/EasyEvent/easy_event_project/server/tomcat-9.0/webapps/examples] de l'application web
14-May-2017 12:23:04.956 INFOS [main] org.apache.catalina.startup.HostConfig.deployDirectory Deployment of web application directory [/home/cedric/workspace/EasyEvent/easy_event_project/server/tomcat-9.0/webapps/examples] has finished in [224] ms
14-May-2017 12:23:04.956 INFOS [main] org.apache.catalina.startup.HostConfig.deployDirectory Déploiement du répertoire [/home/cedric/workspace/EasyEvent/easy_event_project/server/tomcat-9.0/webapps/docs] de l'application web
14-May-2017 12:23:04.968 INFOS [main] org.apache.catalina.startup.HostConfig.deployDirectory Deployment of web application directory [/home/cedric/workspace/EasyEvent/easy_event_project/server/tomcat-9.0/webapps/docs] has finished in [12] ms
14-May-2017 12:23:04.969 INFOS [main] org.apache.catalina.startup.HostConfig.deployDirectory Déploiement du répertoire [/home/cedric/workspace/EasyEvent/easy_event_project/server/tomcat-9.0/webapps/host-manager] de l'application web
14-May-2017 12:23:04.980 INFOS [main] org.apache.catalina.startup.HostConfig.deployDirectory Deployment of web application directory [/home/cedric/workspace/EasyEvent/easy_event_project/server/tomcat-9.0/webapps/host-manager] has finished in [11] ms
14-May-2017 12:23:04.982 INFOS [main] org.apache.coyote.AbstractProtocol.start Starting ProtocolHandler ["http-nio-8080"]
14-May-2017 12:23:04.989 INFOS [main] org.apache.coyote.AbstractProtocol.start Starting ProtocolHandler ["ajp-nio-8009"]
14-May-2017 12:23:04.991 INFOS [main] org.apache.catalina.startup.Catalina.start Server startup in 606 ms
14-May-2017 12:26:05.003 INFOS [ContainerBackgroundProcessor[StandardEngine[Catalina]]] org.apache.catalina.startup.HostConfig.deployDirectory Déploiement du répertoire [/home/cedric/workspace/EasyEvent/easy_event_project/server/tomcat-9.0/webapps/target] de l'application web
14-May-2017 12:26:05.022 INFOS [ContainerBackgroundProcessor[StandardEngine[Catalina]]] org.apache.catalina.startup.HostConfig.deployDirectory Deployment of web application directory [/home/cedric/workspace/EasyEvent/easy_event_project/server/tomcat-9.0/webapps/target] has finished in [19] ms
14-May-2017 12:27:15.030 INFOS [ContainerBackgroundProcessor[StandardEngine[Catalina]]] org.apache.catalina.startup.HostConfig.deployWAR Déploiement de l'archive [/home/cedric/workspace/EasyEvent/easy_event_project/server/tomcat-9.0/webapps/easyevent-rest-server.war] de l'application web
14-May-2017 12:27:15.609 INFOS [ContainerBackgroundProcessor[StandardEngine[Catalina]]] org.apache.jasper.servlet.TldScanner.scanJars At least one JAR was scanned for TLDs yet contained no TLDs. Enable debug logging for this logger for a complete list of JARs that were scanned but no TLDs were found in them. Skipping unneeded JARs during scanning can improve startup time and JSP compilation time.
14-May-2017 12:27:15.665 INFOS [ContainerBackgroundProcessor[StandardEngine[Catalina]]] org.springframework.web.context.ContextLoader.initWebApplicationContext Root WebApplicationContext: initialization started
14-May-2017 12:27:15.720 INFOS [ContainerBackgroundProcessor[StandardEngine[Catalina]]] org.springframework.web.context.support.AnnotationConfigWebApplicationContext.prepareRefresh Refreshing Root WebApplicationContext: startup date [Sun May 14 12:27:15 CEST 2017]; root of context hierarchy
14-May-2017 12:27:15.766 INFOS [ContainerBackgroundProcessor[StandardEngine[Catalina]]] org.springframework.web.context.support.AnnotationConfigWebApplicationContext.loadBeanDefinitions Registering annotated classes: [class com.cevex.easyevent.springmvc.configuration.EasyEventConfiguration]
14-May-2017 12:27:16.659 INFOS [ContainerBackgroundProcessor[StandardEngine[Catalina]]] org.springframework.web.servlet.mvc.method.annotation.RequestMappingHandlerAdapter.initControllerAdviceCache Looking for @ControllerAdvice: Root WebApplicationContext: startup date [Sun May 14 12:27:15 CEST 2017]; root of context hierarchy
14-May-2017 12:27:16.717 INFOS [ContainerBackgroundProcessor[StandardEngine[Catalina]]] org.springframework.web.servlet.mvc.method.annotation.RequestMappingHandlerMapping.register Mapped "{[/]}" onto public java.lang.String com.cevex.easyevent.springmvc.controller.WelcomeController.welcome()
14-May-2017 12:27:16.718 INFOS [ContainerBackgroundProcessor[StandardEngine[Catalina]]] org.springframework.web.servlet.mvc.method.annotation.RequestMappingHandlerMapping.register Mapped "{[/welcome/{buddy}]}" onto public com.cevex.easyevent.springmvc.model.Message com.cevex.easyevent.springmvc.controller.WelcomeController.message(java.lang.String)
14-May-2017 12:27:16.788 INFOS [ContainerBackgroundProcessor[StandardEngine[Catalina]]] org.springframework.web.context.ContextLoader.initWebApplicationContext Root WebApplicationContext: initialization completed in 1123 ms
14-May-2017 12:27:16.791 INFOS [ContainerBackgroundProcessor[StandardEngine[Catalina]]] org.springframework.web.servlet.DispatcherServlet.initServletBean FrameworkServlet 'dispatcher': initialization started
14-May-2017 12:27:16.794 INFOS [ContainerBackgroundProcessor[StandardEngine[Catalina]]] org.springframework.web.context.support.AnnotationConfigWebApplicationContext.prepareRefresh Refreshing WebApplicationContext for namespace 'dispatcher-servlet': startup date [Sun May 14 12:27:16 CEST 2017]; parent: Root WebApplicationContext
14-May-2017 12:27:16.826 INFOS [ContainerBackgroundProcessor[StandardEngine[Catalina]]] org.springframework.web.servlet.DispatcherServlet.initServletBean FrameworkServlet 'dispatcher': initialization completed in 35 ms
14-May-2017 12:27:16.827 INFOS [ContainerBackgroundProcessor[StandardEngine[Catalina]]] org.apache.catalina.startup.HostConfig.deployWAR Deployment of web application archive [/home/cedric/workspace/EasyEvent/easy_event_project/server/tomcat-9.0/webapps/easyevent-rest-server.war] has finished in [1 797] ms
14-May-2017 12:33:56.867 INFOS [ContainerBackgroundProcessor[StandardEngine[Catalina]]] org.apache.catalina.startup.HostConfig.undeploy Repli (undeploy) de l'application web ayant pour chemin de contexte [/easyevent-rest-server]
14-May-2017 12:33:56.868 INFOS [ContainerBackgroundProcessor[StandardEngine[Catalina]]] org.springframework.web.context.support.AnnotationConfigWebApplicationContext.doClose Closing WebApplicationContext for namespace 'dispatcher-servlet': startup date [Sun May 14 12:27:16 CEST 2017]; parent: Root WebApplicationContext
14-May-2017 12:33:56.869 INFOS [ContainerBackgroundProcessor[StandardEngine[Catalina]]] org.springframework.web.context.support.AnnotationConfigWebApplicationContext.doClose Closing Root WebApplicationContext: startup date [Sun May 14 12:27:15 CEST 2017]; root of context hierarchy
14-May-2017 12:33:56.884 INFOS [ContainerBackgroundProcessor[StandardEngine[Catalina]]] org.apache.catalina.startup.HostConfig.deployWAR Déploiement de l'archive [/home/cedric/workspace/EasyEvent/easy_event_project/server/tomcat-9.0/webapps/easyevent-rest-server.war] de l'application web
14-May-2017 12:33:57.369 INFOS [ContainerBackgroundProcessor[StandardEngine[Catalina]]] org.apache.jasper.servlet.TldScanner.scanJars At least one JAR was scanned for TLDs yet contained no TLDs. Enable debug logging for this logger for a complete list of JARs that were scanned but no TLDs were found in them. Skipping unneeded JARs during scanning can improve startup time and JSP compilation time.
14-May-2017 12:33:57.425 INFOS [ContainerBackgroundProcessor[StandardEngine[Catalina]]] org.springframework.web.context.ContextLoader.initWebApplicationContext Root WebApplicationContext: initialization started
14-May-2017 12:33:57.479 INFOS [ContainerBackgroundProcessor[StandardEngine[Catalina]]] org.springframework.web.context.support.AnnotationConfigWebApplicationContext.prepareRefresh Refreshing Root WebApplicationContext: startup date [Sun May 14 12:33:57 CEST 2017]; root of context hierarchy
14-May-2017 12:33:57.523 INFOS [ContainerBackgroundProcessor[StandardEngine[Catalina]]] org.springframework.web.context.support.AnnotationConfigWebApplicationContext.loadBeanDefinitions Registering annotated classes: [class com.cevex.easyevent.springmvc.configuration.EasyEventConfiguration]
14-May-2017 12:33:58.317 INFOS [ContainerBackgroundProcessor[StandardEngine[Catalina]]] org.springframework.web.servlet.mvc.method.annotation.RequestMappingHandlerAdapter.initControllerAdviceCache Looking for @ControllerAdvice: Root WebApplicationContext: startup date [Sun May 14 12:33:57 CEST 2017]; root of context hierarchy
14-May-2017 12:33:58.370 INFOS [ContainerBackgroundProcessor[StandardEngine[Catalina]]] org.springframework.web.servlet.mvc.method.annotation.RequestMappingHandlerMapping.register Mapped "{[/]}" onto public java.lang.String com.cevex.easyevent.springmvc.controller.WelcomeController.welcome()
14-May-2017 12:33:58.371 INFOS [ContainerBackgroundProcessor[StandardEngine[Catalina]]] org.springframework.web.servlet.mvc.method.annotation.RequestMappingHandlerMapping.register Mapped "{[/welcome/{buddy}]}" onto public com.cevex.easyevent.springmvc.model.Message com.cevex.easyevent.springmvc.controller.WelcomeController.message(java.lang.String)
14-May-2017 12:33:58.424 INFOS [ContainerBackgroundProcessor[StandardEngine[Catalina]]] org.springframework.web.context.ContextLoader.initWebApplicationContext Root WebApplicationContext: initialization completed in 998 ms
14-May-2017 12:33:58.428 INFOS [ContainerBackgroundProcessor[StandardEngine[Catalina]]] org.springframework.web.servlet.DispatcherServlet.initServletBean FrameworkServlet 'dispatcher': initialization started
14-May-2017 12:33:58.431 INFOS [ContainerBackgroundProcessor[StandardEngine[Catalina]]] org.springframework.web.context.support.AnnotationConfigWebApplicationContext.prepareRefresh Refreshing WebApplicationContext for namespace 'dispatcher-servlet': startup date [Sun May 14 12:33:58 CEST 2017]; parent: Root WebApplicationContext
14-May-2017 12:33:58.461 INFOS [ContainerBackgroundProcessor[StandardEngine[Catalina]]] org.springframework.web.servlet.DispatcherServlet.initServletBean FrameworkServlet 'dispatcher': initialization completed in 33 ms
14-May-2017 12:33:58.463 INFOS [ContainerBackgroundProcessor[StandardEngine[Catalina]]] org.apache.catalina.startup.HostConfig.deployWAR Deployment of web application archive [/home/cedric/workspace/EasyEvent/easy_event_project/server/tomcat-9.0/webapps/easyevent-rest-server.war] has finished in [1 578] ms
14-May-2017 12:35:38.478 INFOS [ContainerBackgroundProcessor[StandardEngine[Catalina]]] org.apache.catalina.startup.HostConfig.undeploy Repli (undeploy) de l'application web ayant pour chemin de contexte [/easyevent-rest-server]
14-May-2017 12:35:38.479 INFOS [ContainerBackgroundProcessor[StandardEngine[Catalina]]] org.springframework.web.context.support.AnnotationConfigWebApplicationContext.doClose Closing WebApplicationContext for namespace 'dispatcher-servlet': startup date [Sun May 14 12:33:58 CEST 2017]; parent: Root WebApplicationContext
14-May-2017 12:35:38.479 INFOS [ContainerBackgroundProcessor[StandardEngine[Catalina]]] org.springframework.web.context.support.AnnotationConfigWebApplicationContext.doClose Closing Root WebApplicationContext: startup date [Sun May 14 12:33:57 CEST 2017]; root of context hierarchy
14-May-2017 12:35:38.488 INFOS [ContainerBackgroundProcessor[StandardEngine[Catalina]]] org.apache.catalina.startup.HostConfig.deployWAR Déploiement de l'archive [/home/cedric/workspace/EasyEvent/easy_event_project/server/tomcat-9.0/webapps/easyevent-rest-server.war] de l'application web
14-May-2017 12:35:38.820 INFOS [ContainerBackgroundProcessor[StandardEngine[Catalina]]] org.apache.jasper.servlet.TldScanner.scanJars At least one JAR was scanned for TLDs yet contained no TLDs. Enable debug logging for this logger for a complete list of JARs that were scanned but no TLDs were found in them. Skipping unneeded JARs during scanning can improve startup time and JSP compilation time.
14-May-2017 12:35:38.865 INFOS [ContainerBackgroundProcessor[StandardEngine[Catalina]]] org.springframework.web.context.ContextLoader.initWebApplicationContext Root WebApplicationContext: initialization started
14-May-2017 12:35:38.908 INFOS [ContainerBackgroundProcessor[StandardEngine[Catalina]]] org.springframework.web.context.support.AnnotationConfigWebApplicationContext.prepareRefresh Refreshing Root WebApplicationContext: startup date [Sun May 14 12:35:38 CEST 2017]; root of context hierarchy
14-May-2017 12:35:38.948 INFOS [ContainerBackgroundProcessor[StandardEngine[Catalina]]] org.springframework.web.context.support.AnnotationConfigWebApplicationContext.loadBeanDefinitions Registering annotated classes: [class com.cevex.easyevent.springmvc.configuration.EasyEventConfiguration]
14-May-2017 12:35:39.470 INFOS [ContainerBackgroundProcessor[StandardEngine[Catalina]]] org.springframework.web.servlet.mvc.method.annotation.RequestMappingHandlerAdapter.initControllerAdviceCache Looking for @ControllerAdvice: Root WebApplicationContext: startup date [Sun May 14 12:35:38 CEST 2017]; root of context hierarchy
14-May-2017 12:35:39.517 INFOS [ContainerBackgroundProcessor[StandardEngine[Catalina]]] org.springframework.web.servlet.mvc.method.annotation.RequestMappingHandlerMapping.register Mapped "{[/]}" onto public java.lang.String com.cevex.easyevent.springmvc.controller.WelcomeController.welcome()
14-May-2017 12:35:39.517 INFOS [ContainerBackgroundProcessor[StandardEngine[Catalina]]] org.springframework.web.servlet.mvc.method.annotation.RequestMappingHandlerMapping.register Mapped "{[/welcome/{buddy}]}" onto public com.cevex.easyevent.springmvc.model.Message com.cevex.easyevent.springmvc.controller.WelcomeController.message(java.lang.String)
14-May-2017 12:35:39.556 INFOS [ContainerBackgroundProcessor[StandardEngine[Catalina]]] org.springframework.web.context.ContextLoader.initWebApplicationContext Root WebApplicationContext: initialization completed in 689 ms
14-May-2017 12:35:39.558 INFOS [ContainerBackgroundProcessor[StandardEngine[Catalina]]] org.springframework.web.servlet.DispatcherServlet.initServletBean FrameworkServlet 'dispatcher': initialization started
14-May-2017 12:35:39.560 INFOS [ContainerBackgroundProcessor[StandardEngine[Catalina]]] org.springframework.web.context.support.AnnotationConfigWebApplicationContext.prepareRefresh Refreshing WebApplicationContext for namespace 'dispatcher-servlet': startup date [Sun May 14 12:35:39 CEST 2017]; parent: Root WebApplicationContext
14-May-2017 12:35:39.581 INFOS [ContainerBackgroundProcessor[StandardEngine[Catalina]]] org.springframework.web.servlet.DispatcherServlet.initServletBean FrameworkServlet 'dispatcher': initialization completed in 23 ms
14-May-2017 12:35:39.582 INFOS [ContainerBackgroundProcessor[StandardEngine[Catalina]]] org.apache.catalina.startup.HostConfig.deployWAR Deployment of web application archive [/home/cedric/workspace/EasyEvent/easy_event_project/server/tomcat-9.0/webapps/easyevent-rest-server.war] has finished in [1 094] ms
