06-May-2017 13:41:31.736 INFOS [main] org.apache.catalina.startup.VersionLoggerListener.log Server version:        Apache Tomcat/9.0.0.M20
06-May-2017 13:41:31.738 INFOS [main] org.apache.catalina.startup.VersionLoggerListener.log Server built:          Apr 12 2017 19:27:10 UTC
06-May-2017 13:41:31.738 INFOS [main] org.apache.catalina.startup.VersionLoggerListener.log Server number:         9.0.0.0
06-May-2017 13:41:31.738 INFOS [main] org.apache.catalina.startup.VersionLoggerListener.log OS Name:               Linux
06-May-2017 13:41:31.738 INFOS [main] org.apache.catalina.startup.VersionLoggerListener.log OS Version:            4.4.0-75-generic
06-May-2017 13:41:31.739 INFOS [main] org.apache.catalina.startup.VersionLoggerListener.log Architecture:          amd64
06-May-2017 13:41:31.739 INFOS [main] org.apache.catalina.startup.VersionLoggerListener.log Java Home:             /usr/lib/jvm/java-8-oracle/jre
06-May-2017 13:41:31.739 INFOS [main] org.apache.catalina.startup.VersionLoggerListener.log JVM Version:           1.8.0_121-b13
06-May-2017 13:41:31.739 INFOS [main] org.apache.catalina.startup.VersionLoggerListener.log JVM Vendor:            Oracle Corporation
06-May-2017 13:41:31.739 INFOS [main] org.apache.catalina.startup.VersionLoggerListener.log CATALINA_BASE:         /home/cedric/workspace/environement/server/apache-tomcat-9.0.0.M20
06-May-2017 13:41:31.739 INFOS [main] org.apache.catalina.startup.VersionLoggerListener.log CATALINA_HOME:         /home/cedric/workspace/environement/server/apache-tomcat-9.0.0.M20
06-May-2017 13:41:31.739 INFOS [main] org.apache.catalina.startup.VersionLoggerListener.log Command line argument: -Djava.util.logging.config.file=/home/cedric/workspace/environement/server/apache-tomcat-9.0.0.M20/conf/logging.properties
06-May-2017 13:41:31.739 INFOS [main] org.apache.catalina.startup.VersionLoggerListener.log Command line argument: -Djava.util.logging.manager=org.apache.juli.ClassLoaderLogManager
06-May-2017 13:41:31.739 INFOS [main] org.apache.catalina.startup.VersionLoggerListener.log Command line argument: -Djdk.tls.ephemeralDHKeySize=2048
06-May-2017 13:41:31.739 INFOS [main] org.apache.catalina.startup.VersionLoggerListener.log Command line argument: -Djava.protocol.handler.pkgs=org.apache.catalina.webresources
06-May-2017 13:41:31.739 INFOS [main] org.apache.catalina.startup.VersionLoggerListener.log Command line argument: -Dcatalina.base=/home/cedric/workspace/environement/server/apache-tomcat-9.0.0.M20
06-May-2017 13:41:31.740 INFOS [main] org.apache.catalina.startup.VersionLoggerListener.log Command line argument: -Dcatalina.home=/home/cedric/workspace/environement/server/apache-tomcat-9.0.0.M20
06-May-2017 13:41:31.740 INFOS [main] org.apache.catalina.startup.VersionLoggerListener.log Command line argument: -Djava.io.tmpdir=/home/cedric/workspace/environement/server/apache-tomcat-9.0.0.M20/temp
06-May-2017 13:41:31.740 INFOS [main] org.apache.catalina.core.AprLifecycleListener.lifecycleEvent The APR based Apache Tomcat Native library which allows optimal performance in production environments was not found on the java.library.path: [/usr/java/packages/lib/amd64:/usr/lib64:/lib64:/lib:/usr/lib]
06-May-2017 13:41:31.857 INFOS [main] org.apache.coyote.AbstractProtocol.init Initializing ProtocolHandler ["http-nio-8080"]
06-May-2017 13:41:31.877 INFOS [main] org.apache.tomcat.util.net.NioSelectorPool.getSharedSelector Using a shared selector for servlet write/read
06-May-2017 13:41:31.880 INFOS [main] org.apache.coyote.AbstractProtocol.init Initializing ProtocolHandler ["ajp-nio-8009"]
06-May-2017 13:41:31.881 INFOS [main] org.apache.tomcat.util.net.NioSelectorPool.getSharedSelector Using a shared selector for servlet write/read
06-May-2017 13:41:31.881 INFOS [main] org.apache.catalina.startup.Catalina.load Initialization processed in 480 ms
06-May-2017 13:41:31.905 INFOS [main] org.apache.catalina.core.StandardService.startInternal Démarrage du service [Catalina]
06-May-2017 13:41:31.905 INFOS [main] org.apache.catalina.core.StandardEngine.startInternal Starting Servlet Engine: Apache Tomcat/9.0.0.M20
06-May-2017 13:41:31.924 INFOS [main] org.apache.catalina.startup.HostConfig.deployWAR Déploiement de l'archive [/home/cedric/workspace/environement/server/apache-tomcat-9.0.0.M20/webapps/SpringMVC4Tutorial.war] de l'application web
06-May-2017 13:41:32.628 INFOS [main] org.apache.jasper.servlet.TldScanner.scanJars At least one JAR was scanned for TLDs yet contained no TLDs. Enable debug logging for this logger for a complete list of JARs that were scanned but no TLDs were found in them. Skipping unneeded JARs during scanning can improve startup time and JSP compilation time.
06-May-2017 13:41:32.688 INFOS [main] org.springframework.web.context.ContextLoader.initWebApplicationContext Root WebApplicationContext: initialization started
06-May-2017 13:41:32.748 INFOS [main] org.springframework.web.context.support.AnnotationConfigWebApplicationContext.prepareRefresh Refreshing Root WebApplicationContext: startup date [Sat May 06 13:41:32 CEST 2017]; root of context hierarchy
06-May-2017 13:41:32.787 INFOS [main] org.springframework.web.context.support.AnnotationConfigWebApplicationContext.loadBeanDefinitions Registering annotated classes: [class com.cevex.tuto.springmvc4.configuration.HelloWorldConfiguration]
06-May-2017 13:41:33.202 INFOS [main] org.springframework.web.servlet.mvc.method.annotation.RequestMappingHandlerMapping.registerHandlerMethod Mapped "{[/],methods=[GET],params=[],headers=[],consumes=[],produces=[],custom=[]}" onto public java.lang.String com.cevex.tuto.springmvc4.controller.HelloWorldController.sayHello(org.springframework.ui.ModelMap)
06-May-2017 13:41:33.203 INFOS [main] org.springframework.web.servlet.mvc.method.annotation.RequestMappingHandlerMapping.registerHandlerMethod Mapped "{[//helloagain],methods=[GET],params=[],headers=[],consumes=[],produces=[],custom=[]}" onto public java.lang.String com.cevex.tuto.springmvc4.controller.HelloWorldController.sayHelloAgain(org.springframework.ui.ModelMap)
06-May-2017 13:41:33.220 INFOS [main] org.springframework.web.context.ContextLoader.initWebApplicationContext Root WebApplicationContext: initialization completed in 531 ms
06-May-2017 13:41:33.237 INFOS [main] org.springframework.web.servlet.DispatcherServlet.initServletBean FrameworkServlet 'dispatcher': initialization started
06-May-2017 13:41:33.239 INFOS [main] org.springframework.web.context.support.AnnotationConfigWebApplicationContext.prepareRefresh Refreshing WebApplicationContext for namespace 'dispatcher-servlet': startup date [Sat May 06 13:41:33 CEST 2017]; parent: Root WebApplicationContext
06-May-2017 13:41:33.256 INFOS [main] org.springframework.web.servlet.DispatcherServlet.initServletBean FrameworkServlet 'dispatcher': initialization completed in 19 ms
06-May-2017 13:41:33.265 INFOS [main] org.apache.catalina.startup.HostConfig.deployWAR Deployment of web application archive [/home/cedric/workspace/environement/server/apache-tomcat-9.0.0.M20/webapps/SpringMVC4Tutorial.war] has finished in [1 341] ms
06-May-2017 13:41:33.265 INFOS [main] org.apache.catalina.startup.HostConfig.deployDirectory Déploiement du répertoire [/home/cedric/workspace/environement/server/apache-tomcat-9.0.0.M20/webapps/manager] de l'application web
06-May-2017 13:41:33.285 INFOS [main] org.apache.catalina.startup.HostConfig.deployDirectory Deployment of web application directory [/home/cedric/workspace/environement/server/apache-tomcat-9.0.0.M20/webapps/manager] has finished in [19] ms
06-May-2017 13:41:33.285 INFOS [main] org.apache.catalina.startup.HostConfig.deployDirectory Déploiement du répertoire [/home/cedric/workspace/environement/server/apache-tomcat-9.0.0.M20/webapps/ROOT] de l'application web
06-May-2017 13:41:33.293 INFOS [main] org.apache.catalina.startup.HostConfig.deployDirectory Deployment of web application directory [/home/cedric/workspace/environement/server/apache-tomcat-9.0.0.M20/webapps/ROOT] has finished in [8] ms
06-May-2017 13:41:33.293 INFOS [main] org.apache.catalina.startup.HostConfig.deployDirectory Déploiement du répertoire [/home/cedric/workspace/environement/server/apache-tomcat-9.0.0.M20/webapps/examples] de l'application web
06-May-2017 13:41:33.410 INFOS [main] org.apache.catalina.startup.HostConfig.deployDirectory Deployment of web application directory [/home/cedric/workspace/environement/server/apache-tomcat-9.0.0.M20/webapps/examples] has finished in [117] ms
06-May-2017 13:41:33.411 INFOS [main] org.apache.catalina.startup.HostConfig.deployDirectory Déploiement du répertoire [/home/cedric/workspace/environement/server/apache-tomcat-9.0.0.M20/webapps/docs] de l'application web
06-May-2017 13:41:33.419 INFOS [main] org.apache.catalina.startup.HostConfig.deployDirectory Deployment of web application directory [/home/cedric/workspace/environement/server/apache-tomcat-9.0.0.M20/webapps/docs] has finished in [7] ms
06-May-2017 13:41:33.419 INFOS [main] org.apache.catalina.startup.HostConfig.deployDirectory Déploiement du répertoire [/home/cedric/workspace/environement/server/apache-tomcat-9.0.0.M20/webapps/host-manager] de l'application web
06-May-2017 13:41:33.428 INFOS [main] org.apache.catalina.startup.HostConfig.deployDirectory Deployment of web application directory [/home/cedric/workspace/environement/server/apache-tomcat-9.0.0.M20/webapps/host-manager] has finished in [9] ms
06-May-2017 13:41:33.431 INFOS [main] org.apache.coyote.AbstractProtocol.start Starting ProtocolHandler ["http-nio-8080"]
06-May-2017 13:41:33.438 INFOS [main] org.apache.coyote.AbstractProtocol.start Starting ProtocolHandler ["ajp-nio-8009"]
06-May-2017 13:41:33.439 INFOS [main] org.apache.catalina.startup.Catalina.start Server startup in 1557 ms
06-May-2017 13:54:20.077 INFOS [main] org.apache.catalina.core.StandardServer.await A valid shutdown command was received via the shutdown port. Stopping the Server instance.
06-May-2017 13:54:20.077 INFOS [main] org.apache.coyote.AbstractProtocol.pause Pausing ProtocolHandler ["http-nio-8080"]
06-May-2017 13:54:20.130 INFOS [main] org.apache.coyote.AbstractProtocol.pause Pausing ProtocolHandler ["ajp-nio-8009"]
06-May-2017 13:54:20.181 INFOS [main] org.apache.catalina.core.StandardService.stopInternal Arrêt du service [Catalina]
06-May-2017 13:54:20.196 INFOS [main] org.springframework.web.context.support.AnnotationConfigWebApplicationContext.doClose Closing WebApplicationContext for namespace 'dispatcher-servlet': startup date [Sat May 06 13:41:33 CEST 2017]; parent: Root WebApplicationContext
06-May-2017 13:54:20.197 INFOS [main] org.springframework.web.context.support.AnnotationConfigWebApplicationContext.doClose Closing Root WebApplicationContext: startup date [Sat May 06 13:41:32 CEST 2017]; root of context hierarchy
06-May-2017 13:54:20.205 INFOS [main] org.apache.coyote.AbstractProtocol.stop Stopping ProtocolHandler ["http-nio-8080"]
06-May-2017 13:54:20.207 INFOS [main] org.apache.coyote.AbstractProtocol.stop Stopping ProtocolHandler ["ajp-nio-8009"]
06-May-2017 13:54:20.208 INFOS [main] org.apache.coyote.AbstractProtocol.destroy Destroying ProtocolHandler ["http-nio-8080"]
06-May-2017 13:54:20.208 INFOS [main] org.apache.coyote.AbstractProtocol.destroy Destroying ProtocolHandler ["ajp-nio-8009"]
06-May-2017 13:54:33.338 INFOS [main] org.apache.catalina.startup.VersionLoggerListener.log Server version:        Apache Tomcat/9.0.0.M20
06-May-2017 13:54:33.340 INFOS [main] org.apache.catalina.startup.VersionLoggerListener.log Server built:          Apr 12 2017 19:27:10 UTC
06-May-2017 13:54:33.340 INFOS [main] org.apache.catalina.startup.VersionLoggerListener.log Server number:         9.0.0.0
06-May-2017 13:54:33.340 INFOS [main] org.apache.catalina.startup.VersionLoggerListener.log OS Name:               Linux
06-May-2017 13:54:33.340 INFOS [main] org.apache.catalina.startup.VersionLoggerListener.log OS Version:            4.4.0-75-generic
06-May-2017 13:54:33.340 INFOS [main] org.apache.catalina.startup.VersionLoggerListener.log Architecture:          amd64
06-May-2017 13:54:33.340 INFOS [main] org.apache.catalina.startup.VersionLoggerListener.log Java Home:             /usr/lib/jvm/java-8-oracle/jre
06-May-2017 13:54:33.341 INFOS [main] org.apache.catalina.startup.VersionLoggerListener.log JVM Version:           1.8.0_121-b13
06-May-2017 13:54:33.341 INFOS [main] org.apache.catalina.startup.VersionLoggerListener.log JVM Vendor:            Oracle Corporation
06-May-2017 13:54:33.341 INFOS [main] org.apache.catalina.startup.VersionLoggerListener.log CATALINA_BASE:         /home/cedric/workspace/environement/server/apache-tomcat-9.0.0.M20
06-May-2017 13:54:33.341 INFOS [main] org.apache.catalina.startup.VersionLoggerListener.log CATALINA_HOME:         /home/cedric/workspace/environement/server/apache-tomcat-9.0.0.M20
06-May-2017 13:54:33.341 INFOS [main] org.apache.catalina.startup.VersionLoggerListener.log Command line argument: -Djava.util.logging.config.file=/home/cedric/workspace/environement/server/apache-tomcat-9.0.0.M20/conf/logging.properties
06-May-2017 13:54:33.341 INFOS [main] org.apache.catalina.startup.VersionLoggerListener.log Command line argument: -Djava.util.logging.manager=org.apache.juli.ClassLoaderLogManager
06-May-2017 13:54:33.341 INFOS [main] org.apache.catalina.startup.VersionLoggerListener.log Command line argument: -Djdk.tls.ephemeralDHKeySize=2048
06-May-2017 13:54:33.341 INFOS [main] org.apache.catalina.startup.VersionLoggerListener.log Command line argument: -Djava.protocol.handler.pkgs=org.apache.catalina.webresources
06-May-2017 13:54:33.342 INFOS [main] org.apache.catalina.startup.VersionLoggerListener.log Command line argument: -Dcatalina.base=/home/cedric/workspace/environement/server/apache-tomcat-9.0.0.M20
06-May-2017 13:54:33.342 INFOS [main] org.apache.catalina.startup.VersionLoggerListener.log Command line argument: -Dcatalina.home=/home/cedric/workspace/environement/server/apache-tomcat-9.0.0.M20
06-May-2017 13:54:33.342 INFOS [main] org.apache.catalina.startup.VersionLoggerListener.log Command line argument: -Djava.io.tmpdir=/home/cedric/workspace/environement/server/apache-tomcat-9.0.0.M20/temp
06-May-2017 13:54:33.342 INFOS [main] org.apache.catalina.core.AprLifecycleListener.lifecycleEvent The APR based Apache Tomcat Native library which allows optimal performance in production environments was not found on the java.library.path: [/usr/java/packages/lib/amd64:/usr/lib64:/lib64:/lib:/usr/lib]
06-May-2017 13:54:33.445 INFOS [main] org.apache.coyote.AbstractProtocol.init Initializing ProtocolHandler ["http-nio-8080"]
06-May-2017 13:54:33.457 INFOS [main] org.apache.tomcat.util.net.NioSelectorPool.getSharedSelector Using a shared selector for servlet write/read
06-May-2017 13:54:33.460 INFOS [main] org.apache.coyote.AbstractProtocol.init Initializing ProtocolHandler ["ajp-nio-8009"]
06-May-2017 13:54:33.461 INFOS [main] org.apache.tomcat.util.net.NioSelectorPool.getSharedSelector Using a shared selector for servlet write/read
06-May-2017 13:54:33.462 INFOS [main] org.apache.catalina.startup.Catalina.load Initialization processed in 452 ms
06-May-2017 13:54:33.487 GRAVE [main] org.apache.tomcat.util.digester.Digester.fatalError Parse Fatal Error at line 40 column 37: La valeur de l'attribut "password" associé à un type d'élément "user" ne doit pas contenir le caractère '<'.
 org.xml.sax.SAXParseException; lineNumber: 40; columnNumber: 37; La valeur de l'attribut "password" associé à un type d'élément "user" ne doit pas contenir le caractère '<'.
	at com.sun.org.apache.xerces.internal.util.ErrorHandlerWrapper.createSAXParseException(ErrorHandlerWrapper.java:203)
	at com.sun.org.apache.xerces.internal.util.ErrorHandlerWrapper.fatalError(ErrorHandlerWrapper.java:177)
	at com.sun.org.apache.xerces.internal.impl.XMLErrorReporter.reportError(XMLErrorReporter.java:400)
	at com.sun.org.apache.xerces.internal.impl.XMLErrorReporter.reportError(XMLErrorReporter.java:327)
	at com.sun.org.apache.xerces.internal.impl.XMLScanner.reportFatalError(XMLScanner.java:1472)
	at com.sun.org.apache.xerces.internal.impl.XMLScanner.scanAttributeValue(XMLScanner.java:944)
	at com.sun.org.apache.xerces.internal.impl.XMLDocumentFragmentScannerImpl.scanAttribute(XMLDocumentFragmentScannerImpl.java:1548)
	at com.sun.org.apache.xerces.internal.impl.XMLDocumentFragmentScannerImpl.scanStartElement(XMLDocumentFragmentScannerImpl.java:1315)
	at com.sun.org.apache.xerces.internal.impl.XMLDocumentFragmentScannerImpl$FragmentContentDriver.next(XMLDocumentFragmentScannerImpl.java:2784)
	at com.sun.org.apache.xerces.internal.impl.XMLDocumentScannerImpl.next(XMLDocumentScannerImpl.java:602)
	at com.sun.org.apache.xerces.internal.impl.XMLDocumentFragmentScannerImpl.scanDocument(XMLDocumentFragmentScannerImpl.java:505)
	at com.sun.org.apache.xerces.internal.parsers.XML11Configuration.parse(XML11Configuration.java:841)
	at com.sun.org.apache.xerces.internal.parsers.XML11Configuration.parse(XML11Configuration.java:770)
	at com.sun.org.apache.xerces.internal.parsers.XMLParser.parse(XMLParser.java:141)
	at com.sun.org.apache.xerces.internal.parsers.AbstractSAXParser.parse(AbstractSAXParser.java:1213)
	at com.sun.org.apache.xerces.internal.jaxp.SAXParserImpl$JAXPSAXParser.parse(SAXParserImpl.java:643)
	at org.apache.tomcat.util.digester.Digester.parse(Digester.java:1477)
	at org.apache.catalina.users.MemoryUserDatabase.open(MemoryUserDatabase.java:416)
	at org.apache.catalina.users.MemoryUserDatabaseFactory.getObjectInstance(MemoryUserDatabaseFactory.java:102)
	at org.apache.naming.factory.FactoryBase.getObjectInstance(FactoryBase.java:94)
	at javax.naming.spi.NamingManager.getObjectInstance(NamingManager.java:321)
	at org.apache.naming.NamingContext.lookup(NamingContext.java:840)
	at org.apache.naming.NamingContext.lookup(NamingContext.java:159)
	at org.apache.naming.NamingContextBindingsEnumeration.nextElementInternal(NamingContextBindingsEnumeration.java:117)
	at org.apache.naming.NamingContextBindingsEnumeration.next(NamingContextBindingsEnumeration.java:71)
	at org.apache.naming.NamingContextBindingsEnumeration.next(NamingContextBindingsEnumeration.java:34)
	at org.apache.catalina.mbeans.GlobalResourcesLifecycleListener.createMBeans(GlobalResourcesLifecycleListener.java:132)
	at org.apache.catalina.mbeans.GlobalResourcesLifecycleListener.createMBeans(GlobalResourcesLifecycleListener.java:106)
	at org.apache.catalina.mbeans.GlobalResourcesLifecycleListener.lifecycleEvent(GlobalResourcesLifecycleListener.java:81)
	at org.apache.catalina.util.LifecycleBase.fireLifecycleEvent(LifecycleBase.java:123)
	at org.apache.catalina.util.LifecycleBase.setStateInternal(LifecycleBase.java:424)
	at org.apache.catalina.util.LifecycleBase.setState(LifecycleBase.java:367)
	at org.apache.catalina.core.StandardServer.startInternal(StandardServer.java:786)
	at org.apache.catalina.util.LifecycleBase.start(LifecycleBase.java:183)
	at org.apache.catalina.startup.Catalina.start(Catalina.java:656)
	at sun.reflect.NativeMethodAccessorImpl.invoke0(Native Method)
	at sun.reflect.NativeMethodAccessorImpl.invoke(NativeMethodAccessorImpl.java:62)
	at sun.reflect.DelegatingMethodAccessorImpl.invoke(DelegatingMethodAccessorImpl.java:43)
	at java.lang.reflect.Method.invoke(Method.java:498)
	at org.apache.catalina.startup.Bootstrap.start(Bootstrap.java:355)
	at org.apache.catalina.startup.Bootstrap.main(Bootstrap.java:495)

06-May-2017 13:54:33.488 AVERTISSEMENT [main] org.apache.naming.NamingContext.lookup Une erreur s est produite durant la résolution de la référence
 org.xml.sax.SAXParseException; lineNumber: 40; columnNumber: 37; La valeur de l'attribut "password" associé à un type d'élément "user" ne doit pas contenir le caractère '<'.
	at com.sun.org.apache.xerces.internal.parsers.AbstractSAXParser.parse(AbstractSAXParser.java:1239)
	at com.sun.org.apache.xerces.internal.jaxp.SAXParserImpl$JAXPSAXParser.parse(SAXParserImpl.java:643)
	at org.apache.tomcat.util.digester.Digester.parse(Digester.java:1477)
	at org.apache.catalina.users.MemoryUserDatabase.open(MemoryUserDatabase.java:416)
	at org.apache.catalina.users.MemoryUserDatabaseFactory.getObjectInstance(MemoryUserDatabaseFactory.java:102)
	at org.apache.naming.factory.FactoryBase.getObjectInstance(FactoryBase.java:94)
	at javax.naming.spi.NamingManager.getObjectInstance(NamingManager.java:321)
	at org.apache.naming.NamingContext.lookup(NamingContext.java:840)
	at org.apache.naming.NamingContext.lookup(NamingContext.java:159)
	at org.apache.naming.NamingContextBindingsEnumeration.nextElementInternal(NamingContextBindingsEnumeration.java:117)
	at org.apache.naming.NamingContextBindingsEnumeration.next(NamingContextBindingsEnumeration.java:71)
	at org.apache.naming.NamingContextBindingsEnumeration.next(NamingContextBindingsEnumeration.java:34)
	at org.apache.catalina.mbeans.GlobalResourcesLifecycleListener.createMBeans(GlobalResourcesLifecycleListener.java:132)
	at org.apache.catalina.mbeans.GlobalResourcesLifecycleListener.createMBeans(GlobalResourcesLifecycleListener.java:106)
	at org.apache.catalina.mbeans.GlobalResourcesLifecycleListener.lifecycleEvent(GlobalResourcesLifecycleListener.java:81)
	at org.apache.catalina.util.LifecycleBase.fireLifecycleEvent(LifecycleBase.java:123)
	at org.apache.catalina.util.LifecycleBase.setStateInternal(LifecycleBase.java:424)
	at org.apache.catalina.util.LifecycleBase.setState(LifecycleBase.java:367)
	at org.apache.catalina.core.StandardServer.startInternal(StandardServer.java:786)
	at org.apache.catalina.util.LifecycleBase.start(LifecycleBase.java:183)
	at org.apache.catalina.startup.Catalina.start(Catalina.java:656)
	at sun.reflect.NativeMethodAccessorImpl.invoke0(Native Method)
	at sun.reflect.NativeMethodAccessorImpl.invoke(NativeMethodAccessorImpl.java:62)
	at sun.reflect.DelegatingMethodAccessorImpl.invoke(DelegatingMethodAccessorImpl.java:43)
	at java.lang.reflect.Method.invoke(Method.java:498)
	at org.apache.catalina.startup.Bootstrap.start(Bootstrap.java:355)
	at org.apache.catalina.startup.Bootstrap.main(Bootstrap.java:495)

06-May-2017 13:54:33.488 GRAVE [main] org.apache.catalina.mbeans.GlobalResourcesLifecycleListener.createMBeans Exception processing Global JNDI Resources
 javax.naming.NamingException: La valeur de l'attribut "password" associé à un type d'élément "user" ne doit pas contenir le caractère '<'.
	at org.apache.naming.NamingContext.lookup(NamingContext.java:856)
	at org.apache.naming.NamingContext.lookup(NamingContext.java:159)
	at org.apache.naming.NamingContextBindingsEnumeration.nextElementInternal(NamingContextBindingsEnumeration.java:117)
	at org.apache.naming.NamingContextBindingsEnumeration.next(NamingContextBindingsEnumeration.java:71)
	at org.apache.naming.NamingContextBindingsEnumeration.next(NamingContextBindingsEnumeration.java:34)
	at org.apache.catalina.mbeans.GlobalResourcesLifecycleListener.createMBeans(GlobalResourcesLifecycleListener.java:132)
	at org.apache.catalina.mbeans.GlobalResourcesLifecycleListener.createMBeans(GlobalResourcesLifecycleListener.java:106)
	at org.apache.catalina.mbeans.GlobalResourcesLifecycleListener.lifecycleEvent(GlobalResourcesLifecycleListener.java:81)
	at org.apache.catalina.util.LifecycleBase.fireLifecycleEvent(LifecycleBase.java:123)
	at org.apache.catalina.util.LifecycleBase.setStateInternal(LifecycleBase.java:424)
	at org.apache.catalina.util.LifecycleBase.setState(LifecycleBase.java:367)
	at org.apache.catalina.core.StandardServer.startInternal(StandardServer.java:786)
	at org.apache.catalina.util.LifecycleBase.start(LifecycleBase.java:183)
	at org.apache.catalina.startup.Catalina.start(Catalina.java:656)
	at sun.reflect.NativeMethodAccessorImpl.invoke0(Native Method)
	at sun.reflect.NativeMethodAccessorImpl.invoke(NativeMethodAccessorImpl.java:62)
	at sun.reflect.DelegatingMethodAccessorImpl.invoke(DelegatingMethodAccessorImpl.java:43)
	at java.lang.reflect.Method.invoke(Method.java:498)
	at org.apache.catalina.startup.Bootstrap.start(Bootstrap.java:355)
	at org.apache.catalina.startup.Bootstrap.main(Bootstrap.java:495)

06-May-2017 13:54:33.488 INFOS [main] org.apache.catalina.core.StandardService.startInternal Démarrage du service [Catalina]
06-May-2017 13:54:33.488 INFOS [main] org.apache.catalina.core.StandardEngine.startInternal Starting Servlet Engine: Apache Tomcat/9.0.0.M20
06-May-2017 13:54:33.491 GRAVE [main] org.apache.tomcat.util.digester.Digester.fatalError Parse Fatal Error at line 40 column 37: La valeur de l'attribut "password" associé à un type d'élément "user" ne doit pas contenir le caractère '<'.
 org.xml.sax.SAXParseException; lineNumber: 40; columnNumber: 37; La valeur de l'attribut "password" associé à un type d'élément "user" ne doit pas contenir le caractère '<'.
	at com.sun.org.apache.xerces.internal.util.ErrorHandlerWrapper.createSAXParseException(ErrorHandlerWrapper.java:203)
	at com.sun.org.apache.xerces.internal.util.ErrorHandlerWrapper.fatalError(ErrorHandlerWrapper.java:177)
	at com.sun.org.apache.xerces.internal.impl.XMLErrorReporter.reportError(XMLErrorReporter.java:400)
	at com.sun.org.apache.xerces.internal.impl.XMLErrorReporter.reportError(XMLErrorReporter.java:327)
	at com.sun.org.apache.xerces.internal.impl.XMLScanner.reportFatalError(XMLScanner.java:1472)
	at com.sun.org.apache.xerces.internal.impl.XMLScanner.scanAttributeValue(XMLScanner.java:944)
	at com.sun.org.apache.xerces.internal.impl.XMLDocumentFragmentScannerImpl.scanAttribute(XMLDocumentFragmentScannerImpl.java:1548)
	at com.sun.org.apache.xerces.internal.impl.XMLDocumentFragmentScannerImpl.scanStartElement(XMLDocumentFragmentScannerImpl.java:1315)
	at com.sun.org.apache.xerces.internal.impl.XMLDocumentFragmentScannerImpl$FragmentContentDriver.next(XMLDocumentFragmentScannerImpl.java:2784)
	at com.sun.org.apache.xerces.internal.impl.XMLDocumentScannerImpl.next(XMLDocumentScannerImpl.java:602)
	at com.sun.org.apache.xerces.internal.impl.XMLDocumentFragmentScannerImpl.scanDocument(XMLDocumentFragmentScannerImpl.java:505)
	at com.sun.org.apache.xerces.internal.parsers.XML11Configuration.parse(XML11Configuration.java:841)
	at com.sun.org.apache.xerces.internal.parsers.XML11Configuration.parse(XML11Configuration.java:770)
	at com.sun.org.apache.xerces.internal.parsers.XMLParser.parse(XMLParser.java:141)
	at com.sun.org.apache.xerces.internal.parsers.AbstractSAXParser.parse(AbstractSAXParser.java:1213)
	at com.sun.org.apache.xerces.internal.jaxp.SAXParserImpl$JAXPSAXParser.parse(SAXParserImpl.java:643)
	at org.apache.tomcat.util.digester.Digester.parse(Digester.java:1477)
	at org.apache.catalina.users.MemoryUserDatabase.open(MemoryUserDatabase.java:416)
	at org.apache.catalina.users.MemoryUserDatabaseFactory.getObjectInstance(MemoryUserDatabaseFactory.java:102)
	at org.apache.naming.factory.FactoryBase.getObjectInstance(FactoryBase.java:94)
	at javax.naming.spi.NamingManager.getObjectInstance(NamingManager.java:321)
	at org.apache.naming.NamingContext.lookup(NamingContext.java:840)
	at org.apache.naming.NamingContext.lookup(NamingContext.java:173)
	at org.apache.catalina.realm.UserDatabaseRealm.startInternal(UserDatabaseRealm.java:215)
	at org.apache.catalina.util.LifecycleBase.start(LifecycleBase.java:183)
	at org.apache.catalina.realm.CombinedRealm.startInternal(CombinedRealm.java:245)
	at org.apache.catalina.realm.LockOutRealm.startInternal(LockOutRealm.java:115)
	at org.apache.catalina.util.LifecycleBase.start(LifecycleBase.java:183)
	at org.apache.catalina.core.ContainerBase.startInternal(ContainerBase.java:946)
	at org.apache.catalina.core.StandardEngine.startInternal(StandardEngine.java:262)
	at org.apache.catalina.util.LifecycleBase.start(LifecycleBase.java:183)
	at org.apache.catalina.core.StandardService.startInternal(StandardService.java:422)
	at org.apache.catalina.util.LifecycleBase.start(LifecycleBase.java:183)
	at org.apache.catalina.core.StandardServer.startInternal(StandardServer.java:793)
	at org.apache.catalina.util.LifecycleBase.start(LifecycleBase.java:183)
	at org.apache.catalina.startup.Catalina.start(Catalina.java:656)
	at sun.reflect.NativeMethodAccessorImpl.invoke0(Native Method)
	at sun.reflect.NativeMethodAccessorImpl.invoke(NativeMethodAccessorImpl.java:62)
	at sun.reflect.DelegatingMethodAccessorImpl.invoke(DelegatingMethodAccessorImpl.java:43)
	at java.lang.reflect.Method.invoke(Method.java:498)
	at org.apache.catalina.startup.Bootstrap.start(Bootstrap.java:355)
	at org.apache.catalina.startup.Bootstrap.main(Bootstrap.java:495)

06-May-2017 13:54:33.491 AVERTISSEMENT [main] org.apache.naming.NamingContext.lookup Une erreur s est produite durant la résolution de la référence
 org.xml.sax.SAXParseException; lineNumber: 40; columnNumber: 37; La valeur de l'attribut "password" associé à un type d'élément "user" ne doit pas contenir le caractère '<'.
	at com.sun.org.apache.xerces.internal.parsers.AbstractSAXParser.parse(AbstractSAXParser.java:1239)
	at com.sun.org.apache.xerces.internal.jaxp.SAXParserImpl$JAXPSAXParser.parse(SAXParserImpl.java:643)
	at org.apache.tomcat.util.digester.Digester.parse(Digester.java:1477)
	at org.apache.catalina.users.MemoryUserDatabase.open(MemoryUserDatabase.java:416)
	at org.apache.catalina.users.MemoryUserDatabaseFactory.getObjectInstance(MemoryUserDatabaseFactory.java:102)
	at org.apache.naming.factory.FactoryBase.getObjectInstance(FactoryBase.java:94)
	at javax.naming.spi.NamingManager.getObjectInstance(NamingManager.java:321)
	at org.apache.naming.NamingContext.lookup(NamingContext.java:840)
	at org.apache.naming.NamingContext.lookup(NamingContext.java:173)
	at org.apache.catalina.realm.UserDatabaseRealm.startInternal(UserDatabaseRealm.java:215)
	at org.apache.catalina.util.LifecycleBase.start(LifecycleBase.java:183)
	at org.apache.catalina.realm.CombinedRealm.startInternal(CombinedRealm.java:245)
	at org.apache.catalina.realm.LockOutRealm.startInternal(LockOutRealm.java:115)
	at org.apache.catalina.util.LifecycleBase.start(LifecycleBase.java:183)
	at org.apache.catalina.core.ContainerBase.startInternal(ContainerBase.java:946)
	at org.apache.catalina.core.StandardEngine.startInternal(StandardEngine.java:262)
	at org.apache.catalina.util.LifecycleBase.start(LifecycleBase.java:183)
	at org.apache.catalina.core.StandardService.startInternal(StandardService.java:422)
	at org.apache.catalina.util.LifecycleBase.start(LifecycleBase.java:183)
	at org.apache.catalina.core.StandardServer.startInternal(StandardServer.java:793)
	at org.apache.catalina.util.LifecycleBase.start(LifecycleBase.java:183)
	at org.apache.catalina.startup.Catalina.start(Catalina.java:656)
	at sun.reflect.NativeMethodAccessorImpl.invoke0(Native Method)
	at sun.reflect.NativeMethodAccessorImpl.invoke(NativeMethodAccessorImpl.java:62)
	at sun.reflect.DelegatingMethodAccessorImpl.invoke(DelegatingMethodAccessorImpl.java:43)
	at java.lang.reflect.Method.invoke(Method.java:498)
	at org.apache.catalina.startup.Bootstrap.start(Bootstrap.java:355)
	at org.apache.catalina.startup.Bootstrap.main(Bootstrap.java:495)

06-May-2017 13:54:33.491 GRAVE [main] org.apache.catalina.realm.UserDatabaseRealm.startInternal Exception lors de la recherche dans la base de données utilisateurs avec la clé [UserDatabase]
 javax.naming.NamingException: La valeur de l'attribut "password" associé à un type d'élément "user" ne doit pas contenir le caractère '<'.
	at org.apache.naming.NamingContext.lookup(NamingContext.java:856)
	at org.apache.naming.NamingContext.lookup(NamingContext.java:173)
	at org.apache.catalina.realm.UserDatabaseRealm.startInternal(UserDatabaseRealm.java:215)
	at org.apache.catalina.util.LifecycleBase.start(LifecycleBase.java:183)
	at org.apache.catalina.realm.CombinedRealm.startInternal(CombinedRealm.java:245)
	at org.apache.catalina.realm.LockOutRealm.startInternal(LockOutRealm.java:115)
	at org.apache.catalina.util.LifecycleBase.start(LifecycleBase.java:183)
	at org.apache.catalina.core.ContainerBase.startInternal(ContainerBase.java:946)
	at org.apache.catalina.core.StandardEngine.startInternal(StandardEngine.java:262)
	at org.apache.catalina.util.LifecycleBase.start(LifecycleBase.java:183)
	at org.apache.catalina.core.StandardService.startInternal(StandardService.java:422)
	at org.apache.catalina.util.LifecycleBase.start(LifecycleBase.java:183)
	at org.apache.catalina.core.StandardServer.startInternal(StandardServer.java:793)
	at org.apache.catalina.util.LifecycleBase.start(LifecycleBase.java:183)
	at org.apache.catalina.startup.Catalina.start(Catalina.java:656)
	at sun.reflect.NativeMethodAccessorImpl.invoke0(Native Method)
	at sun.reflect.NativeMethodAccessorImpl.invoke(NativeMethodAccessorImpl.java:62)
	at sun.reflect.DelegatingMethodAccessorImpl.invoke(DelegatingMethodAccessorImpl.java:43)
	at java.lang.reflect.Method.invoke(Method.java:498)
	at org.apache.catalina.startup.Bootstrap.start(Bootstrap.java:355)
	at org.apache.catalina.startup.Bootstrap.main(Bootstrap.java:495)

06-May-2017 13:54:33.492 GRAVE [main] org.apache.catalina.realm.CombinedRealm.startInternal Failed to start [org.apache.catalina.realm.UserDatabaseRealm] realm
 org.apache.catalina.LifecycleException: Aucun composant base de données utilisateurs trouvé pour la clé [UserDatabase]
	at org.apache.catalina.realm.UserDatabaseRealm.startInternal(UserDatabaseRealm.java:225)
	at org.apache.catalina.util.LifecycleBase.start(LifecycleBase.java:183)
	at org.apache.catalina.realm.CombinedRealm.startInternal(CombinedRealm.java:245)
	at org.apache.catalina.realm.LockOutRealm.startInternal(LockOutRealm.java:115)
	at org.apache.catalina.util.LifecycleBase.start(LifecycleBase.java:183)
	at org.apache.catalina.core.ContainerBase.startInternal(ContainerBase.java:946)
	at org.apache.catalina.core.StandardEngine.startInternal(StandardEngine.java:262)
	at org.apache.catalina.util.LifecycleBase.start(LifecycleBase.java:183)
	at org.apache.catalina.core.StandardService.startInternal(StandardService.java:422)
	at org.apache.catalina.util.LifecycleBase.start(LifecycleBase.java:183)
	at org.apache.catalina.core.StandardServer.startInternal(StandardServer.java:793)
	at org.apache.catalina.util.LifecycleBase.start(LifecycleBase.java:183)
	at org.apache.catalina.startup.Catalina.start(Catalina.java:656)
	at sun.reflect.NativeMethodAccessorImpl.invoke0(Native Method)
	at sun.reflect.NativeMethodAccessorImpl.invoke(NativeMethodAccessorImpl.java:62)
	at sun.reflect.DelegatingMethodAccessorImpl.invoke(DelegatingMethodAccessorImpl.java:43)
	at java.lang.reflect.Method.invoke(Method.java:498)
	at org.apache.catalina.startup.Bootstrap.start(Bootstrap.java:355)
	at org.apache.catalina.startup.Bootstrap.main(Bootstrap.java:495)

06-May-2017 13:54:33.508 INFOS [main] org.apache.catalina.startup.HostConfig.deployWAR Déploiement de l'archive [/home/cedric/workspace/environement/server/apache-tomcat-9.0.0.M20/webapps/SpringMVC4Tutorial.war] de l'application web
06-May-2017 13:54:34.127 INFOS [main] org.apache.jasper.servlet.TldScanner.scanJars At least one JAR was scanned for TLDs yet contained no TLDs. Enable debug logging for this logger for a complete list of JARs that were scanned but no TLDs were found in them. Skipping unneeded JARs during scanning can improve startup time and JSP compilation time.
06-May-2017 13:54:34.181 INFOS [main] org.springframework.web.context.ContextLoader.initWebApplicationContext Root WebApplicationContext: initialization started
06-May-2017 13:54:34.233 INFOS [main] org.springframework.web.context.support.AnnotationConfigWebApplicationContext.prepareRefresh Refreshing Root WebApplicationContext: startup date [Sat May 06 13:54:34 CEST 2017]; root of context hierarchy
06-May-2017 13:54:34.273 INFOS [main] org.springframework.web.context.support.AnnotationConfigWebApplicationContext.loadBeanDefinitions Registering annotated classes: [class com.cevex.tuto.springmvc4.configuration.HelloWorldConfiguration]
06-May-2017 13:54:34.710 INFOS [main] org.springframework.web.servlet.mvc.method.annotation.RequestMappingHandlerMapping.registerHandlerMethod Mapped "{[/],methods=[GET],params=[],headers=[],consumes=[],produces=[],custom=[]}" onto public java.lang.String com.cevex.tuto.springmvc4.controller.HelloWorldController.sayHello(org.springframework.ui.ModelMap)
06-May-2017 13:54:34.710 INFOS [main] org.springframework.web.servlet.mvc.method.annotation.RequestMappingHandlerMapping.registerHandlerMethod Mapped "{[//helloagain],methods=[GET],params=[],headers=[],consumes=[],produces=[],custom=[]}" onto public java.lang.String com.cevex.tuto.springmvc4.controller.HelloWorldController.sayHelloAgain(org.springframework.ui.ModelMap)
06-May-2017 13:54:34.741 INFOS [main] org.springframework.web.context.ContextLoader.initWebApplicationContext Root WebApplicationContext: initialization completed in 559 ms
06-May-2017 13:54:34.756 INFOS [main] org.springframework.web.servlet.DispatcherServlet.initServletBean FrameworkServlet 'dispatcher': initialization started
06-May-2017 13:54:34.760 INFOS [main] org.springframework.web.context.support.AnnotationConfigWebApplicationContext.prepareRefresh Refreshing WebApplicationContext for namespace 'dispatcher-servlet': startup date [Sat May 06 13:54:34 CEST 2017]; parent: Root WebApplicationContext
06-May-2017 13:54:34.784 INFOS [main] org.springframework.web.servlet.DispatcherServlet.initServletBean FrameworkServlet 'dispatcher': initialization completed in 28 ms
06-May-2017 13:54:34.791 INFOS [main] org.apache.catalina.startup.HostConfig.deployWAR Deployment of web application archive [/home/cedric/workspace/environement/server/apache-tomcat-9.0.0.M20/webapps/SpringMVC4Tutorial.war] has finished in [1 283] ms
06-May-2017 13:54:34.791 INFOS [main] org.apache.catalina.startup.HostConfig.deployDirectory Déploiement du répertoire [/home/cedric/workspace/environement/server/apache-tomcat-9.0.0.M20/webapps/manager] de l'application web
06-May-2017 13:54:34.815 INFOS [main] org.apache.catalina.startup.HostConfig.deployDirectory Deployment of web application directory [/home/cedric/workspace/environement/server/apache-tomcat-9.0.0.M20/webapps/manager] has finished in [24] ms
06-May-2017 13:54:34.815 INFOS [main] org.apache.catalina.startup.HostConfig.deployDirectory Déploiement du répertoire [/home/cedric/workspace/environement/server/apache-tomcat-9.0.0.M20/webapps/ROOT] de l'application web
06-May-2017 13:54:34.828 INFOS [main] org.apache.catalina.startup.HostConfig.deployDirectory Deployment of web application directory [/home/cedric/workspace/environement/server/apache-tomcat-9.0.0.M20/webapps/ROOT] has finished in [13] ms
06-May-2017 13:54:34.828 INFOS [main] org.apache.catalina.startup.HostConfig.deployDirectory Déploiement du répertoire [/home/cedric/workspace/environement/server/apache-tomcat-9.0.0.M20/webapps/examples] de l'application web
06-May-2017 13:54:34.945 INFOS [main] org.apache.catalina.startup.HostConfig.deployDirectory Deployment of web application directory [/home/cedric/workspace/environement/server/apache-tomcat-9.0.0.M20/webapps/examples] has finished in [117] ms
06-May-2017 13:54:34.946 INFOS [main] org.apache.catalina.startup.HostConfig.deployDirectory Déploiement du répertoire [/home/cedric/workspace/environement/server/apache-tomcat-9.0.0.M20/webapps/docs] de l'application web
06-May-2017 13:54:34.956 INFOS [main] org.apache.catalina.startup.HostConfig.deployDirectory Deployment of web application directory [/home/cedric/workspace/environement/server/apache-tomcat-9.0.0.M20/webapps/docs] has finished in [11] ms
06-May-2017 13:54:34.957 INFOS [main] org.apache.catalina.startup.HostConfig.deployDirectory Déploiement du répertoire [/home/cedric/workspace/environement/server/apache-tomcat-9.0.0.M20/webapps/host-manager] de l'application web
06-May-2017 13:54:34.970 INFOS [main] org.apache.catalina.startup.HostConfig.deployDirectory Deployment of web application directory [/home/cedric/workspace/environement/server/apache-tomcat-9.0.0.M20/webapps/host-manager] has finished in [12] ms
06-May-2017 13:54:34.972 INFOS [main] org.apache.coyote.AbstractProtocol.start Starting ProtocolHandler ["http-nio-8080"]
06-May-2017 13:54:34.980 INFOS [main] org.apache.coyote.AbstractProtocol.start Starting ProtocolHandler ["ajp-nio-8009"]
06-May-2017 13:54:34.981 INFOS [main] org.apache.catalina.startup.Catalina.start Server startup in 1519 ms
06-May-2017 13:55:02.436 INFOS [main] org.apache.catalina.core.StandardServer.await A valid shutdown command was received via the shutdown port. Stopping the Server instance.
06-May-2017 13:55:02.437 INFOS [main] org.apache.coyote.AbstractProtocol.pause Pausing ProtocolHandler ["http-nio-8080"]
06-May-2017 13:55:02.489 INFOS [main] org.apache.coyote.AbstractProtocol.pause Pausing ProtocolHandler ["ajp-nio-8009"]
06-May-2017 13:55:02.540 INFOS [main] org.apache.catalina.core.StandardService.stopInternal Arrêt du service [Catalina]
06-May-2017 13:55:02.553 INFOS [main] org.springframework.web.context.support.AnnotationConfigWebApplicationContext.doClose Closing WebApplicationContext for namespace 'dispatcher-servlet': startup date [Sat May 06 13:54:34 CEST 2017]; parent: Root WebApplicationContext
06-May-2017 13:55:02.554 INFOS [main] org.springframework.web.context.support.AnnotationConfigWebApplicationContext.doClose Closing Root WebApplicationContext: startup date [Sat May 06 13:54:34 CEST 2017]; root of context hierarchy
06-May-2017 13:55:02.560 INFOS [main] org.apache.coyote.AbstractProtocol.stop Stopping ProtocolHandler ["http-nio-8080"]
06-May-2017 13:55:02.562 INFOS [main] org.apache.coyote.AbstractProtocol.stop Stopping ProtocolHandler ["ajp-nio-8009"]
06-May-2017 13:55:02.563 INFOS [main] org.apache.coyote.AbstractProtocol.destroy Destroying ProtocolHandler ["http-nio-8080"]
06-May-2017 13:55:02.563 INFOS [main] org.apache.coyote.AbstractProtocol.destroy Destroying ProtocolHandler ["ajp-nio-8009"]
06-May-2017 13:55:04.668 INFOS [main] org.apache.catalina.startup.VersionLoggerListener.log Server version:        Apache Tomcat/9.0.0.M20
06-May-2017 13:55:04.670 INFOS [main] org.apache.catalina.startup.VersionLoggerListener.log Server built:          Apr 12 2017 19:27:10 UTC
06-May-2017 13:55:04.670 INFOS [main] org.apache.catalina.startup.VersionLoggerListener.log Server number:         9.0.0.0
06-May-2017 13:55:04.670 INFOS [main] org.apache.catalina.startup.VersionLoggerListener.log OS Name:               Linux
06-May-2017 13:55:04.670 INFOS [main] org.apache.catalina.startup.VersionLoggerListener.log OS Version:            4.4.0-75-generic
06-May-2017 13:55:04.670 INFOS [main] org.apache.catalina.startup.VersionLoggerListener.log Architecture:          amd64
06-May-2017 13:55:04.670 INFOS [main] org.apache.catalina.startup.VersionLoggerListener.log Java Home:             /usr/lib/jvm/java-8-oracle/jre
06-May-2017 13:55:04.670 INFOS [main] org.apache.catalina.startup.VersionLoggerListener.log JVM Version:           1.8.0_121-b13
06-May-2017 13:55:04.670 INFOS [main] org.apache.catalina.startup.VersionLoggerListener.log JVM Vendor:            Oracle Corporation
06-May-2017 13:55:04.670 INFOS [main] org.apache.catalina.startup.VersionLoggerListener.log CATALINA_BASE:         /home/cedric/workspace/environement/server/apache-tomcat-9.0.0.M20
06-May-2017 13:55:04.670 INFOS [main] org.apache.catalina.startup.VersionLoggerListener.log CATALINA_HOME:         /home/cedric/workspace/environement/server/apache-tomcat-9.0.0.M20
06-May-2017 13:55:04.671 INFOS [main] org.apache.catalina.startup.VersionLoggerListener.log Command line argument: -Djava.util.logging.config.file=/home/cedric/workspace/environement/server/apache-tomcat-9.0.0.M20/conf/logging.properties
06-May-2017 13:55:04.671 INFOS [main] org.apache.catalina.startup.VersionLoggerListener.log Command line argument: -Djava.util.logging.manager=org.apache.juli.ClassLoaderLogManager
06-May-2017 13:55:04.671 INFOS [main] org.apache.catalina.startup.VersionLoggerListener.log Command line argument: -Djdk.tls.ephemeralDHKeySize=2048
06-May-2017 13:55:04.671 INFOS [main] org.apache.catalina.startup.VersionLoggerListener.log Command line argument: -Djava.protocol.handler.pkgs=org.apache.catalina.webresources
06-May-2017 13:55:04.671 INFOS [main] org.apache.catalina.startup.VersionLoggerListener.log Command line argument: -Dcatalina.base=/home/cedric/workspace/environement/server/apache-tomcat-9.0.0.M20
06-May-2017 13:55:04.671 INFOS [main] org.apache.catalina.startup.VersionLoggerListener.log Command line argument: -Dcatalina.home=/home/cedric/workspace/environement/server/apache-tomcat-9.0.0.M20
06-May-2017 13:55:04.671 INFOS [main] org.apache.catalina.startup.VersionLoggerListener.log Command line argument: -Djava.io.tmpdir=/home/cedric/workspace/environement/server/apache-tomcat-9.0.0.M20/temp
06-May-2017 13:55:04.671 INFOS [main] org.apache.catalina.core.AprLifecycleListener.lifecycleEvent The APR based Apache Tomcat Native library which allows optimal performance in production environments was not found on the java.library.path: [/usr/java/packages/lib/amd64:/usr/lib64:/lib64:/lib:/usr/lib]
06-May-2017 13:55:04.767 INFOS [main] org.apache.coyote.AbstractProtocol.init Initializing ProtocolHandler ["http-nio-8080"]
06-May-2017 13:55:04.780 INFOS [main] org.apache.tomcat.util.net.NioSelectorPool.getSharedSelector Using a shared selector for servlet write/read
06-May-2017 13:55:04.782 INFOS [main] org.apache.coyote.AbstractProtocol.init Initializing ProtocolHandler ["ajp-nio-8009"]
06-May-2017 13:55:04.783 INFOS [main] org.apache.tomcat.util.net.NioSelectorPool.getSharedSelector Using a shared selector for servlet write/read
06-May-2017 13:55:04.783 INFOS [main] org.apache.catalina.startup.Catalina.load Initialization processed in 425 ms
06-May-2017 13:55:04.806 INFOS [main] org.apache.catalina.core.StandardService.startInternal Démarrage du service [Catalina]
06-May-2017 13:55:04.806 INFOS [main] org.apache.catalina.core.StandardEngine.startInternal Starting Servlet Engine: Apache Tomcat/9.0.0.M20
06-May-2017 13:55:04.822 INFOS [main] org.apache.catalina.startup.HostConfig.deployWAR Déploiement de l'archive [/home/cedric/workspace/environement/server/apache-tomcat-9.0.0.M20/webapps/SpringMVC4Tutorial.war] de l'application web
06-May-2017 13:55:05.404 INFOS [main] org.apache.jasper.servlet.TldScanner.scanJars At least one JAR was scanned for TLDs yet contained no TLDs. Enable debug logging for this logger for a complete list of JARs that were scanned but no TLDs were found in them. Skipping unneeded JARs during scanning can improve startup time and JSP compilation time.
06-May-2017 13:55:05.453 INFOS [main] org.springframework.web.context.ContextLoader.initWebApplicationContext Root WebApplicationContext: initialization started
06-May-2017 13:55:05.504 INFOS [main] org.springframework.web.context.support.AnnotationConfigWebApplicationContext.prepareRefresh Refreshing Root WebApplicationContext: startup date [Sat May 06 13:55:05 CEST 2017]; root of context hierarchy
06-May-2017 13:55:05.541 INFOS [main] org.springframework.web.context.support.AnnotationConfigWebApplicationContext.loadBeanDefinitions Registering annotated classes: [class com.cevex.tuto.springmvc4.configuration.HelloWorldConfiguration]
06-May-2017 13:55:05.975 INFOS [main] org.springframework.web.servlet.mvc.method.annotation.RequestMappingHandlerMapping.registerHandlerMethod Mapped "{[/],methods=[GET],params=[],headers=[],consumes=[],produces=[],custom=[]}" onto public java.lang.String com.cevex.tuto.springmvc4.controller.HelloWorldController.sayHello(org.springframework.ui.ModelMap)
06-May-2017 13:55:05.975 INFOS [main] org.springframework.web.servlet.mvc.method.annotation.RequestMappingHandlerMapping.registerHandlerMethod Mapped "{[//helloagain],methods=[GET],params=[],headers=[],consumes=[],produces=[],custom=[]}" onto public java.lang.String com.cevex.tuto.springmvc4.controller.HelloWorldController.sayHelloAgain(org.springframework.ui.ModelMap)
06-May-2017 13:55:06.052 INFOS [main] org.springframework.web.context.ContextLoader.initWebApplicationContext Root WebApplicationContext: initialization completed in 598 ms
06-May-2017 13:55:06.067 INFOS [main] org.springframework.web.servlet.DispatcherServlet.initServletBean FrameworkServlet 'dispatcher': initialization started
06-May-2017 13:55:06.070 INFOS [main] org.springframework.web.context.support.AnnotationConfigWebApplicationContext.prepareRefresh Refreshing WebApplicationContext for namespace 'dispatcher-servlet': startup date [Sat May 06 13:55:06 CEST 2017]; parent: Root WebApplicationContext
06-May-2017 13:55:06.094 INFOS [main] org.springframework.web.servlet.DispatcherServlet.initServletBean FrameworkServlet 'dispatcher': initialization completed in 27 ms
06-May-2017 13:55:06.102 INFOS [main] org.apache.catalina.startup.HostConfig.deployWAR Deployment of web application archive [/home/cedric/workspace/environement/server/apache-tomcat-9.0.0.M20/webapps/SpringMVC4Tutorial.war] has finished in [1 279] ms
06-May-2017 13:55:06.103 INFOS [main] org.apache.catalina.startup.HostConfig.deployDirectory Déploiement du répertoire [/home/cedric/workspace/environement/server/apache-tomcat-9.0.0.M20/webapps/manager] de l'application web
06-May-2017 13:55:06.126 INFOS [main] org.apache.catalina.startup.HostConfig.deployDirectory Deployment of web application directory [/home/cedric/workspace/environement/server/apache-tomcat-9.0.0.M20/webapps/manager] has finished in [23] ms
06-May-2017 13:55:06.126 INFOS [main] org.apache.catalina.startup.HostConfig.deployDirectory Déploiement du répertoire [/home/cedric/workspace/environement/server/apache-tomcat-9.0.0.M20/webapps/ROOT] de l'application web
06-May-2017 13:55:06.138 INFOS [main] org.apache.catalina.startup.HostConfig.deployDirectory Deployment of web application directory [/home/cedric/workspace/environement/server/apache-tomcat-9.0.0.M20/webapps/ROOT] has finished in [12] ms
06-May-2017 13:55:06.138 INFOS [main] org.apache.catalina.startup.HostConfig.deployDirectory Déploiement du répertoire [/home/cedric/workspace/environement/server/apache-tomcat-9.0.0.M20/webapps/examples] de l'application web
06-May-2017 13:55:06.229 INFOS [main] org.apache.catalina.startup.HostConfig.deployDirectory Deployment of web application directory [/home/cedric/workspace/environement/server/apache-tomcat-9.0.0.M20/webapps/examples] has finished in [91] ms
06-May-2017 13:55:06.229 INFOS [main] org.apache.catalina.startup.HostConfig.deployDirectory Déploiement du répertoire [/home/cedric/workspace/environement/server/apache-tomcat-9.0.0.M20/webapps/docs] de l'application web
06-May-2017 13:55:06.237 INFOS [main] org.apache.catalina.startup.HostConfig.deployDirectory Deployment of web application directory [/home/cedric/workspace/environement/server/apache-tomcat-9.0.0.M20/webapps/docs] has finished in [8] ms
06-May-2017 13:55:06.237 INFOS [main] org.apache.catalina.startup.HostConfig.deployDirectory Déploiement du répertoire [/home/cedric/workspace/environement/server/apache-tomcat-9.0.0.M20/webapps/host-manager] de l'application web
06-May-2017 13:55:06.246 INFOS [main] org.apache.catalina.startup.HostConfig.deployDirectory Deployment of web application directory [/home/cedric/workspace/environement/server/apache-tomcat-9.0.0.M20/webapps/host-manager] has finished in [8] ms
06-May-2017 13:55:06.248 INFOS [main] org.apache.coyote.AbstractProtocol.start Starting ProtocolHandler ["http-nio-8080"]
06-May-2017 13:55:06.255 INFOS [main] org.apache.coyote.AbstractProtocol.start Starting ProtocolHandler ["ajp-nio-8009"]
06-May-2017 13:55:06.256 INFOS [main] org.apache.catalina.startup.Catalina.start Server startup in 1472 ms
06-May-2017 13:57:32.972 INFOS [main] org.apache.catalina.core.StandardServer.await A valid shutdown command was received via the shutdown port. Stopping the Server instance.
06-May-2017 13:57:32.972 INFOS [main] org.apache.coyote.AbstractProtocol.pause Pausing ProtocolHandler ["http-nio-8080"]
06-May-2017 13:57:33.025 INFOS [main] org.apache.coyote.AbstractProtocol.pause Pausing ProtocolHandler ["ajp-nio-8009"]
06-May-2017 13:57:33.076 INFOS [main] org.apache.catalina.core.StandardService.stopInternal Arrêt du service [Catalina]
06-May-2017 13:57:33.088 INFOS [main] org.springframework.web.context.support.AnnotationConfigWebApplicationContext.doClose Closing WebApplicationContext for namespace 'dispatcher-servlet': startup date [Sat May 06 13:55:06 CEST 2017]; parent: Root WebApplicationContext
06-May-2017 13:57:33.089 INFOS [main] org.springframework.web.context.support.AnnotationConfigWebApplicationContext.doClose Closing Root WebApplicationContext: startup date [Sat May 06 13:55:05 CEST 2017]; root of context hierarchy
06-May-2017 13:57:33.095 INFOS [main] org.apache.coyote.AbstractProtocol.stop Stopping ProtocolHandler ["http-nio-8080"]
06-May-2017 13:57:33.096 INFOS [main] org.apache.coyote.AbstractProtocol.stop Stopping ProtocolHandler ["ajp-nio-8009"]
06-May-2017 13:57:33.098 INFOS [main] org.apache.coyote.AbstractProtocol.destroy Destroying ProtocolHandler ["http-nio-8080"]
06-May-2017 13:57:33.099 INFOS [main] org.apache.coyote.AbstractProtocol.destroy Destroying ProtocolHandler ["ajp-nio-8009"]
06-May-2017 13:57:34.575 INFOS [main] org.apache.catalina.startup.VersionLoggerListener.log Server version:        Apache Tomcat/9.0.0.M20
06-May-2017 13:57:34.577 INFOS [main] org.apache.catalina.startup.VersionLoggerListener.log Server built:          Apr 12 2017 19:27:10 UTC
06-May-2017 13:57:34.577 INFOS [main] org.apache.catalina.startup.VersionLoggerListener.log Server number:         9.0.0.0
06-May-2017 13:57:34.577 INFOS [main] org.apache.catalina.startup.VersionLoggerListener.log OS Name:               Linux
06-May-2017 13:57:34.577 INFOS [main] org.apache.catalina.startup.VersionLoggerListener.log OS Version:            4.4.0-75-generic
06-May-2017 13:57:34.577 INFOS [main] org.apache.catalina.startup.VersionLoggerListener.log Architecture:          amd64
06-May-2017 13:57:34.578 INFOS [main] org.apache.catalina.startup.VersionLoggerListener.log Java Home:             /usr/lib/jvm/java-8-oracle/jre
06-May-2017 13:57:34.578 INFOS [main] org.apache.catalina.startup.VersionLoggerListener.log JVM Version:           1.8.0_121-b13
06-May-2017 13:57:34.578 INFOS [main] org.apache.catalina.startup.VersionLoggerListener.log JVM Vendor:            Oracle Corporation
06-May-2017 13:57:34.578 INFOS [main] org.apache.catalina.startup.VersionLoggerListener.log CATALINA_BASE:         /home/cedric/workspace/environement/server/apache-tomcat-9.0.0.M20
06-May-2017 13:57:34.578 INFOS [main] org.apache.catalina.startup.VersionLoggerListener.log CATALINA_HOME:         /home/cedric/workspace/environement/server/apache-tomcat-9.0.0.M20
06-May-2017 13:57:34.578 INFOS [main] org.apache.catalina.startup.VersionLoggerListener.log Command line argument: -Djava.util.logging.config.file=/home/cedric/workspace/environement/server/apache-tomcat-9.0.0.M20/conf/logging.properties
06-May-2017 13:57:34.578 INFOS [main] org.apache.catalina.startup.VersionLoggerListener.log Command line argument: -Djava.util.logging.manager=org.apache.juli.ClassLoaderLogManager
06-May-2017 13:57:34.578 INFOS [main] org.apache.catalina.startup.VersionLoggerListener.log Command line argument: -Djdk.tls.ephemeralDHKeySize=2048
06-May-2017 13:57:34.578 INFOS [main] org.apache.catalina.startup.VersionLoggerListener.log Command line argument: -Djava.protocol.handler.pkgs=org.apache.catalina.webresources
06-May-2017 13:57:34.578 INFOS [main] org.apache.catalina.startup.VersionLoggerListener.log Command line argument: -Dcatalina.base=/home/cedric/workspace/environement/server/apache-tomcat-9.0.0.M20
06-May-2017 13:57:34.578 INFOS [main] org.apache.catalina.startup.VersionLoggerListener.log Command line argument: -Dcatalina.home=/home/cedric/workspace/environement/server/apache-tomcat-9.0.0.M20
06-May-2017 13:57:34.578 INFOS [main] org.apache.catalina.startup.VersionLoggerListener.log Command line argument: -Djava.io.tmpdir=/home/cedric/workspace/environement/server/apache-tomcat-9.0.0.M20/temp
06-May-2017 13:57:34.579 INFOS [main] org.apache.catalina.core.AprLifecycleListener.lifecycleEvent The APR based Apache Tomcat Native library which allows optimal performance in production environments was not found on the java.library.path: [/usr/java/packages/lib/amd64:/usr/lib64:/lib64:/lib:/usr/lib]
06-May-2017 13:57:34.677 INFOS [main] org.apache.coyote.AbstractProtocol.init Initializing ProtocolHandler ["http-nio-8080"]
06-May-2017 13:57:34.690 INFOS [main] org.apache.tomcat.util.net.NioSelectorPool.getSharedSelector Using a shared selector for servlet write/read
06-May-2017 13:57:34.692 INFOS [main] org.apache.coyote.AbstractProtocol.init Initializing ProtocolHandler ["ajp-nio-8009"]
06-May-2017 13:57:34.693 INFOS [main] org.apache.tomcat.util.net.NioSelectorPool.getSharedSelector Using a shared selector for servlet write/read
06-May-2017 13:57:34.694 INFOS [main] org.apache.catalina.startup.Catalina.load Initialization processed in 423 ms
06-May-2017 13:57:34.715 INFOS [main] org.apache.catalina.core.StandardService.startInternal Démarrage du service [Catalina]
06-May-2017 13:57:34.716 INFOS [main] org.apache.catalina.core.StandardEngine.startInternal Starting Servlet Engine: Apache Tomcat/9.0.0.M20
06-May-2017 13:57:34.733 INFOS [main] org.apache.catalina.startup.HostConfig.deployWAR Déploiement de l'archive [/home/cedric/workspace/environement/server/apache-tomcat-9.0.0.M20/webapps/SpringMVC4Tutorial.war] de l'application web
06-May-2017 13:57:35.307 INFOS [main] org.apache.jasper.servlet.TldScanner.scanJars At least one JAR was scanned for TLDs yet contained no TLDs. Enable debug logging for this logger for a complete list of JARs that were scanned but no TLDs were found in them. Skipping unneeded JARs during scanning can improve startup time and JSP compilation time.
06-May-2017 13:57:35.357 INFOS [main] org.springframework.web.context.ContextLoader.initWebApplicationContext Root WebApplicationContext: initialization started
06-May-2017 13:57:35.408 INFOS [main] org.springframework.web.context.support.AnnotationConfigWebApplicationContext.prepareRefresh Refreshing Root WebApplicationContext: startup date [Sat May 06 13:57:35 CEST 2017]; root of context hierarchy
06-May-2017 13:57:35.446 INFOS [main] org.springframework.web.context.support.AnnotationConfigWebApplicationContext.loadBeanDefinitions Registering annotated classes: [class com.cevex.tuto.springmvc4.configuration.HelloWorldConfiguration]
06-May-2017 13:57:35.867 INFOS [main] org.springframework.web.servlet.mvc.method.annotation.RequestMappingHandlerMapping.registerHandlerMethod Mapped "{[/],methods=[GET],params=[],headers=[],consumes=[],produces=[],custom=[]}" onto public java.lang.String com.cevex.tuto.springmvc4.controller.HelloWorldController.sayHello(org.springframework.ui.ModelMap)
06-May-2017 13:57:35.867 INFOS [main] org.springframework.web.servlet.mvc.method.annotation.RequestMappingHandlerMapping.registerHandlerMethod Mapped "{[//helloagain],methods=[GET],params=[],headers=[],consumes=[],produces=[],custom=[]}" onto public java.lang.String com.cevex.tuto.springmvc4.controller.HelloWorldController.sayHelloAgain(org.springframework.ui.ModelMap)
06-May-2017 13:57:35.931 INFOS [main] org.springframework.web.context.ContextLoader.initWebApplicationContext Root WebApplicationContext: initialization completed in 574 ms
06-May-2017 13:57:35.946 INFOS [main] org.springframework.web.servlet.DispatcherServlet.initServletBean FrameworkServlet 'dispatcher': initialization started
06-May-2017 13:57:35.949 INFOS [main] org.springframework.web.context.support.AnnotationConfigWebApplicationContext.prepareRefresh Refreshing WebApplicationContext for namespace 'dispatcher-servlet': startup date [Sat May 06 13:57:35 CEST 2017]; parent: Root WebApplicationContext
06-May-2017 13:57:35.966 INFOS [main] org.springframework.web.servlet.DispatcherServlet.initServletBean FrameworkServlet 'dispatcher': initialization completed in 20 ms
06-May-2017 13:57:35.973 INFOS [main] org.apache.catalina.startup.HostConfig.deployWAR Deployment of web application archive [/home/cedric/workspace/environement/server/apache-tomcat-9.0.0.M20/webapps/SpringMVC4Tutorial.war] has finished in [1 240] ms
06-May-2017 13:57:35.974 INFOS [main] org.apache.catalina.startup.HostConfig.deployDirectory Déploiement du répertoire [/home/cedric/workspace/environement/server/apache-tomcat-9.0.0.M20/webapps/manager] de l'application web
06-May-2017 13:57:35.992 INFOS [main] org.apache.catalina.startup.HostConfig.deployDirectory Deployment of web application directory [/home/cedric/workspace/environement/server/apache-tomcat-9.0.0.M20/webapps/manager] has finished in [18] ms
06-May-2017 13:57:35.993 INFOS [main] org.apache.catalina.startup.HostConfig.deployDirectory Déploiement du répertoire [/home/cedric/workspace/environement/server/apache-tomcat-9.0.0.M20/webapps/ROOT] de l'application web
06-May-2017 13:57:36.000 INFOS [main] org.apache.catalina.startup.HostConfig.deployDirectory Deployment of web application directory [/home/cedric/workspace/environement/server/apache-tomcat-9.0.0.M20/webapps/ROOT] has finished in [7] ms
06-May-2017 13:57:36.000 INFOS [main] org.apache.catalina.startup.HostConfig.deployDirectory Déploiement du répertoire [/home/cedric/workspace/environement/server/apache-tomcat-9.0.0.M20/webapps/examples] de l'application web
06-May-2017 13:57:36.094 INFOS [main] org.apache.catalina.startup.HostConfig.deployDirectory Deployment of web application directory [/home/cedric/workspace/environement/server/apache-tomcat-9.0.0.M20/webapps/examples] has finished in [94] ms
06-May-2017 13:57:36.094 INFOS [main] org.apache.catalina.startup.HostConfig.deployDirectory Déploiement du répertoire [/home/cedric/workspace/environement/server/apache-tomcat-9.0.0.M20/webapps/docs] de l'application web
06-May-2017 13:57:36.102 INFOS [main] org.apache.catalina.startup.HostConfig.deployDirectory Deployment of web application directory [/home/cedric/workspace/environement/server/apache-tomcat-9.0.0.M20/webapps/docs] has finished in [8] ms
06-May-2017 13:57:36.102 INFOS [main] org.apache.catalina.startup.HostConfig.deployDirectory Déploiement du répertoire [/home/cedric/workspace/environement/server/apache-tomcat-9.0.0.M20/webapps/host-manager] de l'application web
06-May-2017 13:57:36.113 INFOS [main] org.apache.catalina.startup.HostConfig.deployDirectory Deployment of web application directory [/home/cedric/workspace/environement/server/apache-tomcat-9.0.0.M20/webapps/host-manager] has finished in [11] ms
06-May-2017 13:57:36.116 INFOS [main] org.apache.coyote.AbstractProtocol.start Starting ProtocolHandler ["http-nio-8080"]
06-May-2017 13:57:36.124 INFOS [main] org.apache.coyote.AbstractProtocol.start Starting ProtocolHandler ["ajp-nio-8009"]
06-May-2017 13:57:36.125 INFOS [main] org.apache.catalina.startup.Catalina.start Server startup in 1431 ms
