22-Apr-2017 16:32:13.216 INFOS [main] org.apache.catalina.startup.VersionLoggerListener.log Server version:        Apache Tomcat/9.0.0.M20
22-Apr-2017 16:32:13.219 INFOS [main] org.apache.catalina.startup.VersionLoggerListener.log Server built:          Apr 12 2017 19:27:10 UTC
22-Apr-2017 16:32:13.219 INFOS [main] org.apache.catalina.startup.VersionLoggerListener.log Server number:         9.0.0.0
22-Apr-2017 16:32:13.219 INFOS [main] org.apache.catalina.startup.VersionLoggerListener.log OS Name:               Linux
22-Apr-2017 16:32:13.219 INFOS [main] org.apache.catalina.startup.VersionLoggerListener.log OS Version:            4.4.0-66-generic
22-Apr-2017 16:32:13.219 INFOS [main] org.apache.catalina.startup.VersionLoggerListener.log Architecture:          amd64
22-Apr-2017 16:32:13.219 INFOS [main] org.apache.catalina.startup.VersionLoggerListener.log Java Home:             /usr/lib/jvm/java-8-oracle/jre
22-Apr-2017 16:32:13.219 INFOS [main] org.apache.catalina.startup.VersionLoggerListener.log JVM Version:           1.8.0_121-b13
22-Apr-2017 16:32:13.219 INFOS [main] org.apache.catalina.startup.VersionLoggerListener.log JVM Vendor:            Oracle Corporation
22-Apr-2017 16:32:13.219 INFOS [main] org.apache.catalina.startup.VersionLoggerListener.log CATALINA_BASE:         /home/cedric/workspace/environement/server/apache-tomcat-9.0.0.M20
22-Apr-2017 16:32:13.219 INFOS [main] org.apache.catalina.startup.VersionLoggerListener.log CATALINA_HOME:         /home/cedric/workspace/environement/server/apache-tomcat-9.0.0.M20
22-Apr-2017 16:32:13.220 INFOS [main] org.apache.catalina.startup.VersionLoggerListener.log Command line argument: -Djava.util.logging.config.file=/home/cedric/workspace/environement/server/apache-tomcat-9.0.0.M20/conf/logging.properties
22-Apr-2017 16:32:13.220 INFOS [main] org.apache.catalina.startup.VersionLoggerListener.log Command line argument: -Djava.util.logging.manager=org.apache.juli.ClassLoaderLogManager
22-Apr-2017 16:32:13.220 INFOS [main] org.apache.catalina.startup.VersionLoggerListener.log Command line argument: -Djdk.tls.ephemeralDHKeySize=2048
22-Apr-2017 16:32:13.220 INFOS [main] org.apache.catalina.startup.VersionLoggerListener.log Command line argument: -Djava.protocol.handler.pkgs=org.apache.catalina.webresources
22-Apr-2017 16:32:13.220 INFOS [main] org.apache.catalina.startup.VersionLoggerListener.log Command line argument: -Dcatalina.base=/home/cedric/workspace/environement/server/apache-tomcat-9.0.0.M20
22-Apr-2017 16:32:13.220 INFOS [main] org.apache.catalina.startup.VersionLoggerListener.log Command line argument: -Dcatalina.home=/home/cedric/workspace/environement/server/apache-tomcat-9.0.0.M20
22-Apr-2017 16:32:13.220 INFOS [main] org.apache.catalina.startup.VersionLoggerListener.log Command line argument: -Djava.io.tmpdir=/home/cedric/workspace/environement/server/apache-tomcat-9.0.0.M20/temp
22-Apr-2017 16:32:13.220 INFOS [main] org.apache.catalina.core.AprLifecycleListener.lifecycleEvent The APR based Apache Tomcat Native library which allows optimal performance in production environments was not found on the java.library.path: [/usr/java/packages/lib/amd64:/usr/lib64:/lib64:/lib:/usr/lib]
22-Apr-2017 16:32:13.317 INFOS [main] org.apache.coyote.AbstractProtocol.init Initializing ProtocolHandler ["http-nio-8080"]
22-Apr-2017 16:32:13.330 INFOS [main] org.apache.tomcat.util.net.NioSelectorPool.getSharedSelector Using a shared selector for servlet write/read
22-Apr-2017 16:32:13.332 INFOS [main] org.apache.coyote.AbstractProtocol.init Initializing ProtocolHandler ["ajp-nio-8009"]
22-Apr-2017 16:32:13.333 INFOS [main] org.apache.tomcat.util.net.NioSelectorPool.getSharedSelector Using a shared selector for servlet write/read
22-Apr-2017 16:32:13.333 INFOS [main] org.apache.catalina.startup.Catalina.load Initialization processed in 431 ms
22-Apr-2017 16:32:13.352 INFOS [main] org.apache.catalina.core.StandardService.startInternal Démarrage du service [Catalina]
22-Apr-2017 16:32:13.352 INFOS [main] org.apache.catalina.core.StandardEngine.startInternal Starting Servlet Engine: Apache Tomcat/9.0.0.M20
22-Apr-2017 16:32:13.359 INFOS [main] org.apache.catalina.startup.HostConfig.deployDirectory Déploiement du répertoire [/home/cedric/workspace/environement/server/apache-tomcat-9.0.0.M20/webapps/manager] de l'application web
22-Apr-2017 16:32:13.595 INFOS [main] org.apache.catalina.startup.HostConfig.deployDirectory Deployment of web application directory [/home/cedric/workspace/environement/server/apache-tomcat-9.0.0.M20/webapps/manager] has finished in [235] ms
22-Apr-2017 16:32:13.596 INFOS [main] org.apache.catalina.startup.HostConfig.deployDirectory Déploiement du répertoire [/home/cedric/workspace/environement/server/apache-tomcat-9.0.0.M20/webapps/ROOT] de l'application web
22-Apr-2017 16:32:13.607 INFOS [main] org.apache.catalina.startup.HostConfig.deployDirectory Deployment of web application directory [/home/cedric/workspace/environement/server/apache-tomcat-9.0.0.M20/webapps/ROOT] has finished in [11] ms
22-Apr-2017 16:32:13.607 INFOS [main] org.apache.catalina.startup.HostConfig.deployDirectory Déploiement du répertoire [/home/cedric/workspace/environement/server/apache-tomcat-9.0.0.M20/webapps/examples] de l'application web
22-Apr-2017 16:32:13.773 INFOS [main] org.apache.catalina.startup.HostConfig.deployDirectory Deployment of web application directory [/home/cedric/workspace/environement/server/apache-tomcat-9.0.0.M20/webapps/examples] has finished in [166] ms
22-Apr-2017 16:32:13.773 INFOS [main] org.apache.catalina.startup.HostConfig.deployDirectory Déploiement du répertoire [/home/cedric/workspace/environement/server/apache-tomcat-9.0.0.M20/webapps/docs] de l'application web
22-Apr-2017 16:32:13.782 INFOS [main] org.apache.catalina.startup.HostConfig.deployDirectory Deployment of web application directory [/home/cedric/workspace/environement/server/apache-tomcat-9.0.0.M20/webapps/docs] has finished in [8] ms
22-Apr-2017 16:32:13.782 INFOS [main] org.apache.catalina.startup.HostConfig.deployDirectory Déploiement du répertoire [/home/cedric/workspace/environement/server/apache-tomcat-9.0.0.M20/webapps/host-manager] de l'application web
22-Apr-2017 16:32:13.793 INFOS [main] org.apache.catalina.startup.HostConfig.deployDirectory Deployment of web application directory [/home/cedric/workspace/environement/server/apache-tomcat-9.0.0.M20/webapps/host-manager] has finished in [11] ms
22-Apr-2017 16:32:13.795 INFOS [main] org.apache.coyote.AbstractProtocol.start Starting ProtocolHandler ["http-nio-8080"]
22-Apr-2017 16:32:13.802 INFOS [main] org.apache.coyote.AbstractProtocol.start Starting ProtocolHandler ["ajp-nio-8009"]
22-Apr-2017 16:32:13.803 INFOS [main] org.apache.catalina.startup.Catalina.start Server startup in 470 ms
22-Apr-2017 16:37:53.829 INFOS [ContainerBackgroundProcessor[StandardEngine[Catalina]]] org.apache.catalina.startup.HostConfig.deployWAR Déploiement de l'archive [/home/cedric/workspace/environement/server/apache-tomcat-9.0.0.M20/webapps/SpringMVC4Tutorial.war] de l'application web
22-Apr-2017 16:37:54.177 INFOS [ContainerBackgroundProcessor[StandardEngine[Catalina]]] org.apache.jasper.servlet.TldScanner.scanJars At least one JAR was scanned for TLDs yet contained no TLDs. Enable debug logging for this logger for a complete list of JARs that were scanned but no TLDs were found in them. Skipping unneeded JARs during scanning can improve startup time and JSP compilation time.
22-Apr-2017 16:37:54.185 INFOS [ContainerBackgroundProcessor[StandardEngine[Catalina]]] org.apache.catalina.startup.HostConfig.deployWAR Deployment of web application archive [/home/cedric/workspace/environement/server/apache-tomcat-9.0.0.M20/webapps/SpringMVC4Tutorial.war] has finished in [356] ms
22-Apr-2017 16:38:19.136 INFOS [http-nio-8080-exec-5] org.apache.coyote.http11.Http11Processor.service Error parsing HTTP request header
 Note: further occurrences of HTTP header parsing errors will be logged at DEBUG level.
 java.lang.IllegalArgumentException: Invalid character found in method name. HTTP method names must be tokens
	at org.apache.coyote.http11.Http11InputBuffer.parseRequestLine(Http11InputBuffer.java:408)
	at org.apache.coyote.http11.Http11Processor.service(Http11Processor.java:380)
	at org.apache.coyote.AbstractProcessorLight.process(AbstractProcessorLight.java:66)
	at org.apache.coyote.AbstractProtocol$ConnectionHandler.process(AbstractProtocol.java:796)
	at org.apache.tomcat.util.net.NioEndpoint$SocketProcessor.doRun(NioEndpoint.java:1368)
	at org.apache.tomcat.util.net.SocketProcessorBase.run(SocketProcessorBase.java:49)
	at java.util.concurrent.ThreadPoolExecutor.runWorker(ThreadPoolExecutor.java:1142)
	at java.util.concurrent.ThreadPoolExecutor$Worker.run(ThreadPoolExecutor.java:617)
	at org.apache.tomcat.util.threads.TaskThread$WrappingRunnable.run(TaskThread.java:61)
	at java.lang.Thread.run(Thread.java:745)

22-Apr-2017 16:38:19.136 INFOS [http-nio-8080-exec-6] org.apache.coyote.http11.Http11Processor.service Error parsing HTTP request header
 Note: further occurrences of HTTP header parsing errors will be logged at DEBUG level.
 java.lang.IllegalArgumentException: Invalid character found in method name. HTTP method names must be tokens
	at org.apache.coyote.http11.Http11InputBuffer.parseRequestLine(Http11InputBuffer.java:408)
	at org.apache.coyote.http11.Http11Processor.service(Http11Processor.java:380)
	at org.apache.coyote.AbstractProcessorLight.process(AbstractProcessorLight.java:66)
	at org.apache.coyote.AbstractProtocol$ConnectionHandler.process(AbstractProtocol.java:796)
	at org.apache.tomcat.util.net.NioEndpoint$SocketProcessor.doRun(NioEndpoint.java:1368)
	at org.apache.tomcat.util.net.SocketProcessorBase.run(SocketProcessorBase.java:49)
	at java.util.concurrent.ThreadPoolExecutor.runWorker(ThreadPoolExecutor.java:1142)
	at java.util.concurrent.ThreadPoolExecutor$Worker.run(ThreadPoolExecutor.java:617)
	at org.apache.tomcat.util.threads.TaskThread$WrappingRunnable.run(TaskThread.java:61)
	at java.lang.Thread.run(Thread.java:745)

22-Apr-2017 16:40:33.232 INFOS [main] org.apache.catalina.core.StandardServer.await A valid shutdown command was received via the shutdown port. Stopping the Server instance.
22-Apr-2017 16:40:33.232 INFOS [main] org.apache.coyote.AbstractProtocol.pause Pausing ProtocolHandler ["http-nio-8080"]
22-Apr-2017 16:40:33.285 INFOS [main] org.apache.coyote.AbstractProtocol.pause Pausing ProtocolHandler ["ajp-nio-8009"]
22-Apr-2017 16:40:33.336 INFOS [main] org.apache.catalina.core.StandardService.stopInternal Arrêt du service [Catalina]
22-Apr-2017 16:40:33.358 INFOS [main] org.apache.coyote.AbstractProtocol.stop Stopping ProtocolHandler ["http-nio-8080"]
22-Apr-2017 16:40:33.359 INFOS [main] org.apache.coyote.AbstractProtocol.stop Stopping ProtocolHandler ["ajp-nio-8009"]
22-Apr-2017 16:40:33.359 INFOS [main] org.apache.coyote.AbstractProtocol.destroy Destroying ProtocolHandler ["http-nio-8080"]
22-Apr-2017 16:40:33.360 INFOS [main] org.apache.coyote.AbstractProtocol.destroy Destroying ProtocolHandler ["ajp-nio-8009"]
22-Apr-2017 17:01:10.761 INFOS [main] org.apache.catalina.startup.VersionLoggerListener.log Server version:        Apache Tomcat/9.0.0.M20
22-Apr-2017 17:01:10.763 INFOS [main] org.apache.catalina.startup.VersionLoggerListener.log Server built:          Apr 12 2017 19:27:10 UTC
22-Apr-2017 17:01:10.763 INFOS [main] org.apache.catalina.startup.VersionLoggerListener.log Server number:         9.0.0.0
22-Apr-2017 17:01:10.763 INFOS [main] org.apache.catalina.startup.VersionLoggerListener.log OS Name:               Linux
22-Apr-2017 17:01:10.763 INFOS [main] org.apache.catalina.startup.VersionLoggerListener.log OS Version:            4.4.0-66-generic
22-Apr-2017 17:01:10.763 INFOS [main] org.apache.catalina.startup.VersionLoggerListener.log Architecture:          amd64
22-Apr-2017 17:01:10.764 INFOS [main] org.apache.catalina.startup.VersionLoggerListener.log Java Home:             /usr/lib/jvm/java-8-oracle/jre
22-Apr-2017 17:01:10.764 INFOS [main] org.apache.catalina.startup.VersionLoggerListener.log JVM Version:           1.8.0_121-b13
22-Apr-2017 17:01:10.764 INFOS [main] org.apache.catalina.startup.VersionLoggerListener.log JVM Vendor:            Oracle Corporation
22-Apr-2017 17:01:10.764 INFOS [main] org.apache.catalina.startup.VersionLoggerListener.log CATALINA_BASE:         /home/cedric/workspace/environement/server/apache-tomcat-9.0.0.M20
22-Apr-2017 17:01:10.764 INFOS [main] org.apache.catalina.startup.VersionLoggerListener.log CATALINA_HOME:         /home/cedric/workspace/environement/server/apache-tomcat-9.0.0.M20
22-Apr-2017 17:01:10.764 INFOS [main] org.apache.catalina.startup.VersionLoggerListener.log Command line argument: -Djava.util.logging.config.file=/home/cedric/workspace/environement/server/apache-tomcat-9.0.0.M20/conf/logging.properties
22-Apr-2017 17:01:10.764 INFOS [main] org.apache.catalina.startup.VersionLoggerListener.log Command line argument: -Djava.util.logging.manager=org.apache.juli.ClassLoaderLogManager
22-Apr-2017 17:01:10.764 INFOS [main] org.apache.catalina.startup.VersionLoggerListener.log Command line argument: -Djdk.tls.ephemeralDHKeySize=2048
22-Apr-2017 17:01:10.764 INFOS [main] org.apache.catalina.startup.VersionLoggerListener.log Command line argument: -Djava.protocol.handler.pkgs=org.apache.catalina.webresources
22-Apr-2017 17:01:10.764 INFOS [main] org.apache.catalina.startup.VersionLoggerListener.log Command line argument: -Dcatalina.base=/home/cedric/workspace/environement/server/apache-tomcat-9.0.0.M20
22-Apr-2017 17:01:10.764 INFOS [main] org.apache.catalina.startup.VersionLoggerListener.log Command line argument: -Dcatalina.home=/home/cedric/workspace/environement/server/apache-tomcat-9.0.0.M20
22-Apr-2017 17:01:10.764 INFOS [main] org.apache.catalina.startup.VersionLoggerListener.log Command line argument: -Djava.io.tmpdir=/home/cedric/workspace/environement/server/apache-tomcat-9.0.0.M20/temp
22-Apr-2017 17:01:10.765 INFOS [main] org.apache.catalina.core.AprLifecycleListener.lifecycleEvent The APR based Apache Tomcat Native library which allows optimal performance in production environments was not found on the java.library.path: [/usr/java/packages/lib/amd64:/usr/lib64:/lib64:/lib:/usr/lib]
22-Apr-2017 17:01:10.863 INFOS [main] org.apache.coyote.AbstractProtocol.init Initializing ProtocolHandler ["http-nio-8080"]
22-Apr-2017 17:01:10.876 INFOS [main] org.apache.tomcat.util.net.NioSelectorPool.getSharedSelector Using a shared selector for servlet write/read
22-Apr-2017 17:01:10.878 INFOS [main] org.apache.coyote.AbstractProtocol.init Initializing ProtocolHandler ["ajp-nio-8009"]
22-Apr-2017 17:01:10.879 INFOS [main] org.apache.tomcat.util.net.NioSelectorPool.getSharedSelector Using a shared selector for servlet write/read
22-Apr-2017 17:01:10.879 INFOS [main] org.apache.catalina.startup.Catalina.load Initialization processed in 455 ms
22-Apr-2017 17:01:10.898 INFOS [main] org.apache.catalina.core.StandardService.startInternal Démarrage du service [Catalina]
22-Apr-2017 17:01:10.899 INFOS [main] org.apache.catalina.core.StandardEngine.startInternal Starting Servlet Engine: Apache Tomcat/9.0.0.M20
22-Apr-2017 17:01:10.904 INFOS [main] org.apache.catalina.startup.HostConfig.deployDirectory Déploiement du répertoire [/home/cedric/workspace/environement/server/apache-tomcat-9.0.0.M20/webapps/manager] de l'application web
22-Apr-2017 17:01:11.139 INFOS [main] org.apache.catalina.startup.HostConfig.deployDirectory Deployment of web application directory [/home/cedric/workspace/environement/server/apache-tomcat-9.0.0.M20/webapps/manager] has finished in [234] ms
22-Apr-2017 17:01:11.139 INFOS [main] org.apache.catalina.startup.HostConfig.deployDirectory Déploiement du répertoire [/home/cedric/workspace/environement/server/apache-tomcat-9.0.0.M20/webapps/ROOT] de l'application web
22-Apr-2017 17:01:11.150 INFOS [main] org.apache.catalina.startup.HostConfig.deployDirectory Deployment of web application directory [/home/cedric/workspace/environement/server/apache-tomcat-9.0.0.M20/webapps/ROOT] has finished in [11] ms
22-Apr-2017 17:01:11.150 INFOS [main] org.apache.catalina.startup.HostConfig.deployDirectory Déploiement du répertoire [/home/cedric/workspace/environement/server/apache-tomcat-9.0.0.M20/webapps/examples] de l'application web
22-Apr-2017 17:01:11.315 INFOS [main] org.apache.catalina.startup.HostConfig.deployDirectory Deployment of web application directory [/home/cedric/workspace/environement/server/apache-tomcat-9.0.0.M20/webapps/examples] has finished in [165] ms
22-Apr-2017 17:01:11.315 INFOS [main] org.apache.catalina.startup.HostConfig.deployDirectory Déploiement du répertoire [/home/cedric/workspace/environement/server/apache-tomcat-9.0.0.M20/webapps/docs] de l'application web
22-Apr-2017 17:01:11.324 INFOS [main] org.apache.catalina.startup.HostConfig.deployDirectory Deployment of web application directory [/home/cedric/workspace/environement/server/apache-tomcat-9.0.0.M20/webapps/docs] has finished in [9] ms
22-Apr-2017 17:01:11.324 INFOS [main] org.apache.catalina.startup.HostConfig.deployDirectory Déploiement du répertoire [/home/cedric/workspace/environement/server/apache-tomcat-9.0.0.M20/webapps/host-manager] de l'application web
22-Apr-2017 17:01:11.335 INFOS [main] org.apache.catalina.startup.HostConfig.deployDirectory Deployment of web application directory [/home/cedric/workspace/environement/server/apache-tomcat-9.0.0.M20/webapps/host-manager] has finished in [11] ms
22-Apr-2017 17:01:11.337 INFOS [main] org.apache.coyote.AbstractProtocol.start Starting ProtocolHandler ["http-nio-8080"]
22-Apr-2017 17:01:11.344 INFOS [main] org.apache.coyote.AbstractProtocol.start Starting ProtocolHandler ["ajp-nio-8009"]
22-Apr-2017 17:01:11.345 INFOS [main] org.apache.catalina.startup.Catalina.start Server startup in 466 ms
22-Apr-2017 17:02:01.345 INFOS [ContainerBackgroundProcessor[StandardEngine[Catalina]]] org.apache.catalina.startup.HostConfig.deployWAR Déploiement de l'archive [/home/cedric/workspace/environement/server/apache-tomcat-9.0.0.M20/webapps/Spring4MVCHelloWorldNoXMLDemo.war] de l'application web
22-Apr-2017 17:02:01.757 INFOS [ContainerBackgroundProcessor[StandardEngine[Catalina]]] org.apache.jasper.servlet.TldScanner.scanJars At least one JAR was scanned for TLDs yet contained no TLDs. Enable debug logging for this logger for a complete list of JARs that were scanned but no TLDs were found in them. Skipping unneeded JARs during scanning can improve startup time and JSP compilation time.
22-Apr-2017 17:02:01.805 INFOS [ContainerBackgroundProcessor[StandardEngine[Catalina]]] org.springframework.web.context.ContextLoader.initWebApplicationContext Root WebApplicationContext: initialization started
22-Apr-2017 17:02:01.853 INFOS [ContainerBackgroundProcessor[StandardEngine[Catalina]]] org.springframework.web.context.support.AnnotationConfigWebApplicationContext.prepareRefresh Refreshing Root WebApplicationContext: startup date [Sat Apr 22 17:02:01 CEST 2017]; root of context hierarchy
22-Apr-2017 17:02:01.894 INFOS [ContainerBackgroundProcessor[StandardEngine[Catalina]]] org.springframework.web.context.support.AnnotationConfigWebApplicationContext.loadBeanDefinitions Registering annotated classes: [class com.cevex.springmvc4.tuto.configuration.HelloWorldConfiguration]
22-Apr-2017 17:02:02.315 INFOS [ContainerBackgroundProcessor[StandardEngine[Catalina]]] org.springframework.web.context.ContextLoader.initWebApplicationContext Root WebApplicationContext: initialization completed in 510 ms
22-Apr-2017 17:02:02.318 INFOS [ContainerBackgroundProcessor[StandardEngine[Catalina]]] org.springframework.web.servlet.DispatcherServlet.initServletBean FrameworkServlet 'dispatcher': initialization started
22-Apr-2017 17:02:02.321 INFOS [ContainerBackgroundProcessor[StandardEngine[Catalina]]] org.springframework.web.context.support.AnnotationConfigWebApplicationContext.prepareRefresh Refreshing WebApplicationContext for namespace 'dispatcher-servlet': startup date [Sat Apr 22 17:02:02 CEST 2017]; parent: Root WebApplicationContext
22-Apr-2017 17:02:02.338 INFOS [ContainerBackgroundProcessor[StandardEngine[Catalina]]] org.springframework.web.servlet.DispatcherServlet.initServletBean FrameworkServlet 'dispatcher': initialization completed in 20 ms
22-Apr-2017 17:02:02.339 INFOS [ContainerBackgroundProcessor[StandardEngine[Catalina]]] org.apache.catalina.startup.HostConfig.deployWAR Deployment of web application archive [/home/cedric/workspace/environement/server/apache-tomcat-9.0.0.M20/webapps/Spring4MVCHelloWorldNoXMLDemo.war] has finished in [994] ms
22-Apr-2017 17:02:40.084 INFOS [http-nio-8080-exec-7] org.apache.coyote.http11.Http11Processor.service Error parsing HTTP request header
 Note: further occurrences of HTTP header parsing errors will be logged at DEBUG level.
 java.lang.IllegalArgumentException: Invalid character found in method name. HTTP method names must be tokens
	at org.apache.coyote.http11.Http11InputBuffer.parseRequestLine(Http11InputBuffer.java:408)
	at org.apache.coyote.http11.Http11Processor.service(Http11Processor.java:380)
	at org.apache.coyote.AbstractProcessorLight.process(AbstractProcessorLight.java:66)
	at org.apache.coyote.AbstractProtocol$ConnectionHandler.process(AbstractProtocol.java:796)
	at org.apache.tomcat.util.net.NioEndpoint$SocketProcessor.doRun(NioEndpoint.java:1368)
	at org.apache.tomcat.util.net.SocketProcessorBase.run(SocketProcessorBase.java:49)
	at java.util.concurrent.ThreadPoolExecutor.runWorker(ThreadPoolExecutor.java:1142)
	at java.util.concurrent.ThreadPoolExecutor$Worker.run(ThreadPoolExecutor.java:617)
	at org.apache.tomcat.util.threads.TaskThread$WrappingRunnable.run(TaskThread.java:61)
	at java.lang.Thread.run(Thread.java:745)

22-Apr-2017 17:02:40.084 INFOS [http-nio-8080-exec-6] org.apache.coyote.http11.Http11Processor.service Error parsing HTTP request header
 Note: further occurrences of HTTP header parsing errors will be logged at DEBUG level.
 java.lang.IllegalArgumentException: Invalid character found in method name. HTTP method names must be tokens
	at org.apache.coyote.http11.Http11InputBuffer.parseRequestLine(Http11InputBuffer.java:408)
	at org.apache.coyote.http11.Http11Processor.service(Http11Processor.java:380)
	at org.apache.coyote.AbstractProcessorLight.process(AbstractProcessorLight.java:66)
	at org.apache.coyote.AbstractProtocol$ConnectionHandler.process(AbstractProtocol.java:796)
	at org.apache.tomcat.util.net.NioEndpoint$SocketProcessor.doRun(NioEndpoint.java:1368)
	at org.apache.tomcat.util.net.SocketProcessorBase.run(SocketProcessorBase.java:49)
	at java.util.concurrent.ThreadPoolExecutor.runWorker(ThreadPoolExecutor.java:1142)
	at java.util.concurrent.ThreadPoolExecutor$Worker.run(ThreadPoolExecutor.java:617)
	at org.apache.tomcat.util.threads.TaskThread$WrappingRunnable.run(TaskThread.java:61)
	at java.lang.Thread.run(Thread.java:745)

22-Apr-2017 17:06:42.371 INFOS [ContainerBackgroundProcessor[StandardEngine[Catalina]]] org.apache.catalina.startup.HostConfig.undeploy Repli (undeploy) de l'application web ayant pour chemin de contexte [/Spring4MVCHelloWorldNoXMLDemo]
22-Apr-2017 17:06:42.372 INFOS [ContainerBackgroundProcessor[StandardEngine[Catalina]]] org.springframework.web.context.support.AnnotationConfigWebApplicationContext.doClose Closing WebApplicationContext for namespace 'dispatcher-servlet': startup date [Sat Apr 22 17:02:02 CEST 2017]; parent: Root WebApplicationContext
22-Apr-2017 17:06:42.373 INFOS [ContainerBackgroundProcessor[StandardEngine[Catalina]]] org.springframework.web.context.support.AnnotationConfigWebApplicationContext.doClose Closing Root WebApplicationContext: startup date [Sat Apr 22 17:02:01 CEST 2017]; root of context hierarchy
22-Apr-2017 17:06:42.383 INFOS [ContainerBackgroundProcessor[StandardEngine[Catalina]]] org.apache.catalina.startup.HostConfig.deployWAR Déploiement de l'archive [/home/cedric/workspace/environement/server/apache-tomcat-9.0.0.M20/webapps/Spring4MVCHelloWorldNoXMLDemo.war] de l'application web
22-Apr-2017 17:06:42.715 INFOS [ContainerBackgroundProcessor[StandardEngine[Catalina]]] org.apache.jasper.servlet.TldScanner.scanJars At least one JAR was scanned for TLDs yet contained no TLDs. Enable debug logging for this logger for a complete list of JARs that were scanned but no TLDs were found in them. Skipping unneeded JARs during scanning can improve startup time and JSP compilation time.
22-Apr-2017 17:06:42.776 INFOS [ContainerBackgroundProcessor[StandardEngine[Catalina]]] org.springframework.web.context.ContextLoader.initWebApplicationContext Root WebApplicationContext: initialization started
22-Apr-2017 17:06:42.833 INFOS [ContainerBackgroundProcessor[StandardEngine[Catalina]]] org.springframework.web.context.support.AnnotationConfigWebApplicationContext.prepareRefresh Refreshing Root WebApplicationContext: startup date [Sat Apr 22 17:06:42 CEST 2017]; root of context hierarchy
22-Apr-2017 17:06:42.884 INFOS [ContainerBackgroundProcessor[StandardEngine[Catalina]]] org.springframework.web.context.support.AnnotationConfigWebApplicationContext.loadBeanDefinitions Registering annotated classes: [class com.cevex.tuto.springmvc4.configuration.HelloWorldConfiguration]
22-Apr-2017 17:06:43.304 INFOS [ContainerBackgroundProcessor[StandardEngine[Catalina]]] org.springframework.web.servlet.mvc.method.annotation.RequestMappingHandlerMapping.registerHandlerMethod Mapped "{[//helloagain],methods=[GET],params=[],headers=[],consumes=[],produces=[],custom=[]}" onto public java.lang.String com.cevex.tuto.springmvc4.controller.HelloWorldController.sayHelloAgain(org.springframework.ui.ModelMap)
22-Apr-2017 17:06:43.304 INFOS [ContainerBackgroundProcessor[StandardEngine[Catalina]]] org.springframework.web.servlet.mvc.method.annotation.RequestMappingHandlerMapping.registerHandlerMethod Mapped "{[/],methods=[GET],params=[],headers=[],consumes=[],produces=[],custom=[]}" onto public java.lang.String com.cevex.tuto.springmvc4.controller.HelloWorldController.sayHello(org.springframework.ui.ModelMap)
22-Apr-2017 17:06:43.375 INFOS [ContainerBackgroundProcessor[StandardEngine[Catalina]]] org.springframework.web.context.ContextLoader.initWebApplicationContext Root WebApplicationContext: initialization completed in 599 ms
22-Apr-2017 17:06:43.379 INFOS [ContainerBackgroundProcessor[StandardEngine[Catalina]]] org.springframework.web.servlet.DispatcherServlet.initServletBean FrameworkServlet 'dispatcher': initialization started
22-Apr-2017 17:06:43.382 INFOS [ContainerBackgroundProcessor[StandardEngine[Catalina]]] org.springframework.web.context.support.AnnotationConfigWebApplicationContext.prepareRefresh Refreshing WebApplicationContext for namespace 'dispatcher-servlet': startup date [Sat Apr 22 17:06:43 CEST 2017]; parent: Root WebApplicationContext
22-Apr-2017 17:06:43.400 INFOS [ContainerBackgroundProcessor[StandardEngine[Catalina]]] org.springframework.web.servlet.DispatcherServlet.initServletBean FrameworkServlet 'dispatcher': initialization completed in 21 ms
22-Apr-2017 17:06:43.401 INFOS [ContainerBackgroundProcessor[StandardEngine[Catalina]]] org.apache.catalina.startup.HostConfig.deployWAR Deployment of web application archive [/home/cedric/workspace/environement/server/apache-tomcat-9.0.0.M20/webapps/Spring4MVCHelloWorldNoXMLDemo.war] has finished in [1 018] ms
22-Apr-2017 17:11:47.436 INFOS [Thread-5] org.apache.coyote.AbstractProtocol.pause Pausing ProtocolHandler ["http-nio-8080"]
22-Apr-2017 17:11:47.490 INFOS [Thread-5] org.apache.coyote.AbstractProtocol.pause Pausing ProtocolHandler ["ajp-nio-8009"]
22-Apr-2017 17:11:47.541 INFOS [Thread-5] org.apache.catalina.core.StandardService.stopInternal Arrêt du service [Catalina]
22-Apr-2017 17:11:47.550 INFOS [Thread-5] org.springframework.web.context.support.AnnotationConfigWebApplicationContext.doClose Closing WebApplicationContext for namespace 'dispatcher-servlet': startup date [Sat Apr 22 17:06:43 CEST 2017]; parent: Root WebApplicationContext
22-Apr-2017 17:11:47.552 INFOS [Thread-5] org.springframework.web.context.support.AnnotationConfigWebApplicationContext.doClose Closing Root WebApplicationContext: startup date [Sat Apr 22 17:06:42 CEST 2017]; root of context hierarchy
22-Apr-2017 17:11:47.568 INFOS [Thread-5] org.apache.coyote.AbstractProtocol.stop Stopping ProtocolHandler ["http-nio-8080"]
22-Apr-2017 17:11:47.570 INFOS [Thread-5] org.apache.coyote.AbstractProtocol.stop Stopping ProtocolHandler ["ajp-nio-8009"]
22-Apr-2017 17:11:47.571 INFOS [Thread-5] org.apache.coyote.AbstractProtocol.destroy Destroying ProtocolHandler ["http-nio-8080"]
22-Apr-2017 17:11:47.572 INFOS [Thread-5] org.apache.coyote.AbstractProtocol.destroy Destroying ProtocolHandler ["ajp-nio-8009"]
22-Apr-2017 17:14:20.554 INFOS [main] org.apache.catalina.startup.VersionLoggerListener.log Server version:        Apache Tomcat/9.0.0.M20
22-Apr-2017 17:14:20.556 INFOS [main] org.apache.catalina.startup.VersionLoggerListener.log Server built:          Apr 12 2017 19:27:10 UTC
22-Apr-2017 17:14:20.556 INFOS [main] org.apache.catalina.startup.VersionLoggerListener.log Server number:         9.0.0.0
22-Apr-2017 17:14:20.556 INFOS [main] org.apache.catalina.startup.VersionLoggerListener.log OS Name:               Linux
22-Apr-2017 17:14:20.556 INFOS [main] org.apache.catalina.startup.VersionLoggerListener.log OS Version:            4.4.0-66-generic
22-Apr-2017 17:14:20.556 INFOS [main] org.apache.catalina.startup.VersionLoggerListener.log Architecture:          amd64
22-Apr-2017 17:14:20.556 INFOS [main] org.apache.catalina.startup.VersionLoggerListener.log Java Home:             /usr/lib/jvm/java-8-oracle/jre
22-Apr-2017 17:14:20.557 INFOS [main] org.apache.catalina.startup.VersionLoggerListener.log JVM Version:           1.8.0_121-b13
22-Apr-2017 17:14:20.557 INFOS [main] org.apache.catalina.startup.VersionLoggerListener.log JVM Vendor:            Oracle Corporation
22-Apr-2017 17:14:20.557 INFOS [main] org.apache.catalina.startup.VersionLoggerListener.log CATALINA_BASE:         /home/cedric/workspace/environement/server/apache-tomcat-9.0.0.M20
22-Apr-2017 17:14:20.557 INFOS [main] org.apache.catalina.startup.VersionLoggerListener.log CATALINA_HOME:         /home/cedric/workspace/environement/server/apache-tomcat-9.0.0.M20
22-Apr-2017 17:14:20.557 INFOS [main] org.apache.catalina.startup.VersionLoggerListener.log Command line argument: -Djava.util.logging.config.file=/home/cedric/workspace/environement/server/apache-tomcat-9.0.0.M20/conf/logging.properties
22-Apr-2017 17:14:20.557 INFOS [main] org.apache.catalina.startup.VersionLoggerListener.log Command line argument: -Djava.util.logging.manager=org.apache.juli.ClassLoaderLogManager
22-Apr-2017 17:14:20.557 INFOS [main] org.apache.catalina.startup.VersionLoggerListener.log Command line argument: -Djdk.tls.ephemeralDHKeySize=2048
22-Apr-2017 17:14:20.557 INFOS [main] org.apache.catalina.startup.VersionLoggerListener.log Command line argument: -Djava.protocol.handler.pkgs=org.apache.catalina.webresources
22-Apr-2017 17:14:20.557 INFOS [main] org.apache.catalina.startup.VersionLoggerListener.log Command line argument: -Dcatalina.base=/home/cedric/workspace/environement/server/apache-tomcat-9.0.0.M20
22-Apr-2017 17:14:20.557 INFOS [main] org.apache.catalina.startup.VersionLoggerListener.log Command line argument: -Dcatalina.home=/home/cedric/workspace/environement/server/apache-tomcat-9.0.0.M20
22-Apr-2017 17:14:20.557 INFOS [main] org.apache.catalina.startup.VersionLoggerListener.log Command line argument: -Djava.io.tmpdir=/home/cedric/workspace/environement/server/apache-tomcat-9.0.0.M20/temp
22-Apr-2017 17:14:20.558 INFOS [main] org.apache.catalina.core.AprLifecycleListener.lifecycleEvent The APR based Apache Tomcat Native library which allows optimal performance in production environments was not found on the java.library.path: [/usr/java/packages/lib/amd64:/usr/lib64:/lib64:/lib:/usr/lib]
22-Apr-2017 17:14:20.654 INFOS [main] org.apache.coyote.AbstractProtocol.init Initializing ProtocolHandler ["http-nio-8080"]
22-Apr-2017 17:14:20.667 INFOS [main] org.apache.tomcat.util.net.NioSelectorPool.getSharedSelector Using a shared selector for servlet write/read
22-Apr-2017 17:14:20.669 INFOS [main] org.apache.coyote.AbstractProtocol.init Initializing ProtocolHandler ["ajp-nio-8009"]
22-Apr-2017 17:14:20.670 INFOS [main] org.apache.tomcat.util.net.NioSelectorPool.getSharedSelector Using a shared selector for servlet write/read
22-Apr-2017 17:14:20.671 INFOS [main] org.apache.catalina.startup.Catalina.load Initialization processed in 424 ms
22-Apr-2017 17:14:20.690 INFOS [main] org.apache.catalina.core.StandardService.startInternal Démarrage du service [Catalina]
22-Apr-2017 17:14:20.690 INFOS [main] org.apache.catalina.core.StandardEngine.startInternal Starting Servlet Engine: Apache Tomcat/9.0.0.M20
22-Apr-2017 17:14:20.707 INFOS [main] org.apache.catalina.startup.HostConfig.deployWAR Déploiement de l'archive [/home/cedric/workspace/environement/server/apache-tomcat-9.0.0.M20/webapps/Spring4MVCHelloWorldNoXMLDemo.war] de l'application web
22-Apr-2017 17:14:21.333 INFOS [main] org.apache.jasper.servlet.TldScanner.scanJars At least one JAR was scanned for TLDs yet contained no TLDs. Enable debug logging for this logger for a complete list of JARs that were scanned but no TLDs were found in them. Skipping unneeded JARs during scanning can improve startup time and JSP compilation time.
22-Apr-2017 17:14:21.385 INFOS [main] org.springframework.web.context.ContextLoader.initWebApplicationContext Root WebApplicationContext: initialization started
22-Apr-2017 17:14:21.441 INFOS [main] org.springframework.web.context.support.AnnotationConfigWebApplicationContext.prepareRefresh Refreshing Root WebApplicationContext: startup date [Sat Apr 22 17:14:21 CEST 2017]; root of context hierarchy
22-Apr-2017 17:14:21.485 INFOS [main] org.springframework.web.context.support.AnnotationConfigWebApplicationContext.loadBeanDefinitions Registering annotated classes: [class com.cevex.tuto.springmvc4.configuration.HelloWorldConfiguration]
22-Apr-2017 17:14:21.902 INFOS [main] org.springframework.web.servlet.mvc.method.annotation.RequestMappingHandlerMapping.registerHandlerMethod Mapped "{[/],methods=[GET],params=[],headers=[],consumes=[],produces=[],custom=[]}" onto public java.lang.String com.cevex.tuto.springmvc4.controller.HelloWorldController.sayHello(org.springframework.ui.ModelMap)
22-Apr-2017 17:14:21.902 INFOS [main] org.springframework.web.servlet.mvc.method.annotation.RequestMappingHandlerMapping.registerHandlerMethod Mapped "{[//helloagain],methods=[GET],params=[],headers=[],consumes=[],produces=[],custom=[]}" onto public java.lang.String com.cevex.tuto.springmvc4.controller.HelloWorldController.sayHelloAgain(org.springframework.ui.ModelMap)
22-Apr-2017 17:14:21.925 INFOS [main] org.springframework.web.context.ContextLoader.initWebApplicationContext Root WebApplicationContext: initialization completed in 540 ms
22-Apr-2017 17:14:21.940 INFOS [main] org.springframework.web.servlet.DispatcherServlet.initServletBean FrameworkServlet 'dispatcher': initialization started
22-Apr-2017 17:14:21.944 INFOS [main] org.springframework.web.context.support.AnnotationConfigWebApplicationContext.prepareRefresh Refreshing WebApplicationContext for namespace 'dispatcher-servlet': startup date [Sat Apr 22 17:14:21 CEST 2017]; parent: Root WebApplicationContext
22-Apr-2017 17:14:21.961 INFOS [main] org.springframework.web.servlet.DispatcherServlet.initServletBean FrameworkServlet 'dispatcher': initialization completed in 21 ms
22-Apr-2017 17:14:21.968 INFOS [main] org.apache.catalina.startup.HostConfig.deployWAR Deployment of web application archive [/home/cedric/workspace/environement/server/apache-tomcat-9.0.0.M20/webapps/Spring4MVCHelloWorldNoXMLDemo.war] has finished in [1 260] ms
22-Apr-2017 17:14:21.968 INFOS [main] org.apache.catalina.startup.HostConfig.deployDirectory Déploiement du répertoire [/home/cedric/workspace/environement/server/apache-tomcat-9.0.0.M20/webapps/manager] de l'application web
22-Apr-2017 17:14:21.989 INFOS [main] org.apache.catalina.startup.HostConfig.deployDirectory Deployment of web application directory [/home/cedric/workspace/environement/server/apache-tomcat-9.0.0.M20/webapps/manager] has finished in [20] ms
22-Apr-2017 17:14:21.989 INFOS [main] org.apache.catalina.startup.HostConfig.deployDirectory Déploiement du répertoire [/home/cedric/workspace/environement/server/apache-tomcat-9.0.0.M20/webapps/ROOT] de l'application web
22-Apr-2017 17:14:21.997 INFOS [main] org.apache.catalina.startup.HostConfig.deployDirectory Deployment of web application directory [/home/cedric/workspace/environement/server/apache-tomcat-9.0.0.M20/webapps/ROOT] has finished in [8] ms
22-Apr-2017 17:14:21.997 INFOS [main] org.apache.catalina.startup.HostConfig.deployDirectory Déploiement du répertoire [/home/cedric/workspace/environement/server/apache-tomcat-9.0.0.M20/webapps/examples] de l'application web
22-Apr-2017 17:14:22.085 INFOS [main] org.apache.catalina.startup.HostConfig.deployDirectory Deployment of web application directory [/home/cedric/workspace/environement/server/apache-tomcat-9.0.0.M20/webapps/examples] has finished in [87] ms
22-Apr-2017 17:14:22.085 INFOS [main] org.apache.catalina.startup.HostConfig.deployDirectory Déploiement du répertoire [/home/cedric/workspace/environement/server/apache-tomcat-9.0.0.M20/webapps/docs] de l'application web
22-Apr-2017 17:14:22.092 INFOS [main] org.apache.catalina.startup.HostConfig.deployDirectory Deployment of web application directory [/home/cedric/workspace/environement/server/apache-tomcat-9.0.0.M20/webapps/docs] has finished in [7] ms
22-Apr-2017 17:14:22.093 INFOS [main] org.apache.catalina.startup.HostConfig.deployDirectory Déploiement du répertoire [/home/cedric/workspace/environement/server/apache-tomcat-9.0.0.M20/webapps/host-manager] de l'application web
22-Apr-2017 17:14:22.102 INFOS [main] org.apache.catalina.startup.HostConfig.deployDirectory Deployment of web application directory [/home/cedric/workspace/environement/server/apache-tomcat-9.0.0.M20/webapps/host-manager] has finished in [10] ms
22-Apr-2017 17:14:22.104 INFOS [main] org.apache.coyote.AbstractProtocol.start Starting ProtocolHandler ["http-nio-8080"]
22-Apr-2017 17:14:22.111 INFOS [main] org.apache.coyote.AbstractProtocol.start Starting ProtocolHandler ["ajp-nio-8009"]
22-Apr-2017 17:14:22.112 INFOS [main] org.apache.catalina.startup.Catalina.start Server startup in 1441 ms
22-Apr-2017 17:14:32.066 INFOS [http-nio-8080-exec-2] org.apache.coyote.http11.Http11Processor.service Error parsing HTTP request header
 Note: further occurrences of HTTP header parsing errors will be logged at DEBUG level.
 java.lang.IllegalArgumentException: Invalid character found in method name. HTTP method names must be tokens
	at org.apache.coyote.http11.Http11InputBuffer.parseRequestLine(Http11InputBuffer.java:408)
	at org.apache.coyote.http11.Http11Processor.service(Http11Processor.java:380)
	at org.apache.coyote.AbstractProcessorLight.process(AbstractProcessorLight.java:66)
	at org.apache.coyote.AbstractProtocol$ConnectionHandler.process(AbstractProtocol.java:796)
	at org.apache.tomcat.util.net.NioEndpoint$SocketProcessor.doRun(NioEndpoint.java:1368)
	at org.apache.tomcat.util.net.SocketProcessorBase.run(SocketProcessorBase.java:49)
	at java.util.concurrent.ThreadPoolExecutor.runWorker(ThreadPoolExecutor.java:1142)
	at java.util.concurrent.ThreadPoolExecutor$Worker.run(ThreadPoolExecutor.java:617)
	at org.apache.tomcat.util.threads.TaskThread$WrappingRunnable.run(TaskThread.java:61)
	at java.lang.Thread.run(Thread.java:745)

22-Apr-2017 17:14:32.066 INFOS [http-nio-8080-exec-1] org.apache.coyote.http11.Http11Processor.service Error parsing HTTP request header
 Note: further occurrences of HTTP header parsing errors will be logged at DEBUG level.
 java.lang.IllegalArgumentException: Invalid character found in method name. HTTP method names must be tokens
	at org.apache.coyote.http11.Http11InputBuffer.parseRequestLine(Http11InputBuffer.java:408)
	at org.apache.coyote.http11.Http11Processor.service(Http11Processor.java:380)
	at org.apache.coyote.AbstractProcessorLight.process(AbstractProcessorLight.java:66)
	at org.apache.coyote.AbstractProtocol$ConnectionHandler.process(AbstractProtocol.java:796)
	at org.apache.tomcat.util.net.NioEndpoint$SocketProcessor.doRun(NioEndpoint.java:1368)
	at org.apache.tomcat.util.net.SocketProcessorBase.run(SocketProcessorBase.java:49)
	at java.util.concurrent.ThreadPoolExecutor.runWorker(ThreadPoolExecutor.java:1142)
	at java.util.concurrent.ThreadPoolExecutor$Worker.run(ThreadPoolExecutor.java:617)
	at org.apache.tomcat.util.threads.TaskThread$WrappingRunnable.run(TaskThread.java:61)
	at java.lang.Thread.run(Thread.java:745)

22-Apr-2017 17:15:22.611 INFOS [ContainerBackgroundProcessor[StandardEngine[Catalina]]] org.apache.catalina.startup.HostConfig.undeploy Repli (undeploy) de l'application web ayant pour chemin de contexte [/Spring4MVCHelloWorldNoXMLDemo]
22-Apr-2017 17:15:22.612 INFOS [ContainerBackgroundProcessor[StandardEngine[Catalina]]] org.springframework.web.context.support.AnnotationConfigWebApplicationContext.doClose Closing WebApplicationContext for namespace 'dispatcher-servlet': startup date [Sat Apr 22 17:14:21 CEST 2017]; parent: Root WebApplicationContext
22-Apr-2017 17:15:22.613 INFOS [ContainerBackgroundProcessor[StandardEngine[Catalina]]] org.springframework.web.context.support.AnnotationConfigWebApplicationContext.doClose Closing Root WebApplicationContext: startup date [Sat Apr 22 17:14:21 CEST 2017]; root of context hierarchy
22-Apr-2017 17:17:02.635 INFOS [ContainerBackgroundProcessor[StandardEngine[Catalina]]] org.apache.catalina.startup.HostConfig.deployWAR Déploiement de l'archive [/home/cedric/workspace/environement/server/apache-tomcat-9.0.0.M20/webapps/SpringMVC4Tutorial.war] de l'application web
22-Apr-2017 17:17:02.942 INFOS [ContainerBackgroundProcessor[StandardEngine[Catalina]]] org.springframework.web.context.ContextLoader.initWebApplicationContext Root WebApplicationContext: initialization started
22-Apr-2017 17:17:02.984 INFOS [ContainerBackgroundProcessor[StandardEngine[Catalina]]] org.springframework.web.context.support.AnnotationConfigWebApplicationContext.prepareRefresh Refreshing Root WebApplicationContext: startup date [Sat Apr 22 17:17:02 CEST 2017]; root of context hierarchy
22-Apr-2017 17:17:03.019 INFOS [ContainerBackgroundProcessor[StandardEngine[Catalina]]] org.springframework.web.context.support.AnnotationConfigWebApplicationContext.loadBeanDefinitions Registering annotated classes: [class com.cevex.tuto.springmvc4.configuration.HelloWorldConfiguration]
22-Apr-2017 17:17:03.341 INFOS [ContainerBackgroundProcessor[StandardEngine[Catalina]]] org.springframework.web.servlet.mvc.method.annotation.RequestMappingHandlerMapping.registerHandlerMethod Mapped "{[/],methods=[GET],params=[],headers=[],consumes=[],produces=[],custom=[]}" onto public java.lang.String com.cevex.tuto.springmvc4.controller.HelloWorldController.sayHello(org.springframework.ui.ModelMap)
22-Apr-2017 17:17:03.341 INFOS [ContainerBackgroundProcessor[StandardEngine[Catalina]]] org.springframework.web.servlet.mvc.method.annotation.RequestMappingHandlerMapping.registerHandlerMethod Mapped "{[//helloagain],methods=[GET],params=[],headers=[],consumes=[],produces=[],custom=[]}" onto public java.lang.String com.cevex.tuto.springmvc4.controller.HelloWorldController.sayHelloAgain(org.springframework.ui.ModelMap)
22-Apr-2017 17:17:03.363 INFOS [ContainerBackgroundProcessor[StandardEngine[Catalina]]] org.springframework.web.context.ContextLoader.initWebApplicationContext Root WebApplicationContext: initialization completed in 421 ms
22-Apr-2017 17:17:03.366 INFOS [ContainerBackgroundProcessor[StandardEngine[Catalina]]] org.springframework.web.servlet.DispatcherServlet.initServletBean FrameworkServlet 'dispatcher': initialization started
22-Apr-2017 17:17:03.369 INFOS [ContainerBackgroundProcessor[StandardEngine[Catalina]]] org.springframework.web.context.support.AnnotationConfigWebApplicationContext.prepareRefresh Refreshing WebApplicationContext for namespace 'dispatcher-servlet': startup date [Sat Apr 22 17:17:03 CEST 2017]; parent: Root WebApplicationContext
22-Apr-2017 17:17:03.385 INFOS [ContainerBackgroundProcessor[StandardEngine[Catalina]]] org.springframework.web.servlet.DispatcherServlet.initServletBean FrameworkServlet 'dispatcher': initialization completed in 19 ms
22-Apr-2017 17:17:03.386 INFOS [ContainerBackgroundProcessor[StandardEngine[Catalina]]] org.apache.catalina.startup.HostConfig.deployWAR Deployment of web application archive [/home/cedric/workspace/environement/server/apache-tomcat-9.0.0.M20/webapps/SpringMVC4Tutorial.war] has finished in [752] ms
22-Apr-2017 17:19:00.005 INFOS [main] org.apache.catalina.startup.VersionLoggerListener.log Server version:        Apache Tomcat/9.0.0.M20
22-Apr-2017 17:19:00.007 INFOS [main] org.apache.catalina.startup.VersionLoggerListener.log Server built:          Apr 12 2017 19:27:10 UTC
22-Apr-2017 17:19:00.007 INFOS [main] org.apache.catalina.startup.VersionLoggerListener.log Server number:         9.0.0.0
22-Apr-2017 17:19:00.007 INFOS [main] org.apache.catalina.startup.VersionLoggerListener.log OS Name:               Linux
22-Apr-2017 17:19:00.007 INFOS [main] org.apache.catalina.startup.VersionLoggerListener.log OS Version:            4.4.0-66-generic
22-Apr-2017 17:19:00.008 INFOS [main] org.apache.catalina.startup.VersionLoggerListener.log Architecture:          amd64
22-Apr-2017 17:19:00.008 INFOS [main] org.apache.catalina.startup.VersionLoggerListener.log Java Home:             /usr/lib/jvm/java-8-oracle/jre
22-Apr-2017 17:19:00.008 INFOS [main] org.apache.catalina.startup.VersionLoggerListener.log JVM Version:           1.8.0_121-b13
22-Apr-2017 17:19:00.008 INFOS [main] org.apache.catalina.startup.VersionLoggerListener.log JVM Vendor:            Oracle Corporation
22-Apr-2017 17:19:00.008 INFOS [main] org.apache.catalina.startup.VersionLoggerListener.log CATALINA_BASE:         /home/cedric/workspace/environement/server/apache-tomcat-9.0.0.M20
22-Apr-2017 17:19:00.008 INFOS [main] org.apache.catalina.startup.VersionLoggerListener.log CATALINA_HOME:         /home/cedric/workspace/environement/server/apache-tomcat-9.0.0.M20
22-Apr-2017 17:19:00.008 INFOS [main] org.apache.catalina.startup.VersionLoggerListener.log Command line argument: -Djava.util.logging.config.file=/home/cedric/workspace/environement/server/apache-tomcat-9.0.0.M20/conf/logging.properties
22-Apr-2017 17:19:00.008 INFOS [main] org.apache.catalina.startup.VersionLoggerListener.log Command line argument: -Djava.util.logging.manager=org.apache.juli.ClassLoaderLogManager
22-Apr-2017 17:19:00.008 INFOS [main] org.apache.catalina.startup.VersionLoggerListener.log Command line argument: -Djdk.tls.ephemeralDHKeySize=2048
22-Apr-2017 17:19:00.008 INFOS [main] org.apache.catalina.startup.VersionLoggerListener.log Command line argument: -Djava.protocol.handler.pkgs=org.apache.catalina.webresources
22-Apr-2017 17:19:00.009 INFOS [main] org.apache.catalina.startup.VersionLoggerListener.log Command line argument: -Dcatalina.base=/home/cedric/workspace/environement/server/apache-tomcat-9.0.0.M20
22-Apr-2017 17:19:00.009 INFOS [main] org.apache.catalina.startup.VersionLoggerListener.log Command line argument: -Dcatalina.home=/home/cedric/workspace/environement/server/apache-tomcat-9.0.0.M20
22-Apr-2017 17:19:00.009 INFOS [main] org.apache.catalina.startup.VersionLoggerListener.log Command line argument: -Djava.io.tmpdir=/home/cedric/workspace/environement/server/apache-tomcat-9.0.0.M20/temp
22-Apr-2017 17:19:00.009 INFOS [main] org.apache.catalina.core.AprLifecycleListener.lifecycleEvent The APR based Apache Tomcat Native library which allows optimal performance in production environments was not found on the java.library.path: [/usr/java/packages/lib/amd64:/usr/lib64:/lib64:/lib:/usr/lib]
22-Apr-2017 17:19:00.108 INFOS [main] org.apache.coyote.AbstractProtocol.init Initializing ProtocolHandler ["http-nio-8080"]
22-Apr-2017 17:19:00.121 GRAVE [main] org.apache.catalina.util.LifecycleBase.handleSubClassException Failed to initialize component [Connector[HTTP/1.1-8080]]
 org.apache.catalina.LifecycleException: L''initialisation du gestionnaire de protocole a échoué
	at org.apache.catalina.connector.Connector.initInternal(Connector.java:942)
	at org.apache.catalina.util.LifecycleBase.init(LifecycleBase.java:136)
	at org.apache.catalina.core.StandardService.initInternal(StandardService.java:530)
	at org.apache.catalina.util.LifecycleBase.init(LifecycleBase.java:136)
	at org.apache.catalina.core.StandardServer.initInternal(StandardServer.java:875)
	at org.apache.catalina.util.LifecycleBase.init(LifecycleBase.java:136)
	at org.apache.catalina.startup.Catalina.load(Catalina.java:607)
	at org.apache.catalina.startup.Catalina.load(Catalina.java:630)
	at sun.reflect.NativeMethodAccessorImpl.invoke0(Native Method)
	at sun.reflect.NativeMethodAccessorImpl.invoke(NativeMethodAccessorImpl.java:62)
	at sun.reflect.DelegatingMethodAccessorImpl.invoke(DelegatingMethodAccessorImpl.java:43)
	at java.lang.reflect.Method.invoke(Method.java:498)
	at org.apache.catalina.startup.Bootstrap.load(Bootstrap.java:311)
	at org.apache.catalina.startup.Bootstrap.main(Bootstrap.java:494)
Caused by: java.net.BindException: Adresse déjà utilisée
	at sun.nio.ch.Net.bind0(Native Method)
	at sun.nio.ch.Net.bind(Net.java:433)
	at sun.nio.ch.Net.bind(Net.java:425)
	at sun.nio.ch.ServerSocketChannelImpl.bind(ServerSocketChannelImpl.java:223)
	at sun.nio.ch.ServerSocketAdaptor.bind(ServerSocketAdaptor.java:74)
	at org.apache.tomcat.util.net.NioEndpoint.bind(NioEndpoint.java:206)
	at org.apache.tomcat.util.net.AbstractEndpoint.init(AbstractEndpoint.java:950)
	at org.apache.coyote.AbstractProtocol.init(AbstractProtocol.java:573)
	at org.apache.coyote.http11.AbstractHttp11Protocol.init(AbstractHttp11Protocol.java:70)
	at org.apache.catalina.connector.Connector.initInternal(Connector.java:939)
	... 13 more

22-Apr-2017 17:19:00.122 INFOS [main] org.apache.coyote.AbstractProtocol.init Initializing ProtocolHandler ["ajp-nio-8009"]
22-Apr-2017 17:19:00.123 GRAVE [main] org.apache.catalina.util.LifecycleBase.handleSubClassException Failed to initialize component [Connector[AJP/1.3-8009]]
 org.apache.catalina.LifecycleException: L''initialisation du gestionnaire de protocole a échoué
	at org.apache.catalina.connector.Connector.initInternal(Connector.java:942)
	at org.apache.catalina.util.LifecycleBase.init(LifecycleBase.java:136)
	at org.apache.catalina.core.StandardService.initInternal(StandardService.java:530)
	at org.apache.catalina.util.LifecycleBase.init(LifecycleBase.java:136)
	at org.apache.catalina.core.StandardServer.initInternal(StandardServer.java:875)
	at org.apache.catalina.util.LifecycleBase.init(LifecycleBase.java:136)
	at org.apache.catalina.startup.Catalina.load(Catalina.java:607)
	at org.apache.catalina.startup.Catalina.load(Catalina.java:630)
	at sun.reflect.NativeMethodAccessorImpl.invoke0(Native Method)
	at sun.reflect.NativeMethodAccessorImpl.invoke(NativeMethodAccessorImpl.java:62)
	at sun.reflect.DelegatingMethodAccessorImpl.invoke(DelegatingMethodAccessorImpl.java:43)
	at java.lang.reflect.Method.invoke(Method.java:498)
	at org.apache.catalina.startup.Bootstrap.load(Bootstrap.java:311)
	at org.apache.catalina.startup.Bootstrap.main(Bootstrap.java:494)
Caused by: java.net.BindException: Adresse déjà utilisée
	at sun.nio.ch.Net.bind0(Native Method)
	at sun.nio.ch.Net.bind(Net.java:433)
	at sun.nio.ch.Net.bind(Net.java:425)
	at sun.nio.ch.ServerSocketChannelImpl.bind(ServerSocketChannelImpl.java:223)
	at sun.nio.ch.ServerSocketAdaptor.bind(ServerSocketAdaptor.java:74)
	at org.apache.tomcat.util.net.NioEndpoint.bind(NioEndpoint.java:206)
	at org.apache.tomcat.util.net.AbstractEndpoint.init(AbstractEndpoint.java:950)
	at org.apache.coyote.AbstractProtocol.init(AbstractProtocol.java:573)
	at org.apache.catalina.connector.Connector.initInternal(Connector.java:939)
	... 13 more

22-Apr-2017 17:19:00.123 INFOS [main] org.apache.catalina.startup.Catalina.load Initialization processed in 440 ms
22-Apr-2017 17:19:00.143 INFOS [main] org.apache.catalina.core.StandardService.startInternal Démarrage du service [Catalina]
22-Apr-2017 17:19:00.143 INFOS [main] org.apache.catalina.core.StandardEngine.startInternal Starting Servlet Engine: Apache Tomcat/9.0.0.M20
22-Apr-2017 17:19:00.159 INFOS [main] org.apache.catalina.startup.HostConfig.deployWAR Déploiement de l'archive [/home/cedric/workspace/environement/server/apache-tomcat-9.0.0.M20/webapps/SpringMVC4Tutorial.war] de l'application web
22-Apr-2017 17:19:00.749 INFOS [main] org.apache.jasper.servlet.TldScanner.scanJars At least one JAR was scanned for TLDs yet contained no TLDs. Enable debug logging for this logger for a complete list of JARs that were scanned but no TLDs were found in them. Skipping unneeded JARs during scanning can improve startup time and JSP compilation time.
22-Apr-2017 17:19:00.801 INFOS [main] org.springframework.web.context.ContextLoader.initWebApplicationContext Root WebApplicationContext: initialization started
22-Apr-2017 17:19:00.854 INFOS [main] org.springframework.web.context.support.AnnotationConfigWebApplicationContext.prepareRefresh Refreshing Root WebApplicationContext: startup date [Sat Apr 22 17:19:00 CEST 2017]; root of context hierarchy
22-Apr-2017 17:19:00.894 INFOS [main] org.springframework.web.context.support.AnnotationConfigWebApplicationContext.loadBeanDefinitions Registering annotated classes: [class com.cevex.tuto.springmvc4.configuration.HelloWorldConfiguration]
22-Apr-2017 17:19:01.381 INFOS [main] org.springframework.web.servlet.mvc.method.annotation.RequestMappingHandlerMapping.registerHandlerMethod Mapped "{[/],methods=[GET],params=[],headers=[],consumes=[],produces=[],custom=[]}" onto public java.lang.String com.cevex.tuto.springmvc4.controller.HelloWorldController.sayHello(org.springframework.ui.ModelMap)
22-Apr-2017 17:19:01.382 INFOS [main] org.springframework.web.servlet.mvc.method.annotation.RequestMappingHandlerMapping.registerHandlerMethod Mapped "{[//helloagain],methods=[GET],params=[],headers=[],consumes=[],produces=[],custom=[]}" onto public java.lang.String com.cevex.tuto.springmvc4.controller.HelloWorldController.sayHelloAgain(org.springframework.ui.ModelMap)
22-Apr-2017 17:19:01.415 INFOS [main] org.springframework.web.context.ContextLoader.initWebApplicationContext Root WebApplicationContext: initialization completed in 614 ms
22-Apr-2017 17:19:01.431 INFOS [main] org.springframework.web.servlet.DispatcherServlet.initServletBean FrameworkServlet 'dispatcher': initialization started
22-Apr-2017 17:19:01.435 INFOS [main] org.springframework.web.context.support.AnnotationConfigWebApplicationContext.prepareRefresh Refreshing WebApplicationContext for namespace 'dispatcher-servlet': startup date [Sat Apr 22 17:19:01 CEST 2017]; parent: Root WebApplicationContext
22-Apr-2017 17:19:01.460 INFOS [main] org.springframework.web.servlet.DispatcherServlet.initServletBean FrameworkServlet 'dispatcher': initialization completed in 28 ms
22-Apr-2017 17:19:01.468 INFOS [main] org.apache.catalina.startup.HostConfig.deployWAR Deployment of web application archive [/home/cedric/workspace/environement/server/apache-tomcat-9.0.0.M20/webapps/SpringMVC4Tutorial.war] has finished in [1 308] ms
22-Apr-2017 17:19:01.468 INFOS [main] org.apache.catalina.startup.HostConfig.deployDirectory Déploiement du répertoire [/home/cedric/workspace/environement/server/apache-tomcat-9.0.0.M20/webapps/manager] de l'application web
22-Apr-2017 17:19:01.492 INFOS [main] org.apache.catalina.startup.HostConfig.deployDirectory Deployment of web application directory [/home/cedric/workspace/environement/server/apache-tomcat-9.0.0.M20/webapps/manager] has finished in [24] ms
22-Apr-2017 17:19:01.493 INFOS [main] org.apache.catalina.startup.HostConfig.deployDirectory Déploiement du répertoire [/home/cedric/workspace/environement/server/apache-tomcat-9.0.0.M20/webapps/ROOT] de l'application web
22-Apr-2017 17:19:01.505 INFOS [main] org.apache.catalina.startup.HostConfig.deployDirectory Deployment of web application directory [/home/cedric/workspace/environement/server/apache-tomcat-9.0.0.M20/webapps/ROOT] has finished in [11] ms
22-Apr-2017 17:19:01.505 INFOS [main] org.apache.catalina.startup.HostConfig.deployDirectory Déploiement du répertoire [/home/cedric/workspace/environement/server/apache-tomcat-9.0.0.M20/webapps/examples] de l'application web
22-Apr-2017 17:19:01.625 INFOS [main] org.apache.catalina.startup.HostConfig.deployDirectory Deployment of web application directory [/home/cedric/workspace/environement/server/apache-tomcat-9.0.0.M20/webapps/examples] has finished in [120] ms
22-Apr-2017 17:19:01.625 INFOS [main] org.apache.catalina.startup.HostConfig.deployDirectory Déploiement du répertoire [/home/cedric/workspace/environement/server/apache-tomcat-9.0.0.M20/webapps/docs] de l'application web
22-Apr-2017 17:19:01.633 INFOS [main] org.apache.catalina.startup.HostConfig.deployDirectory Deployment of web application directory [/home/cedric/workspace/environement/server/apache-tomcat-9.0.0.M20/webapps/docs] has finished in [8] ms
22-Apr-2017 17:19:01.633 INFOS [main] org.apache.catalina.startup.HostConfig.deployDirectory Déploiement du répertoire [/home/cedric/workspace/environement/server/apache-tomcat-9.0.0.M20/webapps/host-manager] de l'application web
22-Apr-2017 17:19:01.643 INFOS [main] org.apache.catalina.startup.HostConfig.deployDirectory Deployment of web application directory [/home/cedric/workspace/environement/server/apache-tomcat-9.0.0.M20/webapps/host-manager] has finished in [10] ms
22-Apr-2017 17:19:01.645 INFOS [main] org.apache.catalina.startup.Catalina.start Server startup in 1521 ms
22-Apr-2017 17:19:01.647 GRAVE [main] org.apache.catalina.core.StandardServer.await StandardServer.await: create[localhost:8005]: 
 java.net.BindException: Adresse déjà utilisée (Bind failed)
	at java.net.PlainSocketImpl.socketBind(Native Method)
	at java.net.AbstractPlainSocketImpl.bind(AbstractPlainSocketImpl.java:387)
	at java.net.ServerSocket.bind(ServerSocket.java:375)
	at java.net.ServerSocket.<init>(ServerSocket.java:237)
	at org.apache.catalina.core.StandardServer.await(StandardServer.java:441)
	at org.apache.catalina.startup.Catalina.await(Catalina.java:744)
	at org.apache.catalina.startup.Catalina.start(Catalina.java:690)
	at sun.reflect.NativeMethodAccessorImpl.invoke0(Native Method)
	at sun.reflect.NativeMethodAccessorImpl.invoke(NativeMethodAccessorImpl.java:62)
	at sun.reflect.DelegatingMethodAccessorImpl.invoke(DelegatingMethodAccessorImpl.java:43)
	at java.lang.reflect.Method.invoke(Method.java:498)
	at org.apache.catalina.startup.Bootstrap.start(Bootstrap.java:355)
	at org.apache.catalina.startup.Bootstrap.main(Bootstrap.java:495)

22-Apr-2017 17:19:01.647 INFOS [main] org.apache.coyote.AbstractProtocol.pause Pausing ProtocolHandler ["http-nio-8080"]
22-Apr-2017 17:19:01.647 INFOS [main] org.apache.coyote.AbstractProtocol.pause Pausing ProtocolHandler ["ajp-nio-8009"]
22-Apr-2017 17:19:01.647 INFOS [main] org.apache.catalina.core.StandardService.stopInternal Arrêt du service [Catalina]
22-Apr-2017 17:19:01.658 INFOS [main] org.springframework.web.context.support.AnnotationConfigWebApplicationContext.doClose Closing WebApplicationContext for namespace 'dispatcher-servlet': startup date [Sat Apr 22 17:19:01 CEST 2017]; parent: Root WebApplicationContext
22-Apr-2017 17:19:01.658 INFOS [main] org.springframework.web.context.support.AnnotationConfigWebApplicationContext.doClose Closing Root WebApplicationContext: startup date [Sat Apr 22 17:19:00 CEST 2017]; root of context hierarchy
22-Apr-2017 17:19:01.665 INFOS [main] org.apache.coyote.AbstractProtocol.stop Stopping ProtocolHandler ["http-nio-8080"]
22-Apr-2017 17:19:01.665 INFOS [main] org.apache.coyote.AbstractProtocol.destroy Destroying ProtocolHandler ["http-nio-8080"]
22-Apr-2017 17:19:01.665 INFOS [main] org.apache.coyote.AbstractProtocol.stop Stopping ProtocolHandler ["ajp-nio-8009"]
22-Apr-2017 17:19:01.665 INFOS [main] org.apache.coyote.AbstractProtocol.destroy Destroying ProtocolHandler ["ajp-nio-8009"]
22-Apr-2017 17:19:05.359 INFOS [main] org.apache.catalina.core.StandardServer.await A valid shutdown command was received via the shutdown port. Stopping the Server instance.
22-Apr-2017 17:19:05.359 INFOS [main] org.apache.coyote.AbstractProtocol.pause Pausing ProtocolHandler ["http-nio-8080"]
22-Apr-2017 17:19:05.412 INFOS [main] org.apache.coyote.AbstractProtocol.pause Pausing ProtocolHandler ["ajp-nio-8009"]
22-Apr-2017 17:19:05.463 INFOS [main] org.apache.catalina.core.StandardService.stopInternal Arrêt du service [Catalina]
22-Apr-2017 17:19:05.478 INFOS [main] org.springframework.web.context.support.AnnotationConfigWebApplicationContext.doClose Closing WebApplicationContext for namespace 'dispatcher-servlet': startup date [Sat Apr 22 17:17:03 CEST 2017]; parent: Root WebApplicationContext
22-Apr-2017 17:19:05.479 INFOS [main] org.springframework.web.context.support.AnnotationConfigWebApplicationContext.doClose Closing Root WebApplicationContext: startup date [Sat Apr 22 17:17:02 CEST 2017]; root of context hierarchy
22-Apr-2017 17:19:05.488 INFOS [main] org.apache.coyote.AbstractProtocol.stop Stopping ProtocolHandler ["http-nio-8080"]
22-Apr-2017 17:19:05.490 INFOS [main] org.apache.coyote.AbstractProtocol.stop Stopping ProtocolHandler ["ajp-nio-8009"]
22-Apr-2017 17:19:05.491 INFOS [main] org.apache.coyote.AbstractProtocol.destroy Destroying ProtocolHandler ["http-nio-8080"]
22-Apr-2017 17:19:05.491 INFOS [main] org.apache.coyote.AbstractProtocol.destroy Destroying ProtocolHandler ["ajp-nio-8009"]
22-Apr-2017 17:19:09.821 INFOS [main] org.apache.catalina.startup.VersionLoggerListener.log Server version:        Apache Tomcat/9.0.0.M20
22-Apr-2017 17:19:09.824 INFOS [main] org.apache.catalina.startup.VersionLoggerListener.log Server built:          Apr 12 2017 19:27:10 UTC
22-Apr-2017 17:19:09.824 INFOS [main] org.apache.catalina.startup.VersionLoggerListener.log Server number:         9.0.0.0
22-Apr-2017 17:19:09.824 INFOS [main] org.apache.catalina.startup.VersionLoggerListener.log OS Name:               Linux
22-Apr-2017 17:19:09.824 INFOS [main] org.apache.catalina.startup.VersionLoggerListener.log OS Version:            4.4.0-66-generic
22-Apr-2017 17:19:09.824 INFOS [main] org.apache.catalina.startup.VersionLoggerListener.log Architecture:          amd64
22-Apr-2017 17:19:09.824 INFOS [main] org.apache.catalina.startup.VersionLoggerListener.log Java Home:             /usr/lib/jvm/java-8-oracle/jre
22-Apr-2017 17:19:09.824 INFOS [main] org.apache.catalina.startup.VersionLoggerListener.log JVM Version:           1.8.0_121-b13
22-Apr-2017 17:19:09.824 INFOS [main] org.apache.catalina.startup.VersionLoggerListener.log JVM Vendor:            Oracle Corporation
22-Apr-2017 17:19:09.824 INFOS [main] org.apache.catalina.startup.VersionLoggerListener.log CATALINA_BASE:         /home/cedric/workspace/environement/server/apache-tomcat-9.0.0.M20
22-Apr-2017 17:19:09.824 INFOS [main] org.apache.catalina.startup.VersionLoggerListener.log CATALINA_HOME:         /home/cedric/workspace/environement/server/apache-tomcat-9.0.0.M20
22-Apr-2017 17:19:09.824 INFOS [main] org.apache.catalina.startup.VersionLoggerListener.log Command line argument: -Djava.util.logging.config.file=/home/cedric/workspace/environement/server/apache-tomcat-9.0.0.M20/conf/logging.properties
22-Apr-2017 17:19:09.825 INFOS [main] org.apache.catalina.startup.VersionLoggerListener.log Command line argument: -Djava.util.logging.manager=org.apache.juli.ClassLoaderLogManager
22-Apr-2017 17:19:09.825 INFOS [main] org.apache.catalina.startup.VersionLoggerListener.log Command line argument: -Djdk.tls.ephemeralDHKeySize=2048
22-Apr-2017 17:19:09.825 INFOS [main] org.apache.catalina.startup.VersionLoggerListener.log Command line argument: -Djava.protocol.handler.pkgs=org.apache.catalina.webresources
22-Apr-2017 17:19:09.825 INFOS [main] org.apache.catalina.startup.VersionLoggerListener.log Command line argument: -Dcatalina.base=/home/cedric/workspace/environement/server/apache-tomcat-9.0.0.M20
22-Apr-2017 17:19:09.825 INFOS [main] org.apache.catalina.startup.VersionLoggerListener.log Command line argument: -Dcatalina.home=/home/cedric/workspace/environement/server/apache-tomcat-9.0.0.M20
22-Apr-2017 17:19:09.825 INFOS [main] org.apache.catalina.startup.VersionLoggerListener.log Command line argument: -Djava.io.tmpdir=/home/cedric/workspace/environement/server/apache-tomcat-9.0.0.M20/temp
22-Apr-2017 17:19:09.825 INFOS [main] org.apache.catalina.core.AprLifecycleListener.lifecycleEvent The APR based Apache Tomcat Native library which allows optimal performance in production environments was not found on the java.library.path: [/usr/java/packages/lib/amd64:/usr/lib64:/lib64:/lib:/usr/lib]
22-Apr-2017 17:19:09.924 INFOS [main] org.apache.coyote.AbstractProtocol.init Initializing ProtocolHandler ["http-nio-8080"]
22-Apr-2017 17:19:09.937 INFOS [main] org.apache.tomcat.util.net.NioSelectorPool.getSharedSelector Using a shared selector for servlet write/read
22-Apr-2017 17:19:09.939 INFOS [main] org.apache.coyote.AbstractProtocol.init Initializing ProtocolHandler ["ajp-nio-8009"]
22-Apr-2017 17:19:09.940 INFOS [main] org.apache.tomcat.util.net.NioSelectorPool.getSharedSelector Using a shared selector for servlet write/read
22-Apr-2017 17:19:09.941 INFOS [main] org.apache.catalina.startup.Catalina.load Initialization processed in 431 ms
22-Apr-2017 17:19:09.961 INFOS [main] org.apache.catalina.core.StandardService.startInternal Démarrage du service [Catalina]
22-Apr-2017 17:19:09.961 INFOS [main] org.apache.catalina.core.StandardEngine.startInternal Starting Servlet Engine: Apache Tomcat/9.0.0.M20
22-Apr-2017 17:19:09.976 INFOS [main] org.apache.catalina.startup.HostConfig.deployWAR Déploiement de l'archive [/home/cedric/workspace/environement/server/apache-tomcat-9.0.0.M20/webapps/SpringMVC4Tutorial.war] de l'application web
22-Apr-2017 17:19:10.590 INFOS [main] org.apache.jasper.servlet.TldScanner.scanJars At least one JAR was scanned for TLDs yet contained no TLDs. Enable debug logging for this logger for a complete list of JARs that were scanned but no TLDs were found in them. Skipping unneeded JARs during scanning can improve startup time and JSP compilation time.
22-Apr-2017 17:19:10.646 INFOS [main] org.springframework.web.context.ContextLoader.initWebApplicationContext Root WebApplicationContext: initialization started
22-Apr-2017 17:19:10.696 INFOS [main] org.springframework.web.context.support.AnnotationConfigWebApplicationContext.prepareRefresh Refreshing Root WebApplicationContext: startup date [Sat Apr 22 17:19:10 CEST 2017]; root of context hierarchy
22-Apr-2017 17:19:10.733 INFOS [main] org.springframework.web.context.support.AnnotationConfigWebApplicationContext.loadBeanDefinitions Registering annotated classes: [class com.cevex.tuto.springmvc4.configuration.HelloWorldConfiguration]
22-Apr-2017 17:19:11.157 INFOS [main] org.springframework.web.servlet.mvc.method.annotation.RequestMappingHandlerMapping.registerHandlerMethod Mapped "{[/],methods=[GET],params=[],headers=[],consumes=[],produces=[],custom=[]}" onto public java.lang.String com.cevex.tuto.springmvc4.controller.HelloWorldController.sayHello(org.springframework.ui.ModelMap)
22-Apr-2017 17:19:11.158 INFOS [main] org.springframework.web.servlet.mvc.method.annotation.RequestMappingHandlerMapping.registerHandlerMethod Mapped "{[//helloagain],methods=[GET],params=[],headers=[],consumes=[],produces=[],custom=[]}" onto public java.lang.String com.cevex.tuto.springmvc4.controller.HelloWorldController.sayHelloAgain(org.springframework.ui.ModelMap)
22-Apr-2017 17:19:11.219 INFOS [main] org.springframework.web.context.ContextLoader.initWebApplicationContext Root WebApplicationContext: initialization completed in 573 ms
22-Apr-2017 17:19:11.235 INFOS [main] org.springframework.web.servlet.DispatcherServlet.initServletBean FrameworkServlet 'dispatcher': initialization started
22-Apr-2017 17:19:11.238 INFOS [main] org.springframework.web.context.support.AnnotationConfigWebApplicationContext.prepareRefresh Refreshing WebApplicationContext for namespace 'dispatcher-servlet': startup date [Sat Apr 22 17:19:11 CEST 2017]; parent: Root WebApplicationContext
22-Apr-2017 17:19:11.256 INFOS [main] org.springframework.web.servlet.DispatcherServlet.initServletBean FrameworkServlet 'dispatcher': initialization completed in 21 ms
22-Apr-2017 17:19:11.263 INFOS [main] org.apache.catalina.startup.HostConfig.deployWAR Deployment of web application archive [/home/cedric/workspace/environement/server/apache-tomcat-9.0.0.M20/webapps/SpringMVC4Tutorial.war] has finished in [1 286] ms
22-Apr-2017 17:19:11.263 INFOS [main] org.apache.catalina.startup.HostConfig.deployDirectory Déploiement du répertoire [/home/cedric/workspace/environement/server/apache-tomcat-9.0.0.M20/webapps/manager] de l'application web
22-Apr-2017 17:19:11.282 INFOS [main] org.apache.catalina.startup.HostConfig.deployDirectory Deployment of web application directory [/home/cedric/workspace/environement/server/apache-tomcat-9.0.0.M20/webapps/manager] has finished in [19] ms
22-Apr-2017 17:19:11.282 INFOS [main] org.apache.catalina.startup.HostConfig.deployDirectory Déploiement du répertoire [/home/cedric/workspace/environement/server/apache-tomcat-9.0.0.M20/webapps/ROOT] de l'application web
22-Apr-2017 17:19:11.290 INFOS [main] org.apache.catalina.startup.HostConfig.deployDirectory Deployment of web application directory [/home/cedric/workspace/environement/server/apache-tomcat-9.0.0.M20/webapps/ROOT] has finished in [8] ms
22-Apr-2017 17:19:11.290 INFOS [main] org.apache.catalina.startup.HostConfig.deployDirectory Déploiement du répertoire [/home/cedric/workspace/environement/server/apache-tomcat-9.0.0.M20/webapps/examples] de l'application web
22-Apr-2017 17:19:11.379 INFOS [main] org.apache.catalina.startup.HostConfig.deployDirectory Deployment of web application directory [/home/cedric/workspace/environement/server/apache-tomcat-9.0.0.M20/webapps/examples] has finished in [89] ms
22-Apr-2017 17:19:11.379 INFOS [main] org.apache.catalina.startup.HostConfig.deployDirectory Déploiement du répertoire [/home/cedric/workspace/environement/server/apache-tomcat-9.0.0.M20/webapps/docs] de l'application web
22-Apr-2017 17:19:11.386 INFOS [main] org.apache.catalina.startup.HostConfig.deployDirectory Deployment of web application directory [/home/cedric/workspace/environement/server/apache-tomcat-9.0.0.M20/webapps/docs] has finished in [7] ms
22-Apr-2017 17:19:11.386 INFOS [main] org.apache.catalina.startup.HostConfig.deployDirectory Déploiement du répertoire [/home/cedric/workspace/environement/server/apache-tomcat-9.0.0.M20/webapps/host-manager] de l'application web
22-Apr-2017 17:19:11.396 INFOS [main] org.apache.catalina.startup.HostConfig.deployDirectory Deployment of web application directory [/home/cedric/workspace/environement/server/apache-tomcat-9.0.0.M20/webapps/host-manager] has finished in [10] ms
22-Apr-2017 17:19:11.398 INFOS [main] org.apache.coyote.AbstractProtocol.start Starting ProtocolHandler ["http-nio-8080"]
22-Apr-2017 17:19:11.405 INFOS [main] org.apache.coyote.AbstractProtocol.start Starting ProtocolHandler ["ajp-nio-8009"]
22-Apr-2017 17:19:11.406 INFOS [main] org.apache.catalina.startup.Catalina.start Server startup in 1465 ms
22-Apr-2017 17:19:47.817 INFOS [main] org.apache.catalina.core.StandardServer.await A valid shutdown command was received via the shutdown port. Stopping the Server instance.
22-Apr-2017 17:19:47.817 INFOS [main] org.apache.coyote.AbstractProtocol.pause Pausing ProtocolHandler ["http-nio-8080"]
22-Apr-2017 17:19:47.870 INFOS [main] org.apache.coyote.AbstractProtocol.pause Pausing ProtocolHandler ["ajp-nio-8009"]
22-Apr-2017 17:19:47.921 INFOS [main] org.apache.catalina.core.StandardService.stopInternal Arrêt du service [Catalina]
22-Apr-2017 17:19:47.932 INFOS [main] org.springframework.web.context.support.AnnotationConfigWebApplicationContext.doClose Closing WebApplicationContext for namespace 'dispatcher-servlet': startup date [Sat Apr 22 17:19:11 CEST 2017]; parent: Root WebApplicationContext
22-Apr-2017 17:19:47.932 INFOS [main] org.springframework.web.context.support.AnnotationConfigWebApplicationContext.doClose Closing Root WebApplicationContext: startup date [Sat Apr 22 17:19:10 CEST 2017]; root of context hierarchy
22-Apr-2017 17:19:47.938 INFOS [main] org.apache.coyote.AbstractProtocol.stop Stopping ProtocolHandler ["http-nio-8080"]
22-Apr-2017 17:19:47.939 INFOS [main] org.apache.coyote.AbstractProtocol.stop Stopping ProtocolHandler ["ajp-nio-8009"]
22-Apr-2017 17:19:47.940 INFOS [main] org.apache.coyote.AbstractProtocol.destroy Destroying ProtocolHandler ["http-nio-8080"]
22-Apr-2017 17:19:47.940 INFOS [main] org.apache.coyote.AbstractProtocol.destroy Destroying ProtocolHandler ["ajp-nio-8009"]
22-Apr-2017 17:20:10.540 INFOS [main] org.apache.catalina.startup.VersionLoggerListener.log Server version:        Apache Tomcat/9.0.0.M20
22-Apr-2017 17:20:10.543 INFOS [main] org.apache.catalina.startup.VersionLoggerListener.log Server built:          Apr 12 2017 19:27:10 UTC
22-Apr-2017 17:20:10.543 INFOS [main] org.apache.catalina.startup.VersionLoggerListener.log Server number:         9.0.0.0
22-Apr-2017 17:20:10.543 INFOS [main] org.apache.catalina.startup.VersionLoggerListener.log OS Name:               Linux
22-Apr-2017 17:20:10.543 INFOS [main] org.apache.catalina.startup.VersionLoggerListener.log OS Version:            4.4.0-66-generic
22-Apr-2017 17:20:10.543 INFOS [main] org.apache.catalina.startup.VersionLoggerListener.log Architecture:          amd64
22-Apr-2017 17:20:10.543 INFOS [main] org.apache.catalina.startup.VersionLoggerListener.log Java Home:             /usr/lib/jvm/java-8-oracle/jre
22-Apr-2017 17:20:10.543 INFOS [main] org.apache.catalina.startup.VersionLoggerListener.log JVM Version:           1.8.0_121-b13
22-Apr-2017 17:20:10.543 INFOS [main] org.apache.catalina.startup.VersionLoggerListener.log JVM Vendor:            Oracle Corporation
22-Apr-2017 17:20:10.543 INFOS [main] org.apache.catalina.startup.VersionLoggerListener.log CATALINA_BASE:         /home/cedric/workspace/environement/server/apache-tomcat-9.0.0.M20
22-Apr-2017 17:20:10.543 INFOS [main] org.apache.catalina.startup.VersionLoggerListener.log CATALINA_HOME:         /home/cedric/workspace/environement/server/apache-tomcat-9.0.0.M20
22-Apr-2017 17:20:10.543 INFOS [main] org.apache.catalina.startup.VersionLoggerListener.log Command line argument: -Djava.util.logging.config.file=/home/cedric/workspace/environement/server/apache-tomcat-9.0.0.M20/conf/logging.properties
22-Apr-2017 17:20:10.544 INFOS [main] org.apache.catalina.startup.VersionLoggerListener.log Command line argument: -Djava.util.logging.manager=org.apache.juli.ClassLoaderLogManager
22-Apr-2017 17:20:10.544 INFOS [main] org.apache.catalina.startup.VersionLoggerListener.log Command line argument: -Djdk.tls.ephemeralDHKeySize=2048
22-Apr-2017 17:20:10.544 INFOS [main] org.apache.catalina.startup.VersionLoggerListener.log Command line argument: -Djava.protocol.handler.pkgs=org.apache.catalina.webresources
22-Apr-2017 17:20:10.544 INFOS [main] org.apache.catalina.startup.VersionLoggerListener.log Command line argument: -Dcatalina.base=/home/cedric/workspace/environement/server/apache-tomcat-9.0.0.M20
22-Apr-2017 17:20:10.544 INFOS [main] org.apache.catalina.startup.VersionLoggerListener.log Command line argument: -Dcatalina.home=/home/cedric/workspace/environement/server/apache-tomcat-9.0.0.M20
22-Apr-2017 17:20:10.544 INFOS [main] org.apache.catalina.startup.VersionLoggerListener.log Command line argument: -Djava.io.tmpdir=/home/cedric/workspace/environement/server/apache-tomcat-9.0.0.M20/temp
22-Apr-2017 17:20:10.544 INFOS [main] org.apache.catalina.core.AprLifecycleListener.lifecycleEvent The APR based Apache Tomcat Native library which allows optimal performance in production environments was not found on the java.library.path: [/usr/java/packages/lib/amd64:/usr/lib64:/lib64:/lib:/usr/lib]
22-Apr-2017 17:20:10.640 INFOS [main] org.apache.coyote.AbstractProtocol.init Initializing ProtocolHandler ["http-nio-8080"]
22-Apr-2017 17:20:10.653 INFOS [main] org.apache.tomcat.util.net.NioSelectorPool.getSharedSelector Using a shared selector for servlet write/read
22-Apr-2017 17:20:10.655 INFOS [main] org.apache.coyote.AbstractProtocol.init Initializing ProtocolHandler ["ajp-nio-8009"]
22-Apr-2017 17:20:10.656 INFOS [main] org.apache.tomcat.util.net.NioSelectorPool.getSharedSelector Using a shared selector for servlet write/read
22-Apr-2017 17:20:10.657 INFOS [main] org.apache.catalina.startup.Catalina.load Initialization processed in 429 ms
22-Apr-2017 17:20:10.678 INFOS [main] org.apache.catalina.core.StandardService.startInternal Démarrage du service [Catalina]
22-Apr-2017 17:20:10.678 INFOS [main] org.apache.catalina.core.StandardEngine.startInternal Starting Servlet Engine: Apache Tomcat/9.0.0.M20
22-Apr-2017 17:20:10.695 INFOS [main] org.apache.catalina.startup.HostConfig.deployWAR Déploiement de l'archive [/home/cedric/workspace/environement/server/apache-tomcat-9.0.0.M20/webapps/SpringMVC4Tutorial.war] de l'application web
22-Apr-2017 17:20:11.295 INFOS [main] org.apache.jasper.servlet.TldScanner.scanJars At least one JAR was scanned for TLDs yet contained no TLDs. Enable debug logging for this logger for a complete list of JARs that were scanned but no TLDs were found in them. Skipping unneeded JARs during scanning can improve startup time and JSP compilation time.
22-Apr-2017 17:20:11.347 INFOS [main] org.springframework.web.context.ContextLoader.initWebApplicationContext Root WebApplicationContext: initialization started
22-Apr-2017 17:20:11.398 INFOS [main] org.springframework.web.context.support.AnnotationConfigWebApplicationContext.prepareRefresh Refreshing Root WebApplicationContext: startup date [Sat Apr 22 17:20:11 CEST 2017]; root of context hierarchy
22-Apr-2017 17:20:11.438 INFOS [main] org.springframework.web.context.support.AnnotationConfigWebApplicationContext.loadBeanDefinitions Registering annotated classes: [class com.cevex.tuto.springmvc4.configuration.HelloWorldConfiguration]
22-Apr-2017 17:20:11.829 INFOS [main] org.springframework.web.servlet.mvc.method.annotation.RequestMappingHandlerMapping.registerHandlerMethod Mapped "{[/],methods=[GET],params=[],headers=[],consumes=[],produces=[],custom=[]}" onto public java.lang.String com.cevex.tuto.springmvc4.controller.HelloWorldController.sayHello(org.springframework.ui.ModelMap)
22-Apr-2017 17:20:11.829 INFOS [main] org.springframework.web.servlet.mvc.method.annotation.RequestMappingHandlerMapping.registerHandlerMethod Mapped "{[//helloagain],methods=[GET],params=[],headers=[],consumes=[],produces=[],custom=[]}" onto public java.lang.String com.cevex.tuto.springmvc4.controller.HelloWorldController.sayHelloAgain(org.springframework.ui.ModelMap)
22-Apr-2017 17:20:11.901 INFOS [main] org.springframework.web.context.ContextLoader.initWebApplicationContext Root WebApplicationContext: initialization completed in 554 ms
22-Apr-2017 17:20:11.915 INFOS [main] org.springframework.web.servlet.DispatcherServlet.initServletBean FrameworkServlet 'dispatcher': initialization started
22-Apr-2017 17:20:11.918 INFOS [main] org.springframework.web.context.support.AnnotationConfigWebApplicationContext.prepareRefresh Refreshing WebApplicationContext for namespace 'dispatcher-servlet': startup date [Sat Apr 22 17:20:11 CEST 2017]; parent: Root WebApplicationContext
22-Apr-2017 17:20:11.941 INFOS [main] org.springframework.web.servlet.DispatcherServlet.initServletBean FrameworkServlet 'dispatcher': initialization completed in 26 ms
22-Apr-2017 17:20:11.948 INFOS [main] org.apache.catalina.startup.HostConfig.deployWAR Deployment of web application archive [/home/cedric/workspace/environement/server/apache-tomcat-9.0.0.M20/webapps/SpringMVC4Tutorial.war] has finished in [1 252] ms
22-Apr-2017 17:20:11.948 INFOS [main] org.apache.catalina.startup.HostConfig.deployDirectory Déploiement du répertoire [/home/cedric/workspace/environement/server/apache-tomcat-9.0.0.M20/webapps/manager] de l'application web
22-Apr-2017 17:20:11.975 INFOS [main] org.apache.catalina.startup.HostConfig.deployDirectory Deployment of web application directory [/home/cedric/workspace/environement/server/apache-tomcat-9.0.0.M20/webapps/manager] has finished in [27] ms
22-Apr-2017 17:20:11.975 INFOS [main] org.apache.catalina.startup.HostConfig.deployDirectory Déploiement du répertoire [/home/cedric/workspace/environement/server/apache-tomcat-9.0.0.M20/webapps/ROOT] de l'application web
22-Apr-2017 17:20:11.989 INFOS [main] org.apache.catalina.startup.HostConfig.deployDirectory Deployment of web application directory [/home/cedric/workspace/environement/server/apache-tomcat-9.0.0.M20/webapps/ROOT] has finished in [14] ms
22-Apr-2017 17:20:11.989 INFOS [main] org.apache.catalina.startup.HostConfig.deployDirectory Déploiement du répertoire [/home/cedric/workspace/environement/server/apache-tomcat-9.0.0.M20/webapps/examples] de l'application web
22-Apr-2017 17:20:12.122 INFOS [main] org.apache.catalina.startup.HostConfig.deployDirectory Deployment of web application directory [/home/cedric/workspace/environement/server/apache-tomcat-9.0.0.M20/webapps/examples] has finished in [133] ms
22-Apr-2017 17:20:12.123 INFOS [main] org.apache.catalina.startup.HostConfig.deployDirectory Déploiement du répertoire [/home/cedric/workspace/environement/server/apache-tomcat-9.0.0.M20/webapps/docs] de l'application web
22-Apr-2017 17:20:12.133 INFOS [main] org.apache.catalina.startup.HostConfig.deployDirectory Deployment of web application directory [/home/cedric/workspace/environement/server/apache-tomcat-9.0.0.M20/webapps/docs] has finished in [10] ms
22-Apr-2017 17:20:12.134 INFOS [main] org.apache.catalina.startup.HostConfig.deployDirectory Déploiement du répertoire [/home/cedric/workspace/environement/server/apache-tomcat-9.0.0.M20/webapps/host-manager] de l'application web
22-Apr-2017 17:20:12.146 INFOS [main] org.apache.catalina.startup.HostConfig.deployDirectory Deployment of web application directory [/home/cedric/workspace/environement/server/apache-tomcat-9.0.0.M20/webapps/host-manager] has finished in [12] ms
22-Apr-2017 17:20:12.149 INFOS [main] org.apache.coyote.AbstractProtocol.start Starting ProtocolHandler ["http-nio-8080"]
22-Apr-2017 17:20:12.159 INFOS [main] org.apache.coyote.AbstractProtocol.start Starting ProtocolHandler ["ajp-nio-8009"]
22-Apr-2017 17:20:12.160 INFOS [main] org.apache.catalina.startup.Catalina.start Server startup in 1503 ms
22-Apr-2017 17:20:32.814 INFOS [http-nio-8080-exec-2] org.apache.coyote.http11.Http11Processor.service Error parsing HTTP request header
 Note: further occurrences of HTTP header parsing errors will be logged at DEBUG level.
 java.lang.IllegalArgumentException: Invalid character found in method name. HTTP method names must be tokens
	at org.apache.coyote.http11.Http11InputBuffer.parseRequestLine(Http11InputBuffer.java:408)
	at org.apache.coyote.http11.Http11Processor.service(Http11Processor.java:380)
	at org.apache.coyote.AbstractProcessorLight.process(AbstractProcessorLight.java:66)
	at org.apache.coyote.AbstractProtocol$ConnectionHandler.process(AbstractProtocol.java:796)
	at org.apache.tomcat.util.net.NioEndpoint$SocketProcessor.doRun(NioEndpoint.java:1368)
	at org.apache.tomcat.util.net.SocketProcessorBase.run(SocketProcessorBase.java:49)
	at java.util.concurrent.ThreadPoolExecutor.runWorker(ThreadPoolExecutor.java:1142)
	at java.util.concurrent.ThreadPoolExecutor$Worker.run(ThreadPoolExecutor.java:617)
	at org.apache.tomcat.util.threads.TaskThread$WrappingRunnable.run(TaskThread.java:61)
	at java.lang.Thread.run(Thread.java:745)

22-Apr-2017 17:20:32.814 INFOS [http-nio-8080-exec-1] org.apache.coyote.http11.Http11Processor.service Error parsing HTTP request header
 Note: further occurrences of HTTP header parsing errors will be logged at DEBUG level.
 java.lang.IllegalArgumentException: Invalid character found in method name. HTTP method names must be tokens
	at org.apache.coyote.http11.Http11InputBuffer.parseRequestLine(Http11InputBuffer.java:408)
	at org.apache.coyote.http11.Http11Processor.service(Http11Processor.java:380)
	at org.apache.coyote.AbstractProcessorLight.process(AbstractProcessorLight.java:66)
	at org.apache.coyote.AbstractProtocol$ConnectionHandler.process(AbstractProtocol.java:796)
	at org.apache.tomcat.util.net.NioEndpoint$SocketProcessor.doRun(NioEndpoint.java:1368)
	at org.apache.tomcat.util.net.SocketProcessorBase.run(SocketProcessorBase.java:49)
	at java.util.concurrent.ThreadPoolExecutor.runWorker(ThreadPoolExecutor.java:1142)
	at java.util.concurrent.ThreadPoolExecutor$Worker.run(ThreadPoolExecutor.java:617)
	at org.apache.tomcat.util.threads.TaskThread$WrappingRunnable.run(TaskThread.java:61)
	at java.lang.Thread.run(Thread.java:745)

22-Apr-2017 17:23:54.866 INFOS [Thread-5] org.apache.coyote.AbstractProtocol.pause Pausing ProtocolHandler ["http-nio-8080"]
22-Apr-2017 17:23:54.919 INFOS [Thread-5] org.apache.coyote.AbstractProtocol.pause Pausing ProtocolHandler ["ajp-nio-8009"]
22-Apr-2017 17:23:54.970 INFOS [Thread-5] org.apache.catalina.core.StandardService.stopInternal Arrêt du service [Catalina]
22-Apr-2017 17:23:54.987 INFOS [Thread-5] org.springframework.web.context.support.AnnotationConfigWebApplicationContext.doClose Closing WebApplicationContext for namespace 'dispatcher-servlet': startup date [Sat Apr 22 17:20:11 CEST 2017]; parent: Root WebApplicationContext
22-Apr-2017 17:23:54.987 INFOS [Thread-5] org.springframework.web.context.support.AnnotationConfigWebApplicationContext.doClose Closing Root WebApplicationContext: startup date [Sat Apr 22 17:20:11 CEST 2017]; root of context hierarchy
22-Apr-2017 17:23:54.995 INFOS [Thread-5] org.apache.coyote.AbstractProtocol.stop Stopping ProtocolHandler ["http-nio-8080"]
22-Apr-2017 17:23:54.997 INFOS [Thread-5] org.apache.coyote.AbstractProtocol.stop Stopping ProtocolHandler ["ajp-nio-8009"]
22-Apr-2017 17:23:54.998 INFOS [Thread-5] org.apache.coyote.AbstractProtocol.destroy Destroying ProtocolHandler ["http-nio-8080"]
22-Apr-2017 17:23:54.998 INFOS [Thread-5] org.apache.coyote.AbstractProtocol.destroy Destroying ProtocolHandler ["ajp-nio-8009"]
