22-Apr-2017 16:32:13.769 INFOS [main] org.apache.catalina.core.ApplicationContext.log ContextListener: contextInitialized()
22-Apr-2017 16:32:13.769 INFOS [main] org.apache.catalina.core.ApplicationContext.log SessionListener: contextInitialized()
22-Apr-2017 16:37:54.181 INFOS [ContainerBackgroundProcessor[StandardEngine[Catalina]]] org.apache.catalina.core.ApplicationContext.log No Spring WebApplicationInitializer types detected on classpath
22-Apr-2017 16:40:33.345 INFOS [main] org.apache.catalina.core.ApplicationContext.log SessionListener: contextDestroyed()
22-Apr-2017 16:40:33.345 INFOS [main] org.apache.catalina.core.ApplicationContext.log ContextListener: contextDestroyed()
22-Apr-2017 17:01:11.311 INFOS [main] org.apache.catalina.core.ApplicationContext.log ContextListener: contextInitialized()
22-Apr-2017 17:01:11.311 INFOS [main] org.apache.catalina.core.ApplicationContext.log SessionListener: contextInitialized()
22-Apr-2017 17:02:01.775 INFOS [ContainerBackgroundProcessor[StandardEngine[Catalina]]] org.apache.catalina.core.ApplicationContext.log Spring WebApplicationInitializers detected on classpath: [com.cevex.springmvc4.tuto.configuration.HelloWorldInitializer@70898fe6]
22-Apr-2017 17:02:01.805 INFOS [ContainerBackgroundProcessor[StandardEngine[Catalina]]] org.apache.catalina.core.ApplicationContext.log Initializing Spring root WebApplicationContext
22-Apr-2017 17:02:02.318 INFOS [ContainerBackgroundProcessor[StandardEngine[Catalina]]] org.apache.catalina.core.ApplicationContext.log Initializing Spring FrameworkServlet 'dispatcher'
22-Apr-2017 17:06:42.372 INFOS [ContainerBackgroundProcessor[StandardEngine[Catalina]]] org.apache.catalina.core.ApplicationContext.log Destroying Spring FrameworkServlet 'dispatcher'
22-Apr-2017 17:06:42.373 INFOS [ContainerBackgroundProcessor[StandardEngine[Catalina]]] org.apache.catalina.core.ApplicationContext.log Closing Spring root WebApplicationContext
22-Apr-2017 17:06:42.738 INFOS [ContainerBackgroundProcessor[StandardEngine[Catalina]]] org.apache.catalina.core.ApplicationContext.log Spring WebApplicationInitializers detected on classpath: [com.cevex.tuto.springmvc4.configuration.HelloWorldInitializer@6d7e5d14]
22-Apr-2017 17:06:42.776 INFOS [ContainerBackgroundProcessor[StandardEngine[Catalina]]] org.apache.catalina.core.ApplicationContext.log Initializing Spring root WebApplicationContext
22-Apr-2017 17:06:43.379 INFOS [ContainerBackgroundProcessor[StandardEngine[Catalina]]] org.apache.catalina.core.ApplicationContext.log Initializing Spring FrameworkServlet 'dispatcher'
22-Apr-2017 17:11:47.546 INFOS [Thread-5] org.apache.catalina.core.ApplicationContext.log SessionListener: contextDestroyed()
22-Apr-2017 17:11:47.546 INFOS [Thread-5] org.apache.catalina.core.ApplicationContext.log ContextListener: contextDestroyed()
22-Apr-2017 17:11:47.550 INFOS [Thread-5] org.apache.catalina.core.ApplicationContext.log Destroying Spring FrameworkServlet 'dispatcher'
22-Apr-2017 17:11:47.552 INFOS [Thread-5] org.apache.catalina.core.ApplicationContext.log Closing Spring root WebApplicationContext
22-Apr-2017 17:14:21.353 INFOS [main] org.apache.catalina.core.ApplicationContext.log Spring WebApplicationInitializers detected on classpath: [com.cevex.tuto.springmvc4.configuration.HelloWorldInitializer@2ab0702e]
22-Apr-2017 17:14:21.385 INFOS [main] org.apache.catalina.core.ApplicationContext.log Initializing Spring root WebApplicationContext
22-Apr-2017 17:14:21.940 INFOS [main] org.apache.catalina.core.ApplicationContext.log Initializing Spring FrameworkServlet 'dispatcher'
22-Apr-2017 17:14:22.081 INFOS [main] org.apache.catalina.core.ApplicationContext.log ContextListener: contextInitialized()
22-Apr-2017 17:14:22.081 INFOS [main] org.apache.catalina.core.ApplicationContext.log SessionListener: contextInitialized()
22-Apr-2017 17:15:22.612 INFOS [ContainerBackgroundProcessor[StandardEngine[Catalina]]] org.apache.catalina.core.ApplicationContext.log Destroying Spring FrameworkServlet 'dispatcher'
22-Apr-2017 17:15:22.613 INFOS [ContainerBackgroundProcessor[StandardEngine[Catalina]]] org.apache.catalina.core.ApplicationContext.log Closing Spring root WebApplicationContext
22-Apr-2017 17:15:22.614 GRAVE [ContainerBackgroundProcessor[StandardEngine[Catalina]]] org.apache.catalina.core.StandardContext.listenerStop Exception lors de l'envoi de l'évènement contexte détruit (context destroyed) à l'instance de classe d'écoute [org.springframework.web.context.ContextLoaderListener]
 java.lang.IllegalStateException: java.io.FileNotFoundException: /home/cedric/workspace/environement/server/apache-tomcat-9.0.0.M20/webapps/Spring4MVCHelloWorldNoXMLDemo/WEB-INF/lib/jstl-1.2.jar (Aucun fichier ou dossier de ce type)
	at org.apache.catalina.webresources.AbstractSingleArchiveResourceSet.getArchiveEntry(AbstractSingleArchiveResourceSet.java:97)
	at org.apache.catalina.webresources.AbstractArchiveResourceSet.getResource(AbstractArchiveResourceSet.java:260)
	at org.apache.catalina.webresources.StandardRoot.getResourceInternal(StandardRoot.java:281)
	at org.apache.catalina.webresources.Cache.getResource(Cache.java:62)
	at org.apache.catalina.webresources.StandardRoot.getResource(StandardRoot.java:216)
	at org.apache.catalina.webresources.StandardRoot.getClassLoaderResource(StandardRoot.java:225)
	at org.apache.catalina.loader.WebappClassLoaderBase.findClassInternal(WebappClassLoaderBase.java:2157)
	at org.apache.catalina.loader.WebappClassLoaderBase.findClass(WebappClassLoaderBase.java:803)
	at org.apache.catalina.loader.WebappClassLoaderBase.loadClass(WebappClassLoaderBase.java:1244)
	at org.apache.catalina.loader.WebappClassLoaderBase.loadClass(WebappClassLoaderBase.java:1109)
	at org.springframework.web.context.ContextLoaderListener.contextDestroyed(ContextLoaderListener.java:116)
	at org.apache.catalina.core.StandardContext.listenerStop(StandardContext.java:4779)
	at org.apache.catalina.core.StandardContext.stopInternal(StandardContext.java:5418)
	at org.apache.catalina.util.LifecycleBase.stop(LifecycleBase.java:257)
	at org.apache.catalina.core.ContainerBase.removeChild(ContainerBase.java:843)
	at org.apache.catalina.startup.HostConfig.undeploy(HostConfig.java:1400)
	at org.apache.catalina.startup.HostConfig.checkResources(HostConfig.java:1326)
	at org.apache.catalina.startup.HostConfig.check(HostConfig.java:1586)
	at org.apache.catalina.startup.HostConfig.lifecycleEvent(HostConfig.java:280)
	at org.apache.catalina.util.LifecycleBase.fireLifecycleEvent(LifecycleBase.java:123)
	at org.apache.catalina.core.ContainerBase.backgroundProcess(ContainerBase.java:1184)
	at org.apache.catalina.core.ContainerBase$ContainerBackgroundProcessor.processChildren(ContainerBase.java:1408)
	at org.apache.catalina.core.ContainerBase$ContainerBackgroundProcessor.processChildren(ContainerBase.java:1412)
	at org.apache.catalina.core.ContainerBase$ContainerBackgroundProcessor.run(ContainerBase.java:1380)
	at java.lang.Thread.run(Thread.java:745)
Caused by: java.io.FileNotFoundException: /home/cedric/workspace/environement/server/apache-tomcat-9.0.0.M20/webapps/Spring4MVCHelloWorldNoXMLDemo/WEB-INF/lib/jstl-1.2.jar (Aucun fichier ou dossier de ce type)
	at java.util.zip.ZipFile.open(Native Method)
	at java.util.zip.ZipFile.<init>(ZipFile.java:219)
	at java.util.zip.ZipFile.<init>(ZipFile.java:149)
	at java.util.jar.JarFile.<init>(JarFile.java:166)
	at java.util.jar.JarFile.<init>(JarFile.java:103)
	at org.apache.catalina.webresources.AbstractArchiveResourceSet.openJarFile(AbstractArchiveResourceSet.java:308)
	at org.apache.catalina.webresources.AbstractSingleArchiveResourceSet.getArchiveEntry(AbstractSingleArchiveResourceSet.java:93)
	... 24 more

22-Apr-2017 17:17:02.915 INFOS [ContainerBackgroundProcessor[StandardEngine[Catalina]]] org.apache.catalina.core.ApplicationContext.log Spring WebApplicationInitializers detected on classpath: [com.cevex.tuto.springmvc4.configuration.HelloWorldInitializer@3cc9179]
22-Apr-2017 17:17:02.942 INFOS [ContainerBackgroundProcessor[StandardEngine[Catalina]]] org.apache.catalina.core.ApplicationContext.log Initializing Spring root WebApplicationContext
22-Apr-2017 17:17:03.366 INFOS [ContainerBackgroundProcessor[StandardEngine[Catalina]]] org.apache.catalina.core.ApplicationContext.log Initializing Spring FrameworkServlet 'dispatcher'
22-Apr-2017 17:19:00.769 INFOS [main] org.apache.catalina.core.ApplicationContext.log Spring WebApplicationInitializers detected on classpath: [com.cevex.tuto.springmvc4.configuration.HelloWorldInitializer@3ee69ad8]
22-Apr-2017 17:19:00.801 INFOS [main] org.apache.catalina.core.ApplicationContext.log Initializing Spring root WebApplicationContext
22-Apr-2017 17:19:01.431 INFOS [main] org.apache.catalina.core.ApplicationContext.log Initializing Spring FrameworkServlet 'dispatcher'
22-Apr-2017 17:19:01.621 INFOS [main] org.apache.catalina.core.ApplicationContext.log ContextListener: contextInitialized()
22-Apr-2017 17:19:01.621 INFOS [main] org.apache.catalina.core.ApplicationContext.log SessionListener: contextInitialized()
22-Apr-2017 17:19:01.654 INFOS [main] org.apache.catalina.core.ApplicationContext.log SessionListener: contextDestroyed()
22-Apr-2017 17:19:01.654 INFOS [main] org.apache.catalina.core.ApplicationContext.log ContextListener: contextDestroyed()
22-Apr-2017 17:19:01.658 INFOS [main] org.apache.catalina.core.ApplicationContext.log Destroying Spring FrameworkServlet 'dispatcher'
22-Apr-2017 17:19:01.658 INFOS [main] org.apache.catalina.core.ApplicationContext.log Closing Spring root WebApplicationContext
22-Apr-2017 17:19:05.472 INFOS [main] org.apache.catalina.core.ApplicationContext.log SessionListener: contextDestroyed()
22-Apr-2017 17:19:05.472 INFOS [main] org.apache.catalina.core.ApplicationContext.log ContextListener: contextDestroyed()
22-Apr-2017 17:19:05.477 INFOS [main] org.apache.catalina.core.ApplicationContext.log Destroying Spring FrameworkServlet 'dispatcher'
22-Apr-2017 17:19:05.479 INFOS [main] org.apache.catalina.core.ApplicationContext.log Closing Spring root WebApplicationContext
22-Apr-2017 17:19:10.614 INFOS [main] org.apache.catalina.core.ApplicationContext.log Spring WebApplicationInitializers detected on classpath: [com.cevex.tuto.springmvc4.configuration.HelloWorldInitializer@319c3a25]
22-Apr-2017 17:19:10.646 INFOS [main] org.apache.catalina.core.ApplicationContext.log Initializing Spring root WebApplicationContext
22-Apr-2017 17:19:11.235 INFOS [main] org.apache.catalina.core.ApplicationContext.log Initializing Spring FrameworkServlet 'dispatcher'
22-Apr-2017 17:19:11.375 INFOS [main] org.apache.catalina.core.ApplicationContext.log ContextListener: contextInitialized()
22-Apr-2017 17:19:11.375 INFOS [main] org.apache.catalina.core.ApplicationContext.log SessionListener: contextInitialized()
22-Apr-2017 17:19:47.928 INFOS [main] org.apache.catalina.core.ApplicationContext.log SessionListener: contextDestroyed()
22-Apr-2017 17:19:47.928 INFOS [main] org.apache.catalina.core.ApplicationContext.log ContextListener: contextDestroyed()
22-Apr-2017 17:19:47.932 INFOS [main] org.apache.catalina.core.ApplicationContext.log Destroying Spring FrameworkServlet 'dispatcher'
22-Apr-2017 17:19:47.932 INFOS [main] org.apache.catalina.core.ApplicationContext.log Closing Spring root WebApplicationContext
22-Apr-2017 17:20:11.316 INFOS [main] org.apache.catalina.core.ApplicationContext.log Spring WebApplicationInitializers detected on classpath: [com.cevex.tuto.springmvc4.configuration.HelloWorldInitializer@319c3a25]
22-Apr-2017 17:20:11.347 INFOS [main] org.apache.catalina.core.ApplicationContext.log Initializing Spring root WebApplicationContext
22-Apr-2017 17:20:11.915 INFOS [main] org.apache.catalina.core.ApplicationContext.log Initializing Spring FrameworkServlet 'dispatcher'
22-Apr-2017 17:20:12.117 INFOS [main] org.apache.catalina.core.ApplicationContext.log ContextListener: contextInitialized()
22-Apr-2017 17:20:12.117 INFOS [main] org.apache.catalina.core.ApplicationContext.log SessionListener: contextInitialized()
22-Apr-2017 17:23:54.981 INFOS [Thread-5] org.apache.catalina.core.ApplicationContext.log SessionListener: contextDestroyed()
22-Apr-2017 17:23:54.981 INFOS [Thread-5] org.apache.catalina.core.ApplicationContext.log ContextListener: contextDestroyed()
22-Apr-2017 17:23:54.987 INFOS [Thread-5] org.apache.catalina.core.ApplicationContext.log Destroying Spring FrameworkServlet 'dispatcher'
22-Apr-2017 17:23:54.987 INFOS [Thread-5] org.apache.catalina.core.ApplicationContext.log Closing Spring root WebApplicationContext
